<?xml version="1.0" encoding="UTF-8"?>
<coverage generated="1754075188616" clover="3.2.0">
  <project timestamp="1754075188616" name="All files">
    <metrics statements="1834" coveredstatements="1707" conditionals="206" coveredconditionals="173" methods="54" coveredmethods="44" elements="2094" coveredelements="1924" complexity="0" loc="1834" ncloc="1834" packages="6" files="23" classes="23"/>
    <package name="dashboard">
      <metrics statements="58" coveredstatements="0" conditionals="3" coveredconditionals="0" methods="3" coveredmethods="0"/>
      <file name="postcss.config.js" path="/home/artur/PycharmProjects/b2v_UoP_kalkulator/src/dashboard/postcss.config.js">
        <metrics statements="6" coveredstatements="0" conditionals="1" coveredconditionals="0" methods="1" coveredmethods="0"/>
        <line num="1" count="0" type="cond" truecount="0" falsecount="1"/>
        <line num="2" count="0" type="stmt"/>
        <line num="3" count="0" type="stmt"/>
        <line num="4" count="0" type="stmt"/>
        <line num="5" count="0" type="stmt"/>
        <line num="6" count="0" type="stmt"/>
      </file>
      <file name="tailwind.config.js" path="/home/artur/PycharmProjects/b2v_UoP_kalkulator/src/dashboard/tailwind.config.js">
        <metrics statements="22" coveredstatements="0" conditionals="1" coveredconditionals="0" methods="1" coveredmethods="0"/>
        <line num="1" count="0" type="cond" truecount="0" falsecount="1"/>
        <line num="2" count="0" type="stmt"/>
        <line num="3" count="0" type="stmt"/>
        <line num="4" count="0" type="stmt"/>
        <line num="5" count="0" type="stmt"/>
        <line num="6" count="0" type="stmt"/>
        <line num="7" count="0" type="stmt"/>
        <line num="8" count="0" type="stmt"/>
        <line num="9" count="0" type="stmt"/>
        <line num="10" count="0" type="stmt"/>
        <line num="11" count="0" type="stmt"/>
        <line num="12" count="0" type="stmt"/>
        <line num="13" count="0" type="stmt"/>
        <line num="14" count="0" type="stmt"/>
        <line num="15" count="0" type="stmt"/>
        <line num="16" count="0" type="stmt"/>
        <line num="17" count="0" type="stmt"/>
        <line num="18" count="0" type="stmt"/>
        <line num="19" count="0" type="stmt"/>
        <line num="20" count="0" type="stmt"/>
        <line num="21" count="0" type="stmt"/>
        <line num="22" count="0" type="stmt"/>
      </file>
      <file name="vite.config.js" path="/home/artur/PycharmProjects/b2v_UoP_kalkulator/src/dashboard/vite.config.js">
        <metrics statements="30" coveredstatements="0" conditionals="1" coveredconditionals="0" methods="1" coveredmethods="0"/>
        <line num="1" count="0" type="cond" truecount="0" falsecount="1"/>
        <line num="2" count="0" type="stmt"/>
        <line num="3" count="0" type="stmt"/>
        <line num="4" count="0" type="stmt"/>
        <line num="5" count="0" type="stmt"/>
        <line num="6" count="0" type="stmt"/>
        <line num="7" count="0" type="stmt"/>
        <line num="8" count="0" type="stmt"/>
        <line num="9" count="0" type="stmt"/>
        <line num="10" count="0" type="stmt"/>
        <line num="11" count="0" type="stmt"/>
        <line num="12" count="0" type="stmt"/>
        <line num="13" count="0" type="stmt"/>
        <line num="14" count="0" type="stmt"/>
        <line num="15" count="0" type="stmt"/>
        <line num="16" count="0" type="stmt"/>
        <line num="17" count="0" type="stmt"/>
        <line num="18" count="0" type="stmt"/>
        <line num="19" count="0" type="stmt"/>
        <line num="20" count="0" type="stmt"/>
        <line num="21" count="0" type="stmt"/>
        <line num="22" count="0" type="stmt"/>
        <line num="23" count="0" type="stmt"/>
        <line num="24" count="0" type="stmt"/>
        <line num="25" count="0" type="stmt"/>
        <line num="26" count="0" type="stmt"/>
        <line num="27" count="0" type="stmt"/>
        <line num="28" count="0" type="stmt"/>
        <line num="29" count="0" type="stmt"/>
        <line num="30" count="0" type="stmt"/>
      </file>
    </package>
    <package name="dashboard.src">
      <metrics statements="319" coveredstatements="304" conditionals="55" coveredconditionals="41" methods="10" coveredmethods="8"/>
      <file name="App.jsx" path="/home/artur/PycharmProjects/b2v_UoP_kalkulator/src/dashboard/src/App.jsx">
        <metrics statements="291" coveredstatements="276" conditionals="55" coveredconditionals="41" methods="10" coveredmethods="8"/>
        <line num="1" count="1" type="stmt"/>
        <line num="2" count="1" type="stmt"/>
        <line num="3" count="1" type="stmt"/>
        <line num="4" count="1" type="stmt"/>
        <line num="5" count="1" type="stmt"/>
        <line num="6" count="1" type="stmt"/>
        <line num="7" count="1" type="stmt"/>
        <line num="8" count="1" type="stmt"/>
        <line num="9" count="1" type="stmt"/>
        <line num="10" count="1" type="stmt"/>
        <line num="11" count="1" type="stmt"/>
        <line num="12" count="1" type="stmt"/>
        <line num="13" count="1" type="stmt"/>
        <line num="14" count="1" type="stmt"/>
        <line num="16" count="1" type="cond" truecount="1" falsecount="0"/>
        <line num="17" count="27" type="stmt"/>
        <line num="18" count="27" type="cond" truecount="1" falsecount="0"/>
        <line num="19" count="189" type="stmt"/>
        <line num="20" count="189" type="stmt"/>
        <line num="21" count="189" type="cond" truecount="2" falsecount="0"/>
        <line num="22" count="159" type="stmt"/>
        <line num="23" count="159" type="stmt"/>
        <line num="24" count="159" type="cond" truecount="1" falsecount="0"/>
        <line num="25" count="27" type="stmt"/>
        <line num="26" count="27" type="stmt"/>
        <line num="27" count="159" type="cond" truecount="1" falsecount="0"/>
        <line num="28" count="132" type="stmt"/>
        <line num="29" count="132" type="stmt"/>
        <line num="30" count="159" type="stmt"/>
        <line num="31" count="159" type="stmt"/>
        <line num="32" count="189" type="stmt"/>
        <line num="33" count="27" type="stmt"/>
        <line num="34" count="27" type="stmt"/>
        <line num="36" count="69" type="cond" truecount="1" falsecount="0"/>
        <line num="37" count="69" type="stmt"/>
        <line num="38" count="69" type="stmt"/>
        <line num="39" count="69" type="stmt"/>
        <line num="41" count="69" type="stmt"/>
        <line num="42" count="69" type="stmt"/>
        <line num="43" count="69" type="stmt"/>
        <line num="44" count="69" type="stmt"/>
        <line num="45" count="69" type="stmt"/>
        <line num="46" count="69" type="stmt"/>
        <line num="47" count="69" type="stmt"/>
        <line num="48" count="69" type="stmt"/>
        <line num="49" count="69" type="stmt"/>
        <line num="50" count="69" type="stmt"/>
        <line num="51" count="69" type="stmt"/>
        <line num="52" count="69" type="stmt"/>
        <line num="53" count="69" type="stmt"/>
        <line num="54" count="69" type="stmt"/>
        <line num="55" count="69" type="stmt"/>
        <line num="56" count="69" type="stmt"/>
        <line num="57" count="69" type="stmt"/>
        <line num="58" count="69" type="stmt"/>
        <line num="59" count="69" type="stmt"/>
        <line num="60" count="69" type="stmt"/>
        <line num="61" count="69" type="stmt"/>
        <line num="62" count="69" type="stmt"/>
        <line num="64" count="69" type="stmt"/>
        <line num="66" count="69" type="stmt"/>
        <line num="67" count="69" type="stmt"/>
        <line num="68" count="69" type="stmt"/>
        <line num="69" count="69" type="stmt"/>
        <line num="70" count="69" type="stmt"/>
        <line num="72" count="69" type="stmt"/>
        <line num="73" count="69" type="stmt"/>
        <line num="74" count="69" type="stmt"/>
        <line num="75" count="69" type="stmt"/>
        <line num="76" count="69" type="stmt"/>
        <line num="77" count="69" type="stmt"/>
        <line num="78" count="69" type="stmt"/>
        <line num="80" count="69" type="stmt"/>
        <line num="81" count="69" type="stmt"/>
        <line num="82" count="69" type="stmt"/>
        <line num="84" count="69" type="stmt"/>
        <line num="85" count="69" type="stmt"/>
        <line num="86" count="69" type="stmt"/>
        <line num="87" count="69" type="stmt"/>
        <line num="88" count="69" type="stmt"/>
        <line num="89" count="69" type="stmt"/>
        <line num="91" count="69" type="cond" truecount="1" falsecount="0"/>
        <line num="92" count="3" type="stmt"/>
        <line num="94" count="3" type="cond" truecount="0" falsecount="1"/>
        <line num="95" count="0" type="stmt"/>
        <line num="96" count="3" type="cond" truecount="1" falsecount="0"/>
        <line num="97" count="2" type="stmt"/>
        <line num="98" count="2" type="cond" truecount="1" falsecount="0"/>
        <line num="99" count="2" type="stmt"/>
        <line num="100" count="2" type="stmt"/>
        <line num="101" count="2" type="stmt"/>
        <line num="102" count="2" type="stmt"/>
        <line num="103" count="2" type="stmt"/>
        <line num="104" count="2" type="cond" truecount="2" falsecount="0"/>
        <line num="105" count="2" type="stmt"/>
        <line num="106" count="2" type="stmt"/>
        <line num="107" count="2" type="stmt"/>
        <line num="108" count="3" type="cond" truecount="1" falsecount="0"/>
        <line num="109" count="1" type="cond" truecount="1" falsecount="0"/>
        <line num="110" count="1" type="stmt"/>
        <line num="111" count="1" type="cond" truecount="0" falsecount="1"/>
        <line num="112" count="1" type="stmt"/>
        <line num="113" count="1" type="stmt"/>
        <line num="114" count="3" type="stmt"/>
        <line num="116" count="69" type="cond" truecount="1" falsecount="0"/>
        <line num="117" count="3" type="stmt"/>
        <line num="119" count="3" type="cond" truecount="0" falsecount="1"/>
        <line num="120" count="0" type="stmt"/>
        <line num="121" count="0" type="stmt"/>
        <line num="122" count="0" type="stmt"/>
        <line num="123" count="0" type="stmt"/>
        <line num="124" count="0" type="stmt"/>
        <line num="125" count="0" type="stmt"/>
        <line num="126" count="3" type="cond" truecount="1" falsecount="0"/>
        <line num="127" count="2" type="stmt"/>
        <line num="128" count="2" type="cond" truecount="1" falsecount="0"/>
        <line num="129" count="2" type="stmt"/>
        <line num="130" count="2" type="stmt"/>
        <line num="131" count="2" type="stmt"/>
        <line num="132" count="2" type="stmt"/>
        <line num="133" count="2" type="stmt"/>
        <line num="134" count="2" type="stmt"/>
        <line num="135" count="3" type="cond" truecount="1" falsecount="0"/>
        <line num="136" count="1" type="cond" truecount="1" falsecount="0"/>
        <line num="137" count="1" type="stmt"/>
        <line num="138" count="1" type="cond" truecount="0" falsecount="1"/>
        <line num="139" count="1" type="stmt"/>
        <line num="140" count="1" type="stmt"/>
        <line num="141" count="3" type="stmt"/>
        <line num="143" count="69" type="stmt"/>
        <line num="144" count="0" type="stmt"/>
        <line num="145" count="0" type="stmt"/>
        <line num="146" count="0" type="stmt"/>
        <line num="147" count="0" type="stmt"/>
        <line num="148" count="0" type="stmt"/>
        <line num="149" count="0" type="stmt"/>
        <line num="151" count="69" type="cond" truecount="1" falsecount="0"/>
        <line num="152" count="25" type="stmt"/>
        <line num="153" count="25" type="stmt"/>
        <line num="154" count="25" type="stmt"/>
        <line num="155" count="25" type="stmt"/>
        <line num="157" count="25" type="cond" truecount="1" falsecount="0"/>
        <line num="158" count="25" type="stmt"/>
        <line num="159" count="25" type="stmt"/>
        <line num="160" count="25" type="stmt"/>
        <line num="161" count="69" type="stmt"/>
        <line num="163" count="69" type="stmt"/>
        <line num="164" count="0" type="stmt"/>
        <line num="165" count="0" type="stmt"/>
        <line num="167" count="69" type="cond" truecount="1" falsecount="0"/>
        <line num="168" count="10" type="stmt"/>
        <line num="169" count="10" type="stmt"/>
        <line num="170" count="10" type="stmt"/>
        <line num="171" count="10" type="stmt"/>
        <line num="172" count="10" type="cond" truecount="1" falsecount="0"/>
        <line num="173" count="10" type="cond" truecount="1" falsecount="0"/>
        <line num="174" count="7" type="cond" truecount="1" falsecount="0"/>
        <line num="175" count="7" type="stmt"/>
        <line num="176" count="7" type="stmt"/>
        <line num="177" count="7" type="stmt"/>
        <line num="178" count="7" type="cond" truecount="1" falsecount="0"/>
        <line num="179" count="8" type="stmt"/>
        <line num="180" count="8" type="stmt"/>
        <line num="181" count="10" type="cond" truecount="1" falsecount="0"/>
        <line num="182" count="2" type="stmt"/>
        <line num="183" count="2" type="stmt"/>
        <line num="185" count="10" type="stmt"/>
        <line num="186" count="10" type="stmt"/>
        <line num="187" count="10" type="stmt"/>
        <line num="188" count="10" type="stmt"/>
        <line num="190" count="69" type="cond" truecount="1" falsecount="0"/>
        <line num="191" count="2" type="cond" truecount="0" falsecount="1"/>
        <line num="192" count="2" type="stmt"/>
        <line num="193" count="2" type="stmt"/>
        <line num="194" count="2" type="stmt"/>
        <line num="195" count="2" type="stmt"/>
        <line num="196" count="2" type="stmt"/>
        <line num="197" count="2" type="stmt"/>
        <line num="198" count="2" type="stmt"/>
        <line num="199" count="2" type="stmt"/>
        <line num="200" count="2" type="stmt"/>
        <line num="201" count="2" type="stmt"/>
        <line num="202" count="2" type="cond" truecount="1" falsecount="0"/>
        <line num="203" count="1" type="stmt"/>
        <line num="204" count="1" type="stmt"/>
        <line num="205" count="1" type="stmt"/>
        <line num="206" count="1" type="stmt"/>
        <line num="207" count="1" type="stmt"/>
        <line num="208" count="2" type="stmt"/>
        <line num="210" count="69" type="cond" truecount="1" falsecount="0"/>
        <line num="211" count="2" type="stmt"/>
        <line num="212" count="2" type="stmt"/>
        <line num="213" count="2" type="cond" truecount="1" falsecount="0"/>
        <line num="214" count="1" type="stmt"/>
        <line num="215" count="1" type="stmt"/>
        <line num="217" count="1" type="stmt"/>
        <line num="218" count="1" type="stmt"/>
        <line num="219" count="1" type="stmt"/>
        <line num="220" count="2" type="stmt"/>
        <line num="222" count="69" type="cond" truecount="1" falsecount="0"/>
        <line num="223" count="2" type="cond" truecount="0" falsecount="1"/>
        <line num="226" count="2" type="stmt"/>
        <line num="227" count="2" type="cond" truecount="0" falsecount="1"/>
        <line num="228" count="2" type="cond" truecount="0" falsecount="1"/>
        <line num="229" count="2" type="cond" truecount="0" falsecount="1"/>
        <line num="230" count="2" type="cond" truecount="0" falsecount="1"/>
        <line num="231" count="2" type="cond" truecount="0" falsecount="1"/>
        <line num="232" count="2" type="cond" truecount="0" falsecount="1"/>
        <line num="233" count="2" type="stmt"/>
        <line num="236" count="2" type="stmt"/>
        <line num="237" count="2" type="stmt"/>
        <line num="238" count="2" type="stmt"/>
        <line num="239" count="2" type="stmt"/>
        <line num="240" count="2" type="cond" truecount="1" falsecount="0"/>
        <line num="241" count="2" type="cond" truecount="1" falsecount="0"/>
        <line num="242" count="12" type="stmt"/>
        <line num="243" count="12" type="stmt"/>
        <line num="244" count="12" type="cond" truecount="1" falsecount="0"/>
        <line num="245" count="2" type="cond" truecount="1" falsecount="0"/>
        <line num="246" count="10" type="stmt"/>
        <line num="248" count="12" type="stmt"/>
        <line num="249" count="12" type="stmt"/>
        <line num="250" count="12" type="stmt"/>
        <line num="251" count="12" type="stmt"/>
        <line num="252" count="12" type="cond" truecount="0" falsecount="1"/>
        <line num="253" count="12" type="cond" truecount="0" falsecount="1"/>
        <line num="254" count="12" type="stmt"/>
        <line num="255" count="2" type="stmt"/>
        <line num="256" count="2" type="stmt"/>
        <line num="259" count="2" type="stmt"/>
        <line num="260" count="2" type="stmt"/>
        <line num="261" count="2" type="stmt"/>
        <line num="262" count="2" type="stmt"/>
        <line num="263" count="2" type="stmt"/>
        <line num="264" count="2" type="stmt"/>
        <line num="265" count="2" type="stmt"/>
        <line num="266" count="2" type="stmt"/>
        <line num="267" count="2" type="stmt"/>
        <line num="268" count="2" type="stmt"/>
        <line num="270" count="2" type="cond" truecount="1" falsecount="0"/>
        <line num="271" count="1" type="stmt"/>
        <line num="272" count="1" type="stmt"/>
        <line num="273" count="1" type="stmt"/>
        <line num="274" count="1" type="stmt"/>
        <line num="275" count="1" type="stmt"/>
        <line num="276" count="2" type="stmt"/>
        <line num="278" count="69" type="stmt"/>
        <line num="279" count="69" type="stmt"/>
        <line num="280" count="69" type="stmt"/>
        <line num="281" count="69" type="stmt"/>
        <line num="282" count="69" type="stmt"/>
        <line num="283" count="69" type="stmt"/>
        <line num="284" count="69" type="stmt"/>
        <line num="285" count="69" type="stmt"/>
        <line num="286" count="69" type="stmt"/>
        <line num="287" count="69" type="stmt"/>
        <line num="288" count="69" type="stmt"/>
        <line num="289" count="69" type="stmt"/>
        <line num="290" count="69" type="stmt"/>
        <line num="291" count="69" type="stmt"/>
        <line num="292" count="69" type="stmt"/>
        <line num="293" count="69" type="stmt"/>
        <line num="294" count="69" type="stmt"/>
        <line num="295" count="69" type="stmt"/>
        <line num="297" count="69" type="cond" truecount="1" falsecount="0"/>
        <line num="298" count="69" type="cond" truecount="1" falsecount="0"/>
        <line num="300" count="69" type="cond" truecount="2" falsecount="0"/>
        <line num="301" count="15" type="stmt"/>
        <line num="302" count="15" type="stmt"/>
        <line num="303" count="15" type="stmt"/>
        <line num="304" count="15" type="stmt"/>
        <line num="305" count="15" type="stmt"/>
        <line num="306" count="15" type="stmt"/>
        <line num="307" count="15" type="stmt"/>
        <line num="308" count="15" type="stmt"/>
        <line num="309" count="15" type="stmt"/>
        <line num="310" count="15" type="stmt"/>
        <line num="311" count="15" type="stmt"/>
        <line num="312" count="15" type="stmt"/>
        <line num="313" count="15" type="stmt"/>
        <line num="314" count="15" type="stmt"/>
        <line num="315" count="15" type="stmt"/>
        <line num="316" count="15" type="stmt"/>
        <line num="317" count="15" type="stmt"/>
        <line num="318" count="15" type="stmt"/>
        <line num="319" count="15" type="stmt"/>
        <line num="321" count="69" type="stmt"/>
        <line num="322" count="69" type="stmt"/>
        <line num="323" count="69" type="stmt"/>
        <line num="325" count="69" type="stmt"/>
        <line num="327" count="1" type="stmt"/>
      </file>
      <file name="i18n.js" path="/home/artur/PycharmProjects/b2v_UoP_kalkulator/src/dashboard/src/i18n.js">
        <metrics statements="28" coveredstatements="28" conditionals="0" coveredconditionals="0" methods="0" coveredmethods="0"/>
        <line num="1" count="1" type="stmt"/>
        <line num="2" count="1" type="stmt"/>
        <line num="3" count="1" type="stmt"/>
        <line num="4" count="1" type="stmt"/>
        <line num="5" count="1" type="stmt"/>
        <line num="6" count="1" type="stmt"/>
        <line num="7" count="1" type="stmt"/>
        <line num="8" count="1" type="stmt"/>
        <line num="9" count="1" type="stmt"/>
        <line num="10" count="1" type="stmt"/>
        <line num="11" count="1" type="stmt"/>
        <line num="12" count="1" type="stmt"/>
        <line num="13" count="1" type="stmt"/>
        <line num="14" count="1" type="stmt"/>
        <line num="15" count="1" type="stmt"/>
        <line num="16" count="1" type="stmt"/>
        <line num="17" count="1" type="stmt"/>
        <line num="18" count="1" type="stmt"/>
        <line num="19" count="1" type="stmt"/>
        <line num="20" count="1" type="stmt"/>
        <line num="21" count="1" type="stmt"/>
        <line num="22" count="1" type="stmt"/>
        <line num="23" count="1" type="stmt"/>
        <line num="24" count="1" type="stmt"/>
        <line num="25" count="1" type="stmt"/>
        <line num="26" count="1" type="stmt"/>
        <line num="27" count="1" type="stmt"/>
        <line num="28" count="1" type="stmt"/>
      </file>
    </package>
    <package name="dashboard.src.components">
      <metrics statements="1273" coveredstatements="1219" conditionals="132" coveredconditionals="117" methods="32" coveredmethods="27"/>
      <file name="Alert.jsx" path="/home/artur/PycharmProjects/b2v_UoP_kalkulator/src/dashboard/src/components/Alert.jsx">
        <metrics statements="45" coveredstatements="45" conditionals="13" coveredconditionals="13" methods="1" coveredmethods="1"/>
        <line num="1" count="1" type="stmt"/>
        <line num="3" count="1" type="cond" truecount="1" falsecount="0"/>
        <line num="4" count="7" type="cond" truecount="2" falsecount="0"/>
        <line num="6" count="6" type="stmt"/>
        <line num="7" count="6" type="stmt"/>
        <line num="8" count="6" type="stmt"/>
        <line num="9" count="6" type="stmt"/>
        <line num="11" count="6" type="stmt"/>
        <line num="12" count="7" type="cond" truecount="1" falsecount="0"/>
        <line num="13" count="3" type="stmt"/>
        <line num="14" count="3" type="stmt"/>
        <line num="15" count="3" type="stmt"/>
        <line num="16" count="3" type="stmt"/>
        <line num="17" count="3" type="stmt"/>
        <line num="18" count="7" type="cond" truecount="1" falsecount="0"/>
        <line num="19" count="1" type="stmt"/>
        <line num="20" count="1" type="stmt"/>
        <line num="21" count="1" type="stmt"/>
        <line num="22" count="1" type="stmt"/>
        <line num="23" count="1" type="stmt"/>
        <line num="24" count="7" type="cond" truecount="1" falsecount="0"/>
        <line num="25" count="1" type="stmt"/>
        <line num="26" count="1" type="stmt"/>
        <line num="27" count="1" type="stmt"/>
        <line num="28" count="1" type="stmt"/>
        <line num="29" count="1" type="stmt"/>
        <line num="30" count="7" type="cond" truecount="1" falsecount="0"/>
        <line num="32" count="1" type="stmt"/>
        <line num="33" count="7" type="cond" truecount="1" falsecount="0"/>
        <line num="35" count="6" type="stmt"/>
        <line num="36" count="6" type="stmt"/>
        <line num="37" count="6" type="stmt"/>
        <line num="38" count="6" type="cond" truecount="1" falsecount="0"/>
        <line num="39" count="3" type="stmt"/>
        <line num="40" count="3" type="stmt"/>
        <line num="41" count="3" type="stmt"/>
        <line num="43" count="7" type="cond" truecount="4" falsecount="0"/>
        <line num="44" count="3" type="stmt"/>
        <line num="45" count="3" type="stmt"/>
        <line num="46" count="3" type="stmt"/>
        <line num="48" count="7" type="stmt"/>
        <line num="49" count="7" type="stmt"/>
        <line num="50" count="7" type="stmt"/>
        <line num="52" count="7" type="stmt"/>
        <line num="54" count="1" type="stmt"/>
      </file>
      <file name="BreakEvenChart.jsx" path="/home/artur/PycharmProjects/b2v_UoP_kalkulator/src/dashboard/src/components/BreakEvenChart.jsx">
        <metrics statements="80" coveredstatements="77" conditionals="12" coveredconditionals="10" methods="2" coveredmethods="1"/>
        <line num="1" count="1" type="stmt"/>
        <line num="2" count="1" type="stmt"/>
        <line num="3" count="1" type="stmt"/>
        <line num="4" count="1" type="stmt"/>
        <line num="5" count="1" type="stmt"/>
        <line num="7" count="1" type="stmt"/>
        <line num="9" count="1" type="cond" truecount="1" falsecount="0"/>
        <line num="10" count="41" type="stmt"/>
        <line num="11" count="41" type="stmt"/>
        <line num="12" count="41" type="stmt"/>
        <line num="14" count="41" type="cond" truecount="1" falsecount="0"/>
        <line num="15" count="17" type="cond" truecount="0" falsecount="1"/>
        <line num="17" count="17" type="cond" truecount="1" falsecount="0"/>
        <line num="18" count="17" type="stmt"/>
        <line num="19" count="17" type="stmt"/>
        <line num="20" count="17" type="stmt"/>
        <line num="21" count="17" type="cond" truecount="1" falsecount="0"/>
        <line num="22" count="17" type="cond" truecount="1" falsecount="0"/>
        <line num="24" count="17" type="stmt"/>
        <line num="25" count="17" type="stmt"/>
        <line num="26" count="17" type="stmt"/>
        <line num="27" count="17" type="stmt"/>
        <line num="28" count="17" type="stmt"/>
        <line num="29" count="17" type="stmt"/>
        <line num="30" count="17" type="stmt"/>
        <line num="31" count="17" type="stmt"/>
        <line num="32" count="17" type="stmt"/>
        <line num="33" count="17" type="stmt"/>
        <line num="34" count="17" type="stmt"/>
        <line num="35" count="17" type="cond" truecount="0" falsecount="1"/>
        <line num="36" count="0" type="stmt"/>
        <line num="37" count="17" type="stmt"/>
        <line num="38" count="17" type="stmt"/>
        <line num="39" count="17" type="stmt"/>
        <line num="40" count="17" type="stmt"/>
        <line num="42" count="17" type="stmt"/>
        <line num="43" count="17" type="stmt"/>
        <line num="44" count="17" type="stmt"/>
        <line num="45" count="41" type="stmt"/>
        <line num="47" count="41" type="cond" truecount="1" falsecount="0"/>
        <line num="48" count="8" type="stmt"/>
        <line num="49" count="8" type="cond" truecount="1" falsecount="0"/>
        <line num="51" count="41" type="cond" truecount="2" falsecount="0"/>
        <line num="52" count="32" type="stmt"/>
        <line num="53" count="32" type="cond" truecount="1" falsecount="0"/>
        <line num="55" count="1" type="stmt"/>
        <line num="56" count="1" type="stmt"/>
        <line num="57" count="1" type="stmt"/>
        <line num="58" count="1" type="stmt"/>
        <line num="59" count="1" type="stmt"/>
        <line num="60" count="1" type="stmt"/>
        <line num="61" count="1" type="stmt"/>
        <line num="62" count="1" type="stmt"/>
        <line num="63" count="1" type="stmt"/>
        <line num="64" count="1" type="stmt"/>
        <line num="65" count="1" type="stmt"/>
        <line num="66" count="1" type="stmt"/>
        <line num="67" count="1" type="stmt"/>
        <line num="68" count="1" type="stmt"/>
        <line num="69" count="1" type="stmt"/>
        <line num="70" count="1" type="stmt"/>
        <line num="71" count="1" type="stmt"/>
        <line num="72" count="1" type="stmt"/>
        <line num="73" count="1" type="stmt"/>
        <line num="74" count="1" type="stmt"/>
        <line num="75" count="1" type="stmt"/>
        <line num="76" count="1" type="stmt"/>
        <line num="77" count="1" type="stmt"/>
        <line num="79" count="1" type="stmt"/>
        <line num="80" count="0" type="stmt"/>
        <line num="81" count="0" type="stmt"/>
        <line num="82" count="1" type="stmt"/>
        <line num="83" count="1" type="stmt"/>
        <line num="84" count="1" type="stmt"/>
        <line num="86" count="1" type="stmt"/>
        <line num="87" count="1" type="stmt"/>
        <line num="88" count="1" type="stmt"/>
        <line num="89" count="1" type="stmt"/>
        <line num="91" count="1" type="stmt"/>
        <line num="93" count="1" type="stmt"/>
      </file>
      <file name="CalculatorForm.jsx" path="/home/artur/PycharmProjects/b2v_UoP_kalkulator/src/dashboard/src/components/CalculatorForm.jsx">
        <metrics statements="374" coveredstatements="374" conditionals="12" coveredconditionals="12" methods="1" coveredmethods="1"/>
        <line num="1" count="1" type="stmt"/>
        <line num="2" count="1" type="stmt"/>
        <line num="3" count="1" type="stmt"/>
        <line num="4" count="1" type="stmt"/>
        <line num="5" count="1" type="stmt"/>
        <line num="6" count="1" type="stmt"/>
        <line num="7" count="1" type="stmt"/>
        <line num="9" count="1" type="cond" truecount="1" falsecount="0"/>
        <line num="10" count="134" type="stmt"/>
        <line num="12" count="134" type="stmt"/>
        <line num="13" count="134" type="stmt"/>
        <line num="14" count="134" type="stmt"/>
        <line num="15" count="134" type="stmt"/>
        <line num="17" count="134" type="stmt"/>
        <line num="18" count="134" type="stmt"/>
        <line num="19" count="134" type="stmt"/>
        <line num="20" count="134" type="stmt"/>
        <line num="21" count="134" type="stmt"/>
        <line num="22" count="134" type="stmt"/>
        <line num="24" count="134" type="stmt"/>
        <line num="25" count="134" type="stmt"/>
        <line num="26" count="134" type="stmt"/>
        <line num="27" count="134" type="stmt"/>
        <line num="28" count="134" type="stmt"/>
        <line num="29" count="134" type="stmt"/>
        <line num="30" count="134" type="stmt"/>
        <line num="32" count="134" type="stmt"/>
        <line num="33" count="134" type="stmt"/>
        <line num="35" count="134" type="stmt"/>
        <line num="36" count="134" type="stmt"/>
        <line num="37" count="134" type="stmt"/>
        <line num="38" count="134" type="stmt"/>
        <line num="39" count="134" type="stmt"/>
        <line num="40" count="134" type="stmt"/>
        <line num="41" count="134" type="stmt"/>
        <line num="42" count="134" type="stmt"/>
        <line num="43" count="134" type="stmt"/>
        <line num="44" count="134" type="stmt"/>
        <line num="45" count="134" type="stmt"/>
        <line num="46" count="134" type="stmt"/>
        <line num="47" count="134" type="stmt"/>
        <line num="48" count="134" type="stmt"/>
        <line num="49" count="134" type="stmt"/>
        <line num="50" count="134" type="stmt"/>
        <line num="51" count="134" type="stmt"/>
        <line num="52" count="134" type="stmt"/>
        <line num="53" count="134" type="stmt"/>
        <line num="54" count="134" type="stmt"/>
        <line num="55" count="134" type="stmt"/>
        <line num="56" count="134" type="stmt"/>
        <line num="57" count="134" type="stmt"/>
        <line num="58" count="134" type="stmt"/>
        <line num="59" count="134" type="stmt"/>
        <line num="60" count="134" type="stmt"/>
        <line num="61" count="134" type="stmt"/>
        <line num="62" count="134" type="stmt"/>
        <line num="63" count="134" type="stmt"/>
        <line num="66" count="134" type="stmt"/>
        <line num="67" count="134" type="stmt"/>
        <line num="68" count="134" type="stmt"/>
        <line num="69" count="134" type="stmt"/>
        <line num="70" count="134" type="stmt"/>
        <line num="71" count="134" type="stmt"/>
        <line num="72" count="134" type="stmt"/>
        <line num="73" count="134" type="stmt"/>
        <line num="74" count="134" type="stmt"/>
        <line num="75" count="134" type="stmt"/>
        <line num="76" count="134" type="stmt"/>
        <line num="79" count="134" type="stmt"/>
        <line num="80" count="134" type="stmt"/>
        <line num="81" count="134" type="stmt"/>
        <line num="82" count="134" type="stmt"/>
        <line num="83" count="134" type="stmt"/>
        <line num="84" count="134" type="stmt"/>
        <line num="85" count="134" type="stmt"/>
        <line num="86" count="134" type="stmt"/>
        <line num="87" count="134" type="stmt"/>
        <line num="88" count="134" type="stmt"/>
        <line num="89" count="134" type="stmt"/>
        <line num="90" count="134" type="stmt"/>
        <line num="91" count="134" type="stmt"/>
        <line num="92" count="134" type="stmt"/>
        <line num="93" count="134" type="stmt"/>
        <line num="94" count="134" type="stmt"/>
        <line num="95" count="134" type="stmt"/>
        <line num="96" count="134" type="stmt"/>
        <line num="97" count="134" type="stmt"/>
        <line num="98" count="134" type="stmt"/>
        <line num="99" count="134" type="stmt"/>
        <line num="100" count="134" type="stmt"/>
        <line num="101" count="134" type="stmt"/>
        <line num="102" count="134" type="stmt"/>
        <line num="103" count="134" type="stmt"/>
        <line num="104" count="134" type="stmt"/>
        <line num="105" count="134" type="stmt"/>
        <line num="106" count="134" type="stmt"/>
        <line num="107" count="134" type="stmt"/>
        <line num="108" count="134" type="stmt"/>
        <line num="109" count="134" type="stmt"/>
        <line num="110" count="134" type="stmt"/>
        <line num="111" count="134" type="stmt"/>
        <line num="112" count="134" type="stmt"/>
        <line num="113" count="134" type="stmt"/>
        <line num="114" count="134" type="stmt"/>
        <line num="115" count="134" type="stmt"/>
        <line num="116" count="134" type="stmt"/>
        <line num="117" count="134" type="stmt"/>
        <line num="118" count="134" type="stmt"/>
        <line num="119" count="134" type="stmt"/>
        <line num="120" count="134" type="stmt"/>
        <line num="121" count="134" type="stmt"/>
        <line num="122" count="134" type="stmt"/>
        <line num="123" count="134" type="stmt"/>
        <line num="124" count="134" type="stmt"/>
        <line num="125" count="134" type="stmt"/>
        <line num="126" count="134" type="stmt"/>
        <line num="127" count="134" type="stmt"/>
        <line num="128" count="134" type="stmt"/>
        <line num="129" count="134" type="stmt"/>
        <line num="130" count="134" type="stmt"/>
        <line num="131" count="134" type="stmt"/>
        <line num="132" count="134" type="stmt"/>
        <line num="133" count="134" type="stmt"/>
        <line num="134" count="134" type="stmt"/>
        <line num="135" count="134" type="stmt"/>
        <line num="136" count="134" type="stmt"/>
        <line num="137" count="134" type="stmt"/>
        <line num="138" count="134" type="stmt"/>
        <line num="139" count="134" type="stmt"/>
        <line num="140" count="134" type="stmt"/>
        <line num="141" count="134" type="stmt"/>
        <line num="142" count="134" type="stmt"/>
        <line num="143" count="134" type="stmt"/>
        <line num="144" count="134" type="stmt"/>
        <line num="145" count="134" type="stmt"/>
        <line num="146" count="134" type="stmt"/>
        <line num="147" count="134" type="stmt"/>
        <line num="148" count="134" type="stmt"/>
        <line num="149" count="134" type="stmt"/>
        <line num="150" count="134" type="stmt"/>
        <line num="151" count="134" type="stmt"/>
        <line num="152" count="134" type="stmt"/>
        <line num="153" count="134" type="stmt"/>
        <line num="154" count="134" type="stmt"/>
        <line num="155" count="134" type="stmt"/>
        <line num="156" count="134" type="stmt"/>
        <line num="157" count="134" type="stmt"/>
        <line num="158" count="134" type="stmt"/>
        <line num="159" count="134" type="stmt"/>
        <line num="160" count="134" type="stmt"/>
        <line num="161" count="134" type="stmt"/>
        <line num="162" count="134" type="stmt"/>
        <line num="163" count="134" type="stmt"/>
        <line num="164" count="134" type="stmt"/>
        <line num="165" count="134" type="stmt"/>
        <line num="166" count="134" type="stmt"/>
        <line num="167" count="134" type="stmt"/>
        <line num="168" count="134" type="stmt"/>
        <line num="169" count="134" type="stmt"/>
        <line num="170" count="134" type="stmt"/>
        <line num="171" count="134" type="stmt"/>
        <line num="172" count="134" type="stmt"/>
        <line num="173" count="134" type="stmt"/>
        <line num="174" count="134" type="stmt"/>
        <line num="175" count="134" type="stmt"/>
        <line num="176" count="134" type="stmt"/>
        <line num="177" count="134" type="stmt"/>
        <line num="178" count="134" type="stmt"/>
        <line num="179" count="134" type="stmt"/>
        <line num="180" count="134" type="stmt"/>
        <line num="181" count="134" type="stmt"/>
        <line num="183" count="134" type="stmt"/>
        <line num="184" count="134" type="stmt"/>
        <line num="185" count="134" type="stmt"/>
        <line num="186" count="134" type="stmt"/>
        <line num="187" count="134" type="stmt"/>
        <line num="188" count="134" type="stmt"/>
        <line num="189" count="134" type="stmt"/>
        <line num="190" count="134" type="stmt"/>
        <line num="191" count="134" type="cond" truecount="1" falsecount="0"/>
        <line num="192" count="3" type="stmt"/>
        <line num="193" count="3" type="stmt"/>
        <line num="194" count="3" type="stmt"/>
        <line num="195" count="3" type="stmt"/>
        <line num="196" count="3" type="stmt"/>
        <line num="197" count="3" type="stmt"/>
        <line num="198" count="3" type="stmt"/>
        <line num="199" count="3" type="stmt"/>
        <line num="200" count="3" type="stmt"/>
        <line num="202" count="134" type="stmt"/>
        <line num="203" count="134" type="stmt"/>
        <line num="204" count="134" type="stmt"/>
        <line num="205" count="134" type="stmt"/>
        <line num="206" count="134" type="stmt"/>
        <line num="207" count="134" type="stmt"/>
        <line num="208" count="134" type="stmt"/>
        <line num="209" count="134" type="cond" truecount="1" falsecount="0"/>
        <line num="210" count="3" type="stmt"/>
        <line num="211" count="3" type="stmt"/>
        <line num="212" count="3" type="stmt"/>
        <line num="213" count="3" type="stmt"/>
        <line num="214" count="3" type="stmt"/>
        <line num="215" count="3" type="stmt"/>
        <line num="216" count="3" type="stmt"/>
        <line num="217" count="3" type="stmt"/>
        <line num="218" count="3" type="stmt"/>
        <line num="220" count="134" type="stmt"/>
        <line num="221" count="134" type="stmt"/>
        <line num="222" count="134" type="stmt"/>
        <line num="223" count="134" type="stmt"/>
        <line num="224" count="134" type="stmt"/>
        <line num="225" count="134" type="stmt"/>
        <line num="226" count="134" type="stmt"/>
        <line num="227" count="134" type="cond" truecount="1" falsecount="0"/>
        <line num="228" count="5" type="stmt"/>
        <line num="229" count="5" type="stmt"/>
        <line num="230" count="5" type="stmt"/>
        <line num="231" count="5" type="stmt"/>
        <line num="232" count="5" type="stmt"/>
        <line num="233" count="5" type="stmt"/>
        <line num="234" count="5" type="stmt"/>
        <line num="235" count="5" type="stmt"/>
        <line num="236" count="5" type="stmt"/>
        <line num="238" count="134" type="stmt"/>
        <line num="239" count="134" type="stmt"/>
        <line num="240" count="134" type="stmt"/>
        <line num="241" count="134" type="stmt"/>
        <line num="242" count="134" type="stmt"/>
        <line num="243" count="134" type="stmt"/>
        <line num="244" count="134" type="stmt"/>
        <line num="245" count="134" type="cond" truecount="1" falsecount="0"/>
        <line num="246" count="3" type="stmt"/>
        <line num="247" count="3" type="stmt"/>
        <line num="248" count="3" type="stmt"/>
        <line num="249" count="3" type="stmt"/>
        <line num="250" count="3" type="stmt"/>
        <line num="251" count="3" type="stmt"/>
        <line num="252" count="3" type="stmt"/>
        <line num="253" count="3" type="stmt"/>
        <line num="254" count="3" type="stmt"/>
        <line num="256" count="134" type="stmt"/>
        <line num="257" count="134" type="stmt"/>
        <line num="258" count="134" type="stmt"/>
        <line num="259" count="134" type="stmt"/>
        <line num="260" count="134" type="stmt"/>
        <line num="261" count="134" type="stmt"/>
        <line num="262" count="134" type="stmt"/>
        <line num="263" count="134" type="cond" truecount="1" falsecount="0"/>
        <line num="264" count="3" type="stmt"/>
        <line num="265" count="3" type="stmt"/>
        <line num="266" count="3" type="stmt"/>
        <line num="267" count="3" type="stmt"/>
        <line num="268" count="3" type="stmt"/>
        <line num="269" count="3" type="stmt"/>
        <line num="270" count="3" type="stmt"/>
        <line num="271" count="3" type="stmt"/>
        <line num="272" count="3" type="stmt"/>
        <line num="274" count="134" type="stmt"/>
        <line num="275" count="134" type="stmt"/>
        <line num="276" count="134" type="stmt"/>
        <line num="277" count="134" type="stmt"/>
        <line num="278" count="134" type="stmt"/>
        <line num="279" count="134" type="stmt"/>
        <line num="280" count="134" type="stmt"/>
        <line num="281" count="134" type="cond" truecount="1" falsecount="0"/>
        <line num="282" count="3" type="stmt"/>
        <line num="283" count="3" type="stmt"/>
        <line num="284" count="3" type="stmt"/>
        <line num="285" count="3" type="stmt"/>
        <line num="286" count="3" type="stmt"/>
        <line num="287" count="3" type="stmt"/>
        <line num="288" count="3" type="stmt"/>
        <line num="289" count="3" type="stmt"/>
        <line num="290" count="3" type="stmt"/>
        <line num="292" count="134" type="stmt"/>
        <line num="293" count="134" type="stmt"/>
        <line num="294" count="134" type="stmt"/>
        <line num="295" count="134" type="stmt"/>
        <line num="296" count="134" type="stmt"/>
        <line num="297" count="134" type="stmt"/>
        <line num="298" count="134" type="stmt"/>
        <line num="299" count="134" type="cond" truecount="1" falsecount="0"/>
        <line num="300" count="3" type="stmt"/>
        <line num="301" count="3" type="stmt"/>
        <line num="302" count="3" type="stmt"/>
        <line num="303" count="3" type="stmt"/>
        <line num="304" count="3" type="stmt"/>
        <line num="305" count="3" type="stmt"/>
        <line num="306" count="3" type="stmt"/>
        <line num="307" count="3" type="stmt"/>
        <line num="308" count="3" type="stmt"/>
        <line num="310" count="134" type="stmt"/>
        <line num="311" count="134" type="stmt"/>
        <line num="314" count="134" type="stmt"/>
        <line num="315" count="134" type="stmt"/>
        <line num="316" count="134" type="stmt"/>
        <line num="317" count="134" type="stmt"/>
        <line num="318" count="134" type="stmt"/>
        <line num="319" count="134" type="stmt"/>
        <line num="320" count="134" type="stmt"/>
        <line num="321" count="134" type="stmt"/>
        <line num="322" count="134" type="stmt"/>
        <line num="323" count="134" type="stmt"/>
        <line num="324" count="134" type="stmt"/>
        <line num="325" count="134" type="stmt"/>
        <line num="326" count="134" type="stmt"/>
        <line num="327" count="134" type="stmt"/>
        <line num="328" count="134" type="stmt"/>
        <line num="329" count="134" type="stmt"/>
        <line num="330" count="134" type="stmt"/>
        <line num="331" count="134" type="stmt"/>
        <line num="332" count="134" type="stmt"/>
        <line num="333" count="134" type="stmt"/>
        <line num="334" count="134" type="stmt"/>
        <line num="335" count="134" type="stmt"/>
        <line num="336" count="134" type="stmt"/>
        <line num="337" count="134" type="stmt"/>
        <line num="338" count="134" type="stmt"/>
        <line num="339" count="134" type="stmt"/>
        <line num="340" count="134" type="stmt"/>
        <line num="341" count="134" type="stmt"/>
        <line num="342" count="134" type="stmt"/>
        <line num="343" count="134" type="stmt"/>
        <line num="344" count="134" type="stmt"/>
        <line num="345" count="134" type="stmt"/>
        <line num="346" count="134" type="stmt"/>
        <line num="347" count="134" type="stmt"/>
        <line num="348" count="134" type="cond" truecount="1" falsecount="0"/>
        <line num="349" count="7" type="stmt"/>
        <line num="350" count="7" type="stmt"/>
        <line num="351" count="7" type="stmt"/>
        <line num="352" count="7" type="stmt"/>
        <line num="353" count="7" type="stmt"/>
        <line num="354" count="7" type="stmt"/>
        <line num="355" count="7" type="stmt"/>
        <line num="356" count="7" type="stmt"/>
        <line num="357" count="7" type="stmt"/>
        <line num="359" count="134" type="stmt"/>
        <line num="360" count="134" type="stmt"/>
        <line num="361" count="134" type="stmt"/>
        <line num="362" count="134" type="stmt"/>
        <line num="363" count="134" type="stmt"/>
        <line num="364" count="134" type="stmt"/>
        <line num="365" count="134" type="stmt"/>
        <line num="366" count="134" type="stmt"/>
        <line num="367" count="134" type="stmt"/>
        <line num="369" count="134" type="stmt"/>
        <line num="370" count="134" type="stmt"/>
        <line num="371" count="134" type="stmt"/>
        <line num="372" count="134" type="cond" truecount="1" falsecount="0"/>
        <line num="373" count="670" type="stmt"/>
        <line num="374" count="670" type="stmt"/>
        <line num="375" count="670" type="stmt"/>
        <line num="376" count="670" type="stmt"/>
        <line num="377" count="670" type="stmt"/>
        <line num="378" count="670" type="stmt"/>
        <line num="379" count="670" type="stmt"/>
        <line num="380" count="670" type="stmt"/>
        <line num="381" count="670" type="stmt"/>
        <line num="382" count="134" type="stmt"/>
        <line num="383" count="134" type="stmt"/>
        <line num="384" count="134" type="stmt"/>
        <line num="386" count="134" type="stmt"/>
        <line num="387" count="134" type="stmt"/>
        <line num="388" count="134" type="stmt"/>
        <line num="389" count="134" type="stmt"/>
        <line num="390" count="134" type="stmt"/>
        <line num="391" count="134" type="stmt"/>
        <line num="393" count="134" type="cond" truecount="2" falsecount="0"/>
        <line num="394" count="134" type="stmt"/>
        <line num="395" count="134" type="stmt"/>
        <line num="396" count="134" type="stmt"/>
        <line num="398" count="134" type="stmt"/>
        <line num="400" count="1" type="stmt"/>
      </file>
      <file name="Checkbox.jsx" path="/home/artur/PycharmProjects/b2v_UoP_kalkulator/src/dashboard/src/components/Checkbox.jsx">
        <metrics statements="26" coveredstatements="23" conditionals="3" coveredconditionals="1" methods="1" coveredmethods="1"/>
        <line num="1" count="1" type="stmt"/>
        <line num="13" count="1" type="cond" truecount="1" falsecount="0"/>
        <line num="14" count="2830" type="cond" truecount="0" falsecount="1"/>
        <line num="16" count="2830" type="stmt"/>
        <line num="17" count="2830" type="stmt"/>
        <line num="18" count="2830" type="stmt"/>
        <line num="19" count="2830" type="stmt"/>
        <line num="20" count="2830" type="stmt"/>
        <line num="21" count="2830" type="stmt"/>
        <line num="22" count="2830" type="stmt"/>
        <line num="23" count="2830" type="stmt"/>
        <line num="24" count="2830" type="stmt"/>
        <line num="25" count="2830" type="stmt"/>
        <line num="26" count="2830" type="stmt"/>
        <line num="27" count="2830" type="stmt"/>
        <line num="28" count="2830" type="stmt"/>
        <line num="29" count="2830" type="stmt"/>
        <line num="30" count="2830" type="stmt"/>
        <line num="31" count="2830" type="stmt"/>
        <line num="32" count="2830" type="cond" truecount="0" falsecount="1"/>
        <line num="33" count="0" type="stmt"/>
        <line num="34" count="0" type="stmt"/>
        <line num="35" count="0" type="stmt"/>
        <line num="37" count="2830" type="stmt"/>
        <line num="39" count="2830" type="stmt"/>
        <line num="41" count="1" type="stmt"/>
      </file>
      <file name="ComparisonChart.jsx" path="/home/artur/PycharmProjects/b2v_UoP_kalkulator/src/dashboard/src/components/ComparisonChart.jsx">
        <metrics statements="170" coveredstatements="170" conditionals="4" coveredconditionals="4" methods="1" coveredmethods="1"/>
        <line num="1" count="1" type="stmt"/>
        <line num="2" count="1" type="stmt"/>
        <line num="12" count="1" type="stmt"/>
        <line num="13" count="1" type="stmt"/>
        <line num="15" count="1" type="stmt"/>
        <line num="16" count="1" type="stmt"/>
        <line num="17" count="1" type="stmt"/>
        <line num="18" count="1" type="stmt"/>
        <line num="19" count="1" type="stmt"/>
        <line num="20" count="1" type="stmt"/>
        <line num="21" count="1" type="stmt"/>
        <line num="22" count="1" type="stmt"/>
        <line num="23" count="1" type="stmt"/>
        <line num="25" count="1" type="cond" truecount="1" falsecount="0"/>
        <line num="26" count="18" type="stmt"/>
        <line num="28" count="18" type="cond" truecount="3" falsecount="0"/>
        <line num="30" count="16" type="stmt"/>
        <line num="33" count="16" type="stmt"/>
        <line num="34" count="16" type="stmt"/>
        <line num="35" count="16" type="stmt"/>
        <line num="36" count="16" type="stmt"/>
        <line num="37" count="16" type="stmt"/>
        <line num="38" count="16" type="stmt"/>
        <line num="39" count="16" type="stmt"/>
        <line num="40" count="16" type="stmt"/>
        <line num="41" count="16" type="stmt"/>
        <line num="42" count="16" type="stmt"/>
        <line num="43" count="16" type="stmt"/>
        <line num="44" count="16" type="stmt"/>
        <line num="45" count="16" type="stmt"/>
        <line num="46" count="16" type="stmt"/>
        <line num="47" count="16" type="stmt"/>
        <line num="49" count="16" type="stmt"/>
        <line num="50" count="16" type="stmt"/>
        <line num="51" count="16" type="stmt"/>
        <line num="52" count="16" type="stmt"/>
        <line num="53" count="16" type="stmt"/>
        <line num="54" count="16" type="stmt"/>
        <line num="55" count="16" type="stmt"/>
        <line num="56" count="16" type="stmt"/>
        <line num="57" count="16" type="stmt"/>
        <line num="58" count="16" type="stmt"/>
        <line num="59" count="16" type="stmt"/>
        <line num="60" count="16" type="stmt"/>
        <line num="63" count="16" type="stmt"/>
        <line num="64" count="16" type="stmt"/>
        <line num="65" count="16" type="stmt"/>
        <line num="66" count="16" type="stmt"/>
        <line num="67" count="16" type="stmt"/>
        <line num="68" count="16" type="stmt"/>
        <line num="69" count="16" type="stmt"/>
        <line num="70" count="16" type="stmt"/>
        <line num="71" count="16" type="stmt"/>
        <line num="72" count="16" type="stmt"/>
        <line num="73" count="16" type="stmt"/>
        <line num="74" count="16" type="stmt"/>
        <line num="75" count="16" type="stmt"/>
        <line num="76" count="16" type="stmt"/>
        <line num="77" count="16" type="stmt"/>
        <line num="78" count="16" type="stmt"/>
        <line num="79" count="16" type="stmt"/>
        <line num="80" count="16" type="stmt"/>
        <line num="81" count="16" type="stmt"/>
        <line num="82" count="16" type="stmt"/>
        <line num="83" count="16" type="stmt"/>
        <line num="84" count="16" type="stmt"/>
        <line num="85" count="16" type="stmt"/>
        <line num="86" count="16" type="stmt"/>
        <line num="87" count="16" type="stmt"/>
        <line num="88" count="16" type="stmt"/>
        <line num="89" count="16" type="stmt"/>
        <line num="90" count="16" type="stmt"/>
        <line num="91" count="16" type="stmt"/>
        <line num="92" count="16" type="stmt"/>
        <line num="93" count="16" type="stmt"/>
        <line num="94" count="16" type="stmt"/>
        <line num="95" count="16" type="stmt"/>
        <line num="96" count="16" type="stmt"/>
        <line num="97" count="16" type="stmt"/>
        <line num="98" count="16" type="stmt"/>
        <line num="99" count="16" type="stmt"/>
        <line num="100" count="16" type="stmt"/>
        <line num="101" count="16" type="stmt"/>
        <line num="102" count="16" type="stmt"/>
        <line num="104" count="16" type="stmt"/>
        <line num="105" count="16" type="stmt"/>
        <line num="106" count="16" type="stmt"/>
        <line num="107" count="16" type="stmt"/>
        <line num="108" count="16" type="stmt"/>
        <line num="109" count="16" type="stmt"/>
        <line num="110" count="16" type="stmt"/>
        <line num="111" count="16" type="stmt"/>
        <line num="112" count="16" type="stmt"/>
        <line num="113" count="16" type="stmt"/>
        <line num="114" count="16" type="stmt"/>
        <line num="115" count="16" type="stmt"/>
        <line num="116" count="16" type="stmt"/>
        <line num="117" count="16" type="stmt"/>
        <line num="118" count="16" type="stmt"/>
        <line num="119" count="16" type="stmt"/>
        <line num="120" count="16" type="stmt"/>
        <line num="121" count="16" type="stmt"/>
        <line num="122" count="16" type="stmt"/>
        <line num="123" count="16" type="stmt"/>
        <line num="126" count="16" type="stmt"/>
        <line num="127" count="16" type="stmt"/>
        <line num="128" count="16" type="stmt"/>
        <line num="129" count="16" type="stmt"/>
        <line num="130" count="16" type="stmt"/>
        <line num="131" count="16" type="stmt"/>
        <line num="132" count="16" type="stmt"/>
        <line num="133" count="16" type="stmt"/>
        <line num="134" count="16" type="stmt"/>
        <line num="135" count="16" type="stmt"/>
        <line num="136" count="16" type="stmt"/>
        <line num="137" count="16" type="stmt"/>
        <line num="138" count="16" type="stmt"/>
        <line num="139" count="16" type="stmt"/>
        <line num="140" count="16" type="stmt"/>
        <line num="141" count="16" type="stmt"/>
        <line num="142" count="16" type="stmt"/>
        <line num="143" count="16" type="stmt"/>
        <line num="144" count="16" type="stmt"/>
        <line num="145" count="16" type="stmt"/>
        <line num="146" count="16" type="stmt"/>
        <line num="147" count="16" type="stmt"/>
        <line num="148" count="16" type="stmt"/>
        <line num="149" count="16" type="stmt"/>
        <line num="150" count="16" type="stmt"/>
        <line num="151" count="16" type="stmt"/>
        <line num="152" count="16" type="stmt"/>
        <line num="153" count="16" type="stmt"/>
        <line num="154" count="16" type="stmt"/>
        <line num="155" count="16" type="stmt"/>
        <line num="157" count="16" type="stmt"/>
        <line num="158" count="16" type="stmt"/>
        <line num="159" count="16" type="stmt"/>
        <line num="160" count="16" type="stmt"/>
        <line num="161" count="16" type="stmt"/>
        <line num="162" count="16" type="stmt"/>
        <line num="163" count="16" type="stmt"/>
        <line num="164" count="16" type="stmt"/>
        <line num="165" count="16" type="stmt"/>
        <line num="166" count="16" type="stmt"/>
        <line num="167" count="16" type="stmt"/>
        <line num="168" count="16" type="stmt"/>
        <line num="169" count="16" type="stmt"/>
        <line num="170" count="16" type="stmt"/>
        <line num="171" count="16" type="stmt"/>
        <line num="172" count="16" type="stmt"/>
        <line num="173" count="16" type="stmt"/>
        <line num="174" count="16" type="stmt"/>
        <line num="175" count="16" type="stmt"/>
        <line num="176" count="16" type="stmt"/>
        <line num="178" count="16" type="stmt"/>
        <line num="179" count="16" type="stmt"/>
        <line num="180" count="16" type="stmt"/>
        <line num="181" count="16" type="stmt"/>
        <line num="182" count="16" type="stmt"/>
        <line num="183" count="16" type="stmt"/>
        <line num="184" count="16" type="stmt"/>
        <line num="185" count="16" type="stmt"/>
        <line num="186" count="16" type="stmt"/>
        <line num="187" count="16" type="stmt"/>
        <line num="188" count="16" type="stmt"/>
        <line num="189" count="16" type="stmt"/>
        <line num="190" count="16" type="stmt"/>
        <line num="191" count="16" type="stmt"/>
        <line num="193" count="16" type="stmt"/>
        <line num="195" count="1" type="stmt"/>
      </file>
      <file name="Header.jsx" path="/home/artur/PycharmProjects/b2v_UoP_kalkulator/src/dashboard/src/components/Header.jsx">
        <metrics statements="19" coveredstatements="19" conditionals="1" coveredconditionals="1" methods="1" coveredmethods="1"/>
        <line num="1" count="1" type="stmt"/>
        <line num="2" count="1" type="stmt"/>
        <line num="3" count="1" type="stmt"/>
        <line num="5" count="1" type="cond" truecount="1" falsecount="0"/>
        <line num="6" count="80" type="stmt"/>
        <line num="8" count="80" type="stmt"/>
        <line num="9" count="80" type="stmt"/>
        <line num="10" count="80" type="stmt"/>
        <line num="11" count="80" type="stmt"/>
        <line num="12" count="80" type="stmt"/>
        <line num="13" count="80" type="stmt"/>
        <line num="14" count="80" type="stmt"/>
        <line num="15" count="80" type="stmt"/>
        <line num="16" count="80" type="stmt"/>
        <line num="17" count="80" type="stmt"/>
        <line num="18" count="80" type="stmt"/>
        <line num="19" count="80" type="stmt"/>
        <line num="21" count="80" type="stmt"/>
        <line num="23" count="1" type="stmt"/>
      </file>
      <file name="Input.jsx" path="/home/artur/PycharmProjects/b2v_UoP_kalkulator/src/dashboard/src/components/Input.jsx">
        <metrics statements="26" coveredstatements="23" conditionals="3" coveredconditionals="1" methods="1" coveredmethods="1"/>
        <line num="1" count="1" type="stmt"/>
        <line num="14" count="1" type="cond" truecount="1" falsecount="0"/>
        <line num="15" count="981" type="cond" truecount="0" falsecount="1"/>
        <line num="17" count="981" type="stmt"/>
        <line num="18" count="981" type="stmt"/>
        <line num="19" count="981" type="stmt"/>
        <line num="20" count="981" type="stmt"/>
        <line num="21" count="981" type="stmt"/>
        <line num="22" count="981" type="stmt"/>
        <line num="23" count="981" type="stmt"/>
        <line num="24" count="981" type="stmt"/>
        <line num="25" count="981" type="stmt"/>
        <line num="26" count="981" type="stmt"/>
        <line num="27" count="981" type="stmt"/>
        <line num="28" count="981" type="stmt"/>
        <line num="29" count="981" type="stmt"/>
        <line num="30" count="981" type="stmt"/>
        <line num="31" count="981" type="stmt"/>
        <line num="32" count="981" type="stmt"/>
        <line num="33" count="981" type="cond" truecount="0" falsecount="1"/>
        <line num="34" count="0" type="stmt"/>
        <line num="35" count="0" type="stmt"/>
        <line num="36" count="0" type="stmt"/>
        <line num="38" count="981" type="stmt"/>
        <line num="40" count="981" type="stmt"/>
        <line num="42" count="1" type="stmt"/>
      </file>
      <file name="InsuranceConfigurator.jsx" path="/home/artur/PycharmProjects/b2v_UoP_kalkulator/src/dashboard/src/components/InsuranceConfigurator.jsx">
        <metrics statements="111" coveredstatements="102" conditionals="26" coveredconditionals="26" methods="8" coveredmethods="7"/>
        <line num="1" count="1" type="stmt"/>
        <line num="2" count="1" type="stmt"/>
        <line num="3" count="1" type="stmt"/>
        <line num="4" count="1" type="stmt"/>
        <line num="5" count="1" type="stmt"/>
        <line num="6" count="1" type="stmt"/>
        <line num="16" count="1" type="cond" truecount="1" falsecount="0"/>
        <line num="17" count="144" type="stmt"/>
        <line num="18" count="144" type="stmt"/>
        <line num="20" count="144" type="cond" truecount="1" falsecount="0"/>
        <line num="21" count="672" type="stmt"/>
        <line num="22" count="672" type="stmt"/>
        <line num="23" count="672" type="cond" truecount="2" falsecount="0"/>
        <line num="24" count="639" type="stmt"/>
        <line num="25" count="639" type="cond" truecount="1" falsecount="0"/>
        <line num="26" count="108" type="stmt"/>
        <line num="27" count="108" type="stmt"/>
        <line num="28" count="639" type="cond" truecount="1" falsecount="0"/>
        <line num="29" count="531" type="stmt"/>
        <line num="30" count="531" type="stmt"/>
        <line num="31" count="639" type="cond" truecount="1" falsecount="0"/>
        <line num="32" count="33" type="stmt"/>
        <line num="33" count="672" type="stmt"/>
        <line num="35" count="144" type="cond" truecount="1" falsecount="0"/>
        <line num="36" count="51" type="stmt"/>
        <line num="37" count="51" type="cond" truecount="1" falsecount="0"/>
        <line num="38" count="210" type="stmt"/>
        <line num="39" count="210" type="stmt"/>
        <line num="40" count="51" type="stmt"/>
        <line num="41" count="51" type="stmt"/>
        <line num="43" count="144" type="cond" truecount="1" falsecount="0"/>
        <line num="44" count="51" type="stmt"/>
        <line num="45" count="51" type="stmt"/>
        <line num="46" count="144" type="stmt"/>
        <line num="48" count="144" type="cond" truecount="1" falsecount="0"/>
        <line num="49" count="2" type="cond" truecount="1" falsecount="0"/>
        <line num="50" count="1" type="stmt"/>
        <line num="51" count="1" type="stmt"/>
        <line num="52" count="1" type="stmt"/>
        <line num="53" count="2" type="stmt"/>
        <line num="54" count="2" type="stmt"/>
        <line num="56" count="144" type="cond" truecount="1" falsecount="0"/>
        <line num="57" count="2" type="stmt"/>
        <line num="58" count="0" type="stmt"/>
        <line num="59" count="0" type="stmt"/>
        <line num="60" count="0" type="stmt"/>
        <line num="61" count="0" type="stmt"/>
        <line num="62" count="0" type="stmt"/>
        <line num="63" count="0" type="stmt"/>
        <line num="64" count="0" type="stmt"/>
        <line num="65" count="0" type="stmt"/>
        <line num="66" count="0" type="stmt"/>
        <line num="67" count="2" type="stmt"/>
        <line num="68" count="2" type="stmt"/>
        <line num="70" count="144" type="stmt"/>
        <line num="71" count="144" type="stmt"/>
        <line num="72" count="144" type="stmt"/>
        <line num="73" count="144" type="stmt"/>
        <line num="74" count="144" type="stmt"/>
        <line num="75" count="144" type="cond" truecount="1" falsecount="0"/>
        <line num="76" count="432" type="stmt"/>
        <line num="77" count="432" type="stmt"/>
        <line num="78" count="432" type="cond" truecount="1" falsecount="0"/>
        <line num="79" count="432" type="cond" truecount="2" falsecount="0"/>
        <line num="80" count="432" type="stmt"/>
        <line num="82" count="432" type="stmt"/>
        <line num="83" count="432" type="stmt"/>
        <line num="84" count="144" type="stmt"/>
        <line num="85" count="144" type="stmt"/>
        <line num="86" count="144" type="stmt"/>
        <line num="87" count="144" type="stmt"/>
        <line num="88" count="144" type="stmt"/>
        <line num="89" count="144" type="stmt"/>
        <line num="91" count="144" type="stmt"/>
        <line num="92" count="144" type="cond" truecount="1" falsecount="0"/>
        <line num="93" count="1008" type="stmt"/>
        <line num="94" count="1008" type="stmt"/>
        <line num="95" count="1008" type="stmt"/>
        <line num="96" count="1008" type="stmt"/>
        <line num="97" count="1008" type="stmt"/>
        <line num="98" count="1008" type="stmt"/>
        <line num="99" count="1008" type="cond" truecount="2" falsecount="0"/>
        <line num="100" count="1008" type="cond" truecount="1" falsecount="0"/>
        <line num="101" count="1008" type="stmt"/>
        <line num="102" count="1008" type="stmt"/>
        <line num="103" count="1008" type="stmt"/>
        <line num="104" count="1008" type="stmt"/>
        <line num="105" count="1008" type="stmt"/>
        <line num="106" count="1008" type="stmt"/>
        <line num="107" count="1008" type="stmt"/>
        <line num="108" count="1008" type="stmt"/>
        <line num="109" count="1008" type="stmt"/>
        <line num="110" count="1008" type="cond" truecount="2" falsecount="0"/>
        <line num="111" count="462" type="stmt"/>
        <line num="112" count="462" type="stmt"/>
        <line num="113" count="462" type="stmt"/>
        <line num="115" count="1008" type="stmt"/>
        <line num="116" count="1008" type="cond" truecount="2" falsecount="0"/>
        <line num="117" count="462" type="stmt"/>
        <line num="118" count="462" type="stmt"/>
        <line num="119" count="462" type="stmt"/>
        <line num="120" count="462" type="stmt"/>
        <line num="121" count="462" type="cond" truecount="1" falsecount="0"/>
        <line num="122" count="462" type="stmt"/>
        <line num="123" count="462" type="stmt"/>
        <line num="125" count="1008" type="stmt"/>
        <line num="126" count="144" type="stmt"/>
        <line num="127" count="144" type="stmt"/>
        <line num="128" count="144" type="stmt"/>
        <line num="130" count="144" type="stmt"/>
        <line num="132" count="1" type="stmt"/>
      </file>
      <file name="LanguageSwitcher.jsx" path="/home/artur/PycharmProjects/b2v_UoP_kalkulator/src/dashboard/src/components/LanguageSwitcher.jsx">
        <metrics statements="22" coveredstatements="22" conditionals="8" coveredconditionals="8" methods="4" coveredmethods="4"/>
        <line num="1" count="1" type="stmt"/>
        <line num="2" count="1" type="stmt"/>
        <line num="4" count="1" type="cond" truecount="1" falsecount="0"/>
        <line num="5" count="80" type="stmt"/>
        <line num="7" count="80" type="cond" truecount="1" falsecount="0"/>
        <line num="8" count="5" type="stmt"/>
        <line num="9" count="5" type="stmt"/>
        <line num="11" count="80" type="stmt"/>
        <line num="12" count="80" type="stmt"/>
        <line num="13" count="80" type="stmt"/>
        <line num="14" count="80" type="cond" truecount="1" falsecount="0"/>
        <line num="15" count="80" type="cond" truecount="2" falsecount="0"/>
        <line num="16" count="80" type="stmt"/>
        <line num="18" count="80" type="stmt"/>
        <line num="19" count="80" type="stmt"/>
        <line num="20" count="80" type="cond" truecount="1" falsecount="0"/>
        <line num="21" count="80" type="cond" truecount="2" falsecount="0"/>
        <line num="22" count="80" type="stmt"/>
        <line num="24" count="80" type="stmt"/>
        <line num="25" count="80" type="stmt"/>
        <line num="27" count="80" type="stmt"/>
        <line num="29" count="1" type="stmt"/>
      </file>
      <file name="ResultsDisplay.jsx" path="/home/artur/PycharmProjects/b2v_UoP_kalkulator/src/dashboard/src/components/ResultsDisplay.jsx">
        <metrics statements="126" coveredstatements="126" conditionals="12" coveredconditionals="12" methods="2" coveredmethods="2"/>
        <line num="1" count="1" type="stmt"/>
        <line num="2" count="1" type="stmt"/>
        <line num="4" count="1" type="cond" truecount="1" falsecount="0"/>
        <line num="5" count="486" type="stmt"/>
        <line num="6" count="486" type="stmt"/>
        <line num="7" count="486" type="stmt"/>
        <line num="8" count="486" type="stmt"/>
        <line num="9" count="486" type="stmt"/>
        <line num="10" count="486" type="stmt"/>
        <line num="11" count="486" type="stmt"/>
        <line num="13" count="1" type="cond" truecount="1" falsecount="0"/>
        <line num="14" count="23" type="stmt"/>
        <line num="16" count="23" type="cond" truecount="2" falsecount="0"/>
        <line num="18" count="22" type="stmt"/>
        <line num="19" count="22" type="stmt"/>
        <line num="20" count="22" type="stmt"/>
        <line num="22" count="22" type="stmt"/>
        <line num="23" count="22" type="stmt"/>
        <line num="25" count="23" type="cond" truecount="2" falsecount="0"/>
        <line num="26" count="19" type="stmt"/>
        <line num="27" count="19" type="stmt"/>
        <line num="28" count="23" type="cond" truecount="3" falsecount="0"/>
        <line num="29" count="1" type="stmt"/>
        <line num="30" count="1" type="stmt"/>
        <line num="31" count="1" type="cond" truecount="1" falsecount="0"/>
        <line num="33" count="22" type="stmt"/>
        <line num="34" count="22" type="stmt"/>
        <line num="35" count="22" type="stmt"/>
        <line num="37" count="22" type="stmt"/>
        <line num="39" count="22" type="stmt"/>
        <line num="40" count="22" type="stmt"/>
        <line num="41" count="22" type="stmt"/>
        <line num="42" count="22" type="stmt"/>
        <line num="43" count="22" type="stmt"/>
        <line num="44" count="22" type="stmt"/>
        <line num="45" count="22" type="stmt"/>
        <line num="46" count="22" type="stmt"/>
        <line num="47" count="22" type="stmt"/>
        <line num="48" count="22" type="stmt"/>
        <line num="49" count="22" type="stmt"/>
        <line num="50" count="22" type="stmt"/>
        <line num="51" count="22" type="stmt"/>
        <line num="52" count="22" type="stmt"/>
        <line num="53" count="22" type="stmt"/>
        <line num="54" count="22" type="stmt"/>
        <line num="55" count="22" type="stmt"/>
        <line num="56" count="22" type="stmt"/>
        <line num="57" count="22" type="stmt"/>
        <line num="58" count="22" type="stmt"/>
        <line num="59" count="22" type="stmt"/>
        <line num="60" count="22" type="stmt"/>
        <line num="61" count="22" type="stmt"/>
        <line num="62" count="22" type="stmt"/>
        <line num="63" count="22" type="stmt"/>
        <line num="64" count="22" type="stmt"/>
        <line num="65" count="22" type="stmt"/>
        <line num="66" count="22" type="stmt"/>
        <line num="67" count="22" type="stmt"/>
        <line num="70" count="22" type="stmt"/>
        <line num="71" count="22" type="stmt"/>
        <line num="72" count="22" type="stmt"/>
        <line num="73" count="22" type="stmt"/>
        <line num="74" count="22" type="stmt"/>
        <line num="75" count="22" type="stmt"/>
        <line num="76" count="22" type="stmt"/>
        <line num="77" count="22" type="stmt"/>
        <line num="78" count="22" type="stmt"/>
        <line num="79" count="22" type="stmt"/>
        <line num="80" count="22" type="stmt"/>
        <line num="81" count="22" type="stmt"/>
        <line num="82" count="22" type="stmt"/>
        <line num="83" count="22" type="stmt"/>
        <line num="84" count="22" type="stmt"/>
        <line num="85" count="22" type="stmt"/>
        <line num="86" count="22" type="stmt"/>
        <line num="87" count="22" type="stmt"/>
        <line num="88" count="22" type="stmt"/>
        <line num="90" count="22" type="cond" truecount="1" falsecount="0"/>
        <line num="91" count="20" type="stmt"/>
        <line num="92" count="20" type="stmt"/>
        <line num="93" count="20" type="stmt"/>
        <line num="94" count="20" type="stmt"/>
        <line num="95" count="20" type="stmt"/>
        <line num="96" count="20" type="stmt"/>
        <line num="97" count="20" type="stmt"/>
        <line num="98" count="20" type="stmt"/>
        <line num="101" count="23" type="cond" truecount="1" falsecount="0"/>
        <line num="102" count="14" type="stmt"/>
        <line num="103" count="14" type="stmt"/>
        <line num="104" count="14" type="stmt"/>
        <line num="105" count="14" type="stmt"/>
        <line num="106" count="14" type="stmt"/>
        <line num="107" count="14" type="stmt"/>
        <line num="108" count="14" type="stmt"/>
        <line num="109" count="14" type="stmt"/>
        <line num="110" count="14" type="stmt"/>
        <line num="111" count="14" type="stmt"/>
        <line num="112" count="14" type="stmt"/>
        <line num="113" count="14" type="stmt"/>
        <line num="114" count="14" type="stmt"/>
        <line num="115" count="14" type="stmt"/>
        <line num="116" count="14" type="stmt"/>
        <line num="117" count="14" type="stmt"/>
        <line num="120" count="23" type="stmt"/>
        <line num="121" count="23" type="stmt"/>
        <line num="122" count="23" type="stmt"/>
        <line num="123" count="23" type="stmt"/>
        <line num="124" count="23" type="stmt"/>
        <line num="126" count="23" type="stmt"/>
        <line num="127" count="23" type="stmt"/>
        <line num="128" count="23" type="stmt"/>
        <line num="129" count="23" type="stmt"/>
        <line num="130" count="23" type="stmt"/>
        <line num="131" count="23" type="stmt"/>
        <line num="133" count="23" type="stmt"/>
        <line num="134" count="23" type="stmt"/>
        <line num="135" count="23" type="stmt"/>
        <line num="136" count="23" type="stmt"/>
        <line num="137" count="23" type="stmt"/>
        <line num="138" count="23" type="stmt"/>
        <line num="140" count="23" type="stmt"/>
        <line num="141" count="23" type="stmt"/>
        <line num="142" count="23" type="stmt"/>
        <line num="143" count="23" type="stmt"/>
        <line num="145" count="23" type="stmt"/>
        <line num="147" count="1" type="stmt"/>
      </file>
      <file name="Select.jsx" path="/home/artur/PycharmProjects/b2v_UoP_kalkulator/src/dashboard/src/components/Select.jsx">
        <metrics statements="37" coveredstatements="31" conditionals="7" coveredconditionals="3" methods="1" coveredmethods="1"/>
        <line num="1" count="1" type="stmt"/>
        <line num="2" count="1" type="stmt"/>
        <line num="15" count="1" type="cond" truecount="1" falsecount="0"/>
        <line num="16" count="822" type="cond" truecount="0" falsecount="1"/>
        <line num="18" count="822" type="stmt"/>
        <line num="19" count="822" type="stmt"/>
        <line num="20" count="822" type="stmt"/>
        <line num="21" count="822" type="stmt"/>
        <line num="22" count="822" type="stmt"/>
        <line num="23" count="822" type="stmt"/>
        <line num="24" count="822" type="stmt"/>
        <line num="25" count="822" type="stmt"/>
        <line num="26" count="822" type="stmt"/>
        <line num="27" count="822" type="stmt"/>
        <line num="28" count="822" type="stmt"/>
        <line num="29" count="822" type="stmt"/>
        <line num="30" count="822" type="stmt"/>
        <line num="31" count="822" type="stmt"/>
        <line num="33" count="822" type="cond" truecount="1" falsecount="0"/>
        <line num="34" count="2432" type="stmt"/>
        <line num="35" count="2432" type="stmt"/>
        <line num="36" count="2432" type="stmt"/>
        <line num="37" count="822" type="stmt"/>
        <line num="38" count="822" type="stmt"/>
        <line num="39" count="822" type="cond" truecount="0" falsecount="1"/>
        <line num="40" count="0" type="stmt"/>
        <line num="41" count="0" type="stmt"/>
        <line num="42" count="0" type="stmt"/>
        <line num="44" count="822" type="cond" truecount="1" falsecount="0"/>
        <line num="45" count="2432" type="cond" truecount="0" falsecount="2"/>
        <line num="46" count="0" type="stmt"/>
        <line num="47" count="0" type="stmt"/>
        <line num="48" count="0" type="stmt"/>
        <line num="50" count="822" type="stmt"/>
        <line num="51" count="822" type="stmt"/>
        <line num="53" count="822" type="stmt"/>
        <line num="55" count="1" type="stmt"/>
      </file>
      <file name="SensitivityChart.jsx" path="/home/artur/PycharmProjects/b2v_UoP_kalkulator/src/dashboard/src/components/SensitivityChart.jsx">
        <metrics statements="74" coveredstatements="73" conditionals="13" coveredconditionals="11" methods="1" coveredmethods="1"/>
        <line num="1" count="1" type="stmt"/>
        <line num="2" count="1" type="stmt"/>
        <line num="3" count="1" type="stmt"/>
        <line num="4" count="1" type="stmt"/>
        <line num="5" count="1" type="stmt"/>
        <line num="7" count="1" type="stmt"/>
        <line num="9" count="1" type="cond" truecount="1" falsecount="0"/>
        <line num="10" count="41" type="stmt"/>
        <line num="11" count="41" type="stmt"/>
        <line num="12" count="41" type="stmt"/>
        <line num="14" count="41" type="cond" truecount="1" falsecount="0"/>
        <line num="15" count="17" type="cond" truecount="0" falsecount="1"/>
        <line num="17" count="17" type="cond" truecount="1" falsecount="0"/>
        <line num="18" count="17" type="stmt"/>
        <line num="19" count="17" type="stmt"/>
        <line num="20" count="17" type="stmt"/>
        <line num="22" count="17" type="cond" truecount="1" falsecount="0"/>
        <line num="24" count="17" type="cond" truecount="1" falsecount="0"/>
        <line num="25" count="17" type="cond" truecount="1" falsecount="0"/>
        <line num="27" count="17" type="stmt"/>
        <line num="28" count="17" type="stmt"/>
        <line num="29" count="17" type="stmt"/>
        <line num="30" count="17" type="stmt"/>
        <line num="31" count="17" type="stmt"/>
        <line num="32" count="17" type="stmt"/>
        <line num="33" count="17" type="stmt"/>
        <line num="34" count="17" type="stmt"/>
        <line num="35" count="17" type="stmt"/>
        <line num="36" count="17" type="stmt"/>
        <line num="37" count="17" type="stmt"/>
        <line num="38" count="17" type="stmt"/>
        <line num="39" count="17" type="cond" truecount="0" falsecount="1"/>
        <line num="40" count="0" type="stmt"/>
        <line num="41" count="17" type="stmt"/>
        <line num="42" count="17" type="stmt"/>
        <line num="43" count="17" type="stmt"/>
        <line num="44" count="17" type="stmt"/>
        <line num="46" count="17" type="stmt"/>
[...]
        <line num="78" count="1" type="stmt"/>
        <line num="79" count="1" type="stmt"/>
        <line num="81" count="1" type="stmt"/>
        <line num="82" count="1" type="stmt"/>
        <line num="83" count="1" type="stmt"/>
        <line num="84" count="1" type="stmt"/>
        <line num="86" count="1" type="stmt"/>
        <line num="88" count="1" type="stmt"/>
      </file>
      <file name="SkeletonLoader.jsx" path="/home/artur/PycharmProjects/b2v_UoP_kalkulator/src/dashboard/src/components/SkeletonLoader.jsx">
        <metrics statements="13" coveredstatements="13" conditionals="1" coveredconditionals="1" methods="1" coveredmethods="1"/>
        <line num="1" count="1" type="stmt"/>
        <line num="3" count="1" type="cond" truecount="1" falsecount="0"/>
        <line num="4" count="11" type="stmt"/>
        <line num="5" count="11" type="stmt"/>
        <line num="6" count="11" type="stmt"/>
        <line num="7" count="11" type="stmt"/>
        <line num="8" count="11" type="stmt"/>
        <line num="9" count="11" type="stmt"/>
        <line num="10" count="11" type="stmt"/>
        <line num="11" count="11" type="stmt"/>
        <line num="12" count="11" type="stmt"/>
        <line num="14" count="11" type="stmt"/>
        <line num="16" count="1" type="stmt"/>
      </file>
      <file name="Tooltip.jsx" path="/home/artur/PycharmProjects/b2v_UoP_kalkulator/src/dashboard/src/components/Tooltip.jsx">
        <metrics statements="17" coveredstatements="17" conditionals="4" coveredconditionals="4" methods="3" coveredmethods="3"/>
        <line num="1" count="1" type="stmt"/>
        <line num="9" count="1" type="cond" truecount="1" falsecount="0"/>
        <line num="10" count="1158" type="stmt"/>
        <line num="12" count="1158" type="stmt"/>
        <line num="13" count="1158" type="stmt"/>
        <line num="14" count="1158" type="stmt"/>
        <line num="15" count="1158" type="cond" truecount="1" falsecount="0"/>
        <line num="16" count="1158" type="cond" truecount="1" falsecount="0"/>
        <line num="18" count="1158" type="stmt"/>
        <line num="19" count="1158" type="cond" truecount="1" falsecount="0"/>
        <line num="20" count="3" type="stmt"/>
        <line num="21" count="3" type="stmt"/>
        <line num="22" count="3" type="stmt"/>
        <line num="23" count="3" type="stmt"/>
        <line num="25" count="1158" type="stmt"/>
        <line num="27" count="1158" type="stmt"/>
        <line num="29" count="1" type="stmt"/>
      </file>
      <file name="WaterfallChart.jsx" path="/home/artur/PycharmProjects/b2v_UoP_kalkulator/src/dashboard/src/components/WaterfallChart.jsx">
        <metrics statements="133" coveredstatements="104" conditionals="13" coveredconditionals="10" methods="4" coveredmethods="1"/>
        <line num="1" count="1" type="stmt"/>
        <line num="2" count="1" type="stmt"/>
        <line num="3" count="1" type="stmt"/>
        <line num="4" count="1" type="stmt"/>
        <line num="6" count="1" type="stmt"/>
        <line num="8" count="1" type="cond" truecount="1" falsecount="0"/>
        <line num="9" count="18" type="stmt"/>
        <line num="10" count="18" type="stmt"/>
        <line num="12" count="18" type="cond" truecount="2" falsecount="0"/>
        <line num="13" count="1" type="stmt"/>
        <line num="14" count="1" type="cond" truecount="1" falsecount="0"/>
        <line num="16" count="16" type="cond" truecount="1" falsecount="0"/>
        <line num="17" count="16" type="cond" truecount="2" falsecount="0"/>
        <line num="19" count="15" type="stmt"/>
        <line num="20" count="15" type="stmt"/>
        <line num="21" count="15" type="stmt"/>
        <line num="23" count="15" type="stmt"/>
        <line num="24" count="15" type="stmt"/>
        <line num="25" count="15" type="stmt"/>
        <line num="26" count="15" type="stmt"/>
        <line num="27" count="15" type="stmt"/>
        <line num="28" count="15" type="stmt"/>
        <line num="29" count="15" type="stmt"/>
        <line num="30" count="15" type="stmt"/>
        <line num="31" count="15" type="stmt"/>
        <line num="32" count="15" type="stmt"/>
        <line num="33" count="15" type="stmt"/>
        <line num="34" count="15" type="stmt"/>
        <line num="35" count="15" type="stmt"/>
        <line num="36" count="15" type="stmt"/>
        <line num="38" count="15" type="stmt"/>
        <line num="39" count="15" type="stmt"/>
        <line num="40" count="15" type="stmt"/>
        <line num="42" count="15" type="stmt"/>
        <line num="43" count="15" type="stmt"/>
        <line num="44" count="15" type="stmt"/>
        <line num="46" count="15" type="stmt"/>
        <line num="47" count="15" type="stmt"/>
        <line num="48" count="15" type="stmt"/>
        <line num="49" count="15" type="stmt"/>
        <line num="51" count="15" type="stmt"/>
        <line num="52" count="15" type="stmt"/>
        <line num="53" count="15" type="stmt"/>
        <line num="55" count="15" type="stmt"/>
        <line num="56" count="15" type="stmt"/>
        <line num="57" count="15" type="stmt"/>
        <line num="58" count="15" type="stmt"/>
        <line num="60" count="15" type="stmt"/>
        <line num="61" count="15" type="stmt"/>
        <line num="62" count="15" type="stmt"/>
        <line num="64" count="15" type="stmt"/>
        <line num="65" count="15" type="stmt"/>
        <line num="67" count="16" type="cond" truecount="0" falsecount="1"/>
        <line num="68" count="0" type="stmt"/>
        <line num="69" count="0" type="stmt"/>
        <line num="70" count="0" type="stmt"/>
        <line num="71" count="0" type="stmt"/>
        <line num="72" count="0" type="stmt"/>
        <line num="73" count="0" type="stmt"/>
        <line num="74" count="0" type="stmt"/>
        <line num="75" count="0" type="stmt"/>
        <line num="77" count="0" type="stmt"/>
        <line num="78" count="0" type="stmt"/>
        <line num="79" count="0" type="stmt"/>
        <line num="81" count="0" type="stmt"/>
        <line num="82" count="0" type="stmt"/>
        <line num="83" count="0" type="stmt"/>
        <line num="84" count="0" type="stmt"/>
        <line num="86" count="0" type="stmt"/>
        <line num="87" count="0" type="stmt"/>
        <line num="88" count="0" type="stmt"/>
        <line num="90" count="0" type="stmt"/>
        <line num="91" count="0" type="stmt"/>
        <line num="92" count="0" type="stmt"/>
        <line num="94" count="0" type="stmt"/>
        <line num="95" count="0" type="stmt"/>
        <line num="96" count="0" type="cond" truecount="1" falsecount="0"/>
        <line num="98" count="15" type="stmt"/>
        <line num="99" count="15" type="stmt"/>
        <line num="100" count="15" type="stmt"/>
        <line num="101" count="15" type="stmt"/>
        <line num="102" count="15" type="stmt"/>
        <line num="103" count="15" type="stmt"/>
        <line num="104" count="0" type="stmt"/>
        <line num="105" count="0" type="stmt"/>
        <line num="106" count="0" type="stmt"/>
        <line num="107" count="0" type="stmt"/>
        <line num="108" count="0" type="stmt"/>
        <line num="109" count="15" type="stmt"/>
        <line num="110" count="15" type="stmt"/>
        <line num="111" count="15" type="stmt"/>
        <line num="112" count="15" type="stmt"/>
        <line num="113" count="16" type="stmt"/>
        <line num="115" count="18" type="stmt"/>
        <line num="117" count="18" type="stmt"/>
        <line num="118" count="18" type="stmt"/>
        <line num="119" count="18" type="stmt"/>
        <line num="120" count="18" type="stmt"/>
        <line num="121" count="18" type="stmt"/>
        <line num="122" count="18" type="stmt"/>
        <line num="123" count="18" type="stmt"/>
        <line num="124" count="18" type="stmt"/>
        <line num="125" count="18" type="stmt"/>
        <line num="126" count="18" type="stmt"/>
        <line num="127" count="18" type="stmt"/>
        <line num="128" count="18" type="stmt"/>
        <line num="129" count="18" type="stmt"/>
        <line num="130" count="18" type="stmt"/>
        <line num="131" count="18" type="stmt"/>
        <line num="132" count="18" type="stmt"/>
        <line num="133" count="18" type="stmt"/>
        <line num="134" count="18" type="stmt"/>
        <line num="135" count="18" type="stmt"/>
        <line num="136" count="18" type="stmt"/>
        <line num="137" count="18" type="stmt"/>
        <line num="139" count="18" type="stmt"/>
        <line num="140" count="18" type="stmt"/>
        <line num="141" count="18" type="stmt"/>
        <line num="142" count="18" type="stmt"/>
        <line num="143" count="18" type="stmt"/>
        <line num="144" count="18" type="cond" truecount="1" falsecount="1"/>
        <line num="146" count="18" type="stmt"/>
        <line num="147" count="18" type="stmt"/>
        <line num="148" count="18" type="stmt"/>
        <line num="149" count="18" type="stmt"/>
        <line num="150" count="18" type="cond" truecount="1" falsecount="1"/>
        <line num="152" count="18" type="stmt"/>
        <line num="153" count="18" type="stmt"/>
        <line num="154" count="18" type="stmt"/>
        <line num="155" count="18" type="stmt"/>
        <line num="156" count="18" type="stmt"/>
        <line num="158" count="18" type="stmt"/>
        <line num="160" count="1" type="stmt"/>
      </file>
    </package>
    <package name="dashboard.src.data">
      <metrics statements="113" coveredstatements="113" conditionals="0" coveredconditionals="0" methods="0" coveredmethods="0"/>
      <file name="insuranceOptions.js" path="/home/artur/PycharmProjects/b2v_UoP_kalkulator/src/dashboard/src/data/insuranceOptions.js">
        <metrics statements="113" coveredstatements="113" conditionals="0" coveredconditionals="0" methods="0" coveredmethods="0"/>
        <line num="1" count="1" type="stmt"/>
        <line num="3" count="1" type="stmt"/>
        <line num="4" count="1" type="stmt"/>
        <line num="5" count="1" type="stmt"/>
        <line num="6" count="1" type="stmt"/>
        <line num="7" count="1" type="stmt"/>
        <line num="8" count="1" type="stmt"/>
        <line num="9" count="1" type="stmt"/>
        <line num="10" count="1" type="stmt"/>
        <line num="11" count="1" type="stmt"/>
        <line num="12" count="1" type="stmt"/>
        <line num="13" count="1" type="stmt"/>
        <line num="14" count="1" type="stmt"/>
        <line num="15" count="1" type="stmt"/>
        <line num="16" count="1" type="stmt"/>
        <line num="17" count="1" type="stmt"/>
        <line num="18" count="1" type="stmt"/>
        <line num="19" count="1" type="stmt"/>
        <line num="20" count="1" type="stmt"/>
        <line num="21" count="1" type="stmt"/>
        <line num="22" count="1" type="stmt"/>
        <line num="23" count="1" type="stmt"/>
        <line num="24" count="1" type="stmt"/>
        <line num="25" count="1" type="stmt"/>
        <line num="26" count="1" type="stmt"/>
        <line num="27" count="1" type="stmt"/>
        <line num="28" count="1" type="stmt"/>
        <line num="29" count="1" type="stmt"/>
        <line num="30" count="1" type="stmt"/>
        <line num="31" count="1" type="stmt"/>
        <line num="32" count="1" type="stmt"/>
        <line num="33" count="1" type="stmt"/>
        <line num="34" count="1" type="stmt"/>
        <line num="35" count="1" type="stmt"/>
        <line num="36" count="1" type="stmt"/>
        <line num="37" count="1" type="stmt"/>
        <line num="38" count="1" type="stmt"/>
        <line num="39" count="1" type="stmt"/>
        <line num="40" count="1" type="stmt"/>
        <line num="41" count="1" type="stmt"/>
        <line num="42" count="1" type="stmt"/>
        <line num="43" count="1" type="stmt"/>
        <line num="44" count="1" type="stmt"/>
        <line num="45" count="1" type="stmt"/>
        <line num="46" count="1" type="stmt"/>
        <line num="47" count="1" type="stmt"/>
        <line num="48" count="1" type="stmt"/>
        <line num="49" count="1" type="stmt"/>
        <line num="50" count="1" type="stmt"/>
        <line num="51" count="1" type="stmt"/>
        <line num="52" count="1" type="stmt"/>
        <line num="53" count="1" type="stmt"/>
        <line num="54" count="1" type="stmt"/>
        <line num="55" count="1" type="stmt"/>
        <line num="56" count="1" type="stmt"/>
        <line num="57" count="1" type="stmt"/>
        <line num="58" count="1" type="stmt"/>
        <line num="59" count="1" type="stmt"/>
        <line num="60" count="1" type="stmt"/>
        <line num="61" count="1" type="stmt"/>
        <line num="62" count="1" type="stmt"/>
        <line num="63" count="1" type="stmt"/>
        <line num="64" count="1" type="stmt"/>
        <line num="65" count="1" type="stmt"/>
        <line num="66" count="1" type="stmt"/>
        <line num="67" count="1" type="stmt"/>
        <line num="68" count="1" type="stmt"/>
        <line num="69" count="1" type="stmt"/>
        <line num="70" count="1" type="stmt"/>
        <line num="71" count="1" type="stmt"/>
        <line num="72" count="1" type="stmt"/>
        <line num="73" count="1" type="stmt"/>
        <line num="74" count="1" type="stmt"/>
        <line num="75" count="1" type="stmt"/>
        <line num="76" count="1" type="stmt"/>
        <line num="77" count="1" type="stmt"/>
        <line num="78" count="1" type="stmt"/>
        <line num="79" count="1" type="stmt"/>
        <line num="80" count="1" type="stmt"/>
        <line num="81" count="1" type="stmt"/>
        <line num="82" count="1" type="stmt"/>
        <line num="83" count="1" type="stmt"/>
        <line num="84" count="1" type="stmt"/>
        <line num="85" count="1" type="stmt"/>
        <line num="87" count="1" type="stmt"/>
        <line num="88" count="1" type="stmt"/>
        <line num="89" count="1" type="stmt"/>
        <line num="90" count="1" type="stmt"/>
        <line num="91" count="1" type="stmt"/>
        <line num="92" count="1" type="stmt"/>
        <line num="93" count="1" type="stmt"/>
        <line num="94" count="1" type="stmt"/>
        <line num="95" count="1" type="stmt"/>
        <line num="96" count="1" type="stmt"/>
        <line num="97" count="1" type="stmt"/>
        <line num="98" count="1" type="stmt"/>
        <line num="99" count="1" type="stmt"/>
        <line num="100" count="1" type="stmt"/>
        <line num="101" count="1" type="stmt"/>
        <line num="102" count="1" type="stmt"/>
        <line num="103" count="1" type="stmt"/>
        <line num="104" count="1" type="stmt"/>
        <line num="105" count="1" type="stmt"/>
        <line num="106" count="1" type="stmt"/>
        <line num="107" count="1" type="stmt"/>
        <line num="108" count="1" type="stmt"/>
        <line num="109" count="1" type="stmt"/>
        <line num="110" count="1" type="stmt"/>
        <line num="111" count="1" type="stmt"/>
        <line num="112" count="1" type="stmt"/>
        <line num="113" count="1" type="stmt"/>
        <line num="114" count="1" type="stmt"/>
        <line num="115" count="1" type="stmt"/>
      </file>
    </package>
    <package name="dashboard.src.services">
      <metrics statements="62" coveredstatements="62" conditionals="14" coveredconditionals="13" methods="7" coveredmethods="7"/>
      <file name="api.js" path="/home/artur/PycharmProjects/b2v_UoP_kalkulator/src/dashboard/src/services/api.js">
        <metrics statements="62" coveredstatements="62" conditionals="14" coveredconditionals="13" methods="7" coveredmethods="7"/>
        <line num="1" count="1" type="stmt"/>
        <line num="3" count="1" type="stmt"/>
        <line num="5" count="1" type="cond" truecount="1" falsecount="0"/>
        <line num="6" count="6" type="cond" truecount="0" falsecount="1"/>
        <line num="7" count="6" type="stmt"/>
        <line num="8" count="6" type="stmt"/>
        <line num="10" count="1" type="cond" truecount="1" falsecount="0"/>
        <line num="11" count="2" type="stmt"/>
        <line num="12" count="2" type="stmt"/>
        <line num="13" count="2" type="stmt"/>
        <line num="14" count="2" type="cond" truecount="1" falsecount="0"/>
        <line num="15" count="1" type="stmt"/>
        <line num="16" count="1" type="stmt"/>
        <line num="17" count="1" type="stmt"/>
        <line num="18" count="1" type="stmt"/>
        <line num="19" count="2" type="stmt"/>
        <line num="21" count="1" type="cond" truecount="1" falsecount="0"/>
        <line num="22" count="2" type="stmt"/>
        <line num="23" count="2" type="stmt"/>
        <line num="24" count="2" type="stmt"/>
        <line num="25" count="2" type="cond" truecount="1" falsecount="0"/>
        <line num="26" count="1" type="stmt"/>
        <line num="27" count="1" type="stmt"/>
        <line num="28" count="1" type="stmt"/>
        <line num="29" count="1" type="stmt"/>
        <line num="30" count="2" type="stmt"/>
        <line num="32" count="1" type="cond" truecount="1" falsecount="0"/>
        <line num="33" count="2" type="stmt"/>
        <line num="34" count="2" type="stmt"/>
        <line num="35" count="2" type="stmt"/>
        <line num="36" count="2" type="cond" truecount="1" falsecount="0"/>
        <line num="37" count="1" type="stmt"/>
        <line num="38" count="1" type="stmt"/>
        <line num="39" count="1" type="stmt"/>
        <line num="40" count="1" type="stmt"/>
        <line num="41" count="2" type="stmt"/>
        <line num="43" count="1" type="cond" truecount="1" falsecount="0"/>
        <line num="44" count="2" type="stmt"/>
        <line num="45" count="2" type="stmt"/>
        <line num="46" count="2" type="stmt"/>
        <line num="47" count="2" type="cond" truecount="1" falsecount="0"/>
        <line num="48" count="1" type="stmt"/>
        <line num="49" count="1" type="stmt"/>
        <line num="50" count="1" type="stmt"/>
        <line num="51" count="1" type="stmt"/>
        <line num="52" count="2" type="stmt"/>
        <line num="54" count="1" type="cond" truecount="1" falsecount="0"/>
        <line num="55" count="2" type="stmt"/>
        <line num="56" count="2" type="cond" truecount="1" falsecount="0"/>
        <line num="57" count="1" type="stmt"/>
        <line num="58" count="1" type="stmt"/>
        <line num="59" count="1" type="stmt"/>
        <line num="60" count="1" type="stmt"/>
        <line num="61" count="2" type="stmt"/>
        <line num="63" count="1" type="cond" truecount="1" falsecount="0"/>
        <line num="64" count="2" type="stmt"/>
        <line num="65" count="2" type="cond" truecount="1" falsecount="0"/>
        <line num="66" count="1" type="stmt"/>
        <line num="67" count="1" type="stmt"/>
        <line num="68" count="1" type="stmt"/>
        <line num="69" count="1" type="stmt"/>
        <line num="70" count="2" type="stmt"/>
      </file>
    </package>
    <package name="dashboard.src.utils">
      <metrics statements="9" coveredstatements="9" conditionals="2" coveredconditionals="2" methods="2" coveredmethods="2"/>
      <file name="test-utils.jsx" path="/home/artur/PycharmProjects/b2v_UoP_kalkulator/src/dashboard/src/utils/test-utils.jsx">
        <metrics statements="9" coveredstatements="9" conditionals="2" coveredconditionals="2" methods="2" coveredmethods="2"/>
        <line num="1" count="1" type="stmt"/>
        <line num="6" count="1" type="cond" truecount="1" falsecount="0"/>
        <line num="7" count="52" type="stmt"/>
        <line num="8" count="52" type="stmt"/>
        <line num="9" count="52" type="stmt"/>
        <line num="10" count="52" type="stmt"/>
        <line num="12" count="52" type="stmt"/>
        <line num="14" count="1" type="cond" truecount="1" falsecount="0"/>
        <line num="15" count="51" type="stmt"/>
      </file>
    </package>
  </project>
</coverage>
