<?xml version="1.0" encoding="UTF-8"?>
<coverage generated="1753714705206" clover="3.2.0">
  <project timestamp="1753714705206" name="All files">
    <metrics statements="930" coveredstatements="816" conditionals="77" coveredconditionals="71" methods="23" coveredmethods="19" elements="1030" coveredelements="906" complexity="0" loc="930" ncloc="930" packages="5" files="15" classes="15"/>
    <package name="dashboard">
      <metrics statements="52" coveredstatements="0" conditionals="3" coveredconditionals="0" methods="3" coveredmethods="0"/>
      <file name="postcss.config.js" path="/home/artur/PycharmProjects/b2v_UoP_kalkulator/src/dashboard/postcss.config.js">
        <metrics statements="6" coveredstatements="0" conditionals="1" coveredconditionals="0" methods="1" coveredmethods="0"/>
        <line num="1" count="0" type="cond" truecount="0" falsecount="1"/>
        <line num="2" count="0" type="stmt"/>
        <line num="3" count="0" type="stmt"/>
        <line num="4" count="0" type="stmt"/>
        <line num="5" count="0" type="stmt"/>
        <line num="6" count="0" type="stmt"/>
      </file>
      <file name="tailwind.config.js" path="/home/artur/PycharmProjects/b2v_UoP_kalkulator/src/dashboard/tailwind.config.js">
        <metrics statements="22" coveredstatements="0" conditionals="1" coveredconditionals="0" methods="1" coveredmethods="0"/>
        <line num="1" count="0" type="cond" truecount="0" falsecount="1"/>
        <line num="2" count="0" type="stmt"/>
        <line num="3" count="0" type="stmt"/>
        <line num="4" count="0" type="stmt"/>
        <line num="5" count="0" type="stmt"/>
        <line num="6" count="0" type="stmt"/>
        <line num="7" count="0" type="stmt"/>
        <line num="8" count="0" type="stmt"/>
        <line num="9" count="0" type="stmt"/>
        <line num="10" count="0" type="stmt"/>
        <line num="11" count="0" type="stmt"/>
        <line num="12" count="0" type="stmt"/>
        <line num="13" count="0" type="stmt"/>
        <line num="14" count="0" type="stmt"/>
        <line num="15" count="0" type="stmt"/>
        <line num="16" count="0" type="stmt"/>
        <line num="17" count="0" type="stmt"/>
        <line num="18" count="0" type="stmt"/>
        <line num="19" count="0" type="stmt"/>
        <line num="20" count="0" type="stmt"/>
        <line num="21" count="0" type="stmt"/>
        <line num="22" count="0" type="stmt"/>
      </file>
      <file name="vite.config.js" path="/home/artur/PycharmProjects/b2v_UoP_kalkulator/src/dashboard/vite.config.js">
        <metrics statements="24" coveredstatements="0" conditionals="1" coveredconditionals="0" methods="1" coveredmethods="0"/>
        <line num="1" count="0" type="cond" truecount="0" falsecount="1"/>
        <line num="2" count="0" type="stmt"/>
        <line num="3" count="0" type="stmt"/>
        <line num="4" count="0" type="stmt"/>
        <line num="5" count="0" type="stmt"/>
        <line num="6" count="0" type="stmt"/>
        <line num="7" count="0" type="stmt"/>
        <line num="8" count="0" type="stmt"/>
        <line num="9" count="0" type="stmt"/>
        <line num="10" count="0" type="stmt"/>
        <line num="11" count="0" type="stmt"/>
        <line num="12" count="0" type="stmt"/>
        <line num="13" count="0" type="stmt"/>
        <line num="14" count="0" type="stmt"/>
        <line num="15" count="0" type="stmt"/>
        <line num="16" count="0" type="stmt"/>
        <line num="17" count="0" type="stmt"/>
        <line num="18" count="0" type="stmt"/>
        <line num="19" count="0" type="stmt"/>
        <line num="20" count="0" type="stmt"/>
        <line num="21" count="0" type="stmt"/>
        <line num="22" count="0" type="stmt"/>
        <line num="23" count="0" type="stmt"/>
        <line num="24" count="0" type="stmt"/>
      </file>
    </package>
    <package name="dashboard.dist.assets">
      <metrics statements="62" coveredstatements="0" conditionals="1" coveredconditionals="0" methods="1" coveredmethods="0"/>
      <file name="index-BZ6rlvaJ.js" path="/home/artur/PycharmProjects/b2v_UoP_kalkulator/src/dashboard/dist/assets/index-BZ6rlvaJ.js">
        <metrics statements="62" coveredstatements="0" conditionals="1" coveredconditionals="0" methods="1" coveredmethods="0"/>
        <line num="1" count="0" type="cond" truecount="0" falsecount="1"/>
        <line num="2" count="0" type="stmt"/>
        <line num="3" count="0" type="stmt"/>
        <line num="4" count="0" type="stmt"/>
        <line num="5" count="0" type="stmt"/>
        <line num="6" count="0" type="stmt"/>
        <line num="7" count="0" type="stmt"/>
        <line num="8" count="0" type="stmt"/>
        <line num="9" count="0" type="stmt"/>
        <line num="10" count="0" type="stmt"/>
        <line num="11" count="0" type="stmt"/>
        <line num="12" count="0" type="stmt"/>
        <line num="13" count="0" type="stmt"/>
        <line num="14" count="0" type="stmt"/>
        <line num="15" count="0" type="stmt"/>
        <line num="16" count="0" type="stmt"/>
        <line num="17" count="0" type="stmt"/>
        <line num="18" count="0" type="stmt"/>
        <line num="19" count="0" type="stmt"/>
        <line num="20" count="0" type="stmt"/>
        <line num="21" count="0" type="stmt"/>
        <line num="22" count="0" type="stmt"/>
        <line num="23" count="0" type="stmt"/>
        <line num="24" count="0" type="stmt"/>
        <line num="25" count="0" type="stmt"/>
        <line num="26" count="0" type="stmt"/>
        <line num="27" count="0" type="stmt"/>
        <line num="28" count="0" type="stmt"/>
        <line num="29" count="0" type="stmt"/>
        <line num="30" count="0" type="stmt"/>
        <line num="31" count="0" type="stmt"/>
        <line num="32" count="0" type="stmt"/>
        <line num="33" count="0" type="stmt"/>
        <line num="34" count="0" type="stmt"/>
        <line num="35" count="0" type="stmt"/>
        <line num="36" count="0" type="stmt"/>
        <line num="37" count="0" type="stmt"/>
        <line num="38" count="0" type="stmt"/>
        <line num="39" count="0" type="stmt"/>
        <line num="40" count="0" type="stmt"/>
        <line num="41" count="0" type="stmt"/>
        <line num="42" count="0" type="stmt"/>
        <line num="43" count="0" type="stmt"/>
        <line num="44" count="0" type="stmt"/>
        <line num="45" count="0" type="stmt"/>
        <line num="46" count="0" type="stmt"/>
        <line num="47" count="0" type="stmt"/>
        <line num="48" count="0" type="stmt"/>
        <line num="49" count="0" type="stmt"/>
        <line num="50" count="0" type="stmt"/>
        <line num="51" count="0" type="stmt"/>
        <line num="52" count="0" type="stmt"/>
        <line num="53" count="0" type="stmt"/>
        <line num="54" count="0" type="stmt"/>
        <line num="55" count="0" type="stmt"/>
        <line num="56" count="0" type="stmt"/>
        <line num="57" count="0" type="stmt"/>
        <line num="58" count="0" type="stmt"/>
        <line num="59" count="0" type="stmt"/>
        <line num="60" count="0" type="stmt"/>
        <line num="61" count="0" type="stmt"/>
        <line num="62" count="0" type="stmt"/>
      </file>
    </package>
    <package name="dashboard.src">
      <metrics statements="136" coveredstatements="136" conditionals="29" coveredconditionals="27" methods="6" coveredmethods="6"/>
      <file name="App.jsx" path="/home/artur/PycharmProjects/b2v_UoP_kalkulator/src/dashboard/src/App.jsx">
        <metrics statements="136" coveredstatements="136" conditionals="29" coveredconditionals="27" methods="6" coveredmethods="6"/>
        <line num="1" count="1" type="stmt"/>
        <line num="2" count="1" type="stmt"/>
        <line num="3" count="1" type="stmt"/>
        <line num="4" count="1" type="stmt"/>
        <line num="5" count="1" type="stmt"/>
        <line num="6" count="1" type="stmt"/>
        <line num="7" count="1" type="stmt"/>
        <line num="8" count="1" type="stmt"/>
        <line num="9" count="1" type="stmt"/>
        <line num="11" count="35" type="cond" truecount="1" falsecount="0"/>
        <line num="12" count="35" type="stmt"/>
        <line num="13" count="35" type="stmt"/>
        <line num="14" count="35" type="stmt"/>
        <line num="15" count="35" type="stmt"/>
        <line num="16" count="35" type="stmt"/>
        <line num="17" count="35" type="stmt"/>
        <line num="18" count="35" type="stmt"/>
        <line num="19" count="35" type="stmt"/>
        <line num="20" count="35" type="stmt"/>
        <line num="21" count="35" type="stmt"/>
        <line num="22" count="35" type="stmt"/>
        <line num="23" count="35" type="stmt"/>
        <line num="24" count="35" type="stmt"/>
        <line num="25" count="35" type="stmt"/>
        <line num="26" count="35" type="stmt"/>
        <line num="27" count="35" type="stmt"/>
        <line num="28" count="35" type="stmt"/>
        <line num="29" count="35" type="stmt"/>
        <line num="30" count="35" type="stmt"/>
        <line num="31" count="35" type="stmt"/>
        <line num="32" count="35" type="stmt"/>
        <line num="34" count="35" type="stmt"/>
        <line num="35" count="35" type="stmt"/>
        <line num="36" count="35" type="stmt"/>
        <line num="37" count="35" type="stmt"/>
        <line num="38" count="35" type="stmt"/>
        <line num="39" count="35" type="stmt"/>
        <line num="41" count="35" type="stmt"/>
        <line num="42" count="35" type="stmt"/>
        <line num="43" count="35" type="stmt"/>
        <line num="45" count="35" type="cond" truecount="1" falsecount="0"/>
        <line num="46" count="3" type="stmt"/>
        <line num="47" count="3" type="cond" truecount="1" falsecount="0"/>
        <line num="48" count="2" type="stmt"/>
        <line num="49" count="2" type="cond" truecount="1" falsecount="0"/>
        <line num="50" count="2" type="stmt"/>
        <line num="51" count="2" type="stmt"/>
        <line num="52" count="2" type="stmt"/>
        <line num="53" count="2" type="stmt"/>
        <line num="54" count="2" type="stmt"/>
        <line num="55" count="2" type="cond" truecount="2" falsecount="0"/>
        <line num="56" count="2" type="stmt"/>
        <line num="57" count="2" type="stmt"/>
        <line num="58" count="2" type="stmt"/>
        <line num="59" count="3" type="cond" truecount="1" falsecount="0"/>
        <line num="60" count="1" type="cond" truecount="1" falsecount="0"/>
        <line num="61" count="1" type="stmt"/>
        <line num="62" count="1" type="cond" truecount="0" falsecount="1"/>
        <line num="63" count="1" type="stmt"/>
        <line num="64" count="1" type="stmt"/>
        <line num="65" count="3" type="stmt"/>
        <line num="67" count="35" type="cond" truecount="1" falsecount="0"/>
        <line num="68" count="3" type="stmt"/>
        <line num="69" count="3" type="cond" truecount="1" falsecount="0"/>
        <line num="70" count="2" type="cond" truecount="1" falsecount="0"/>
        <line num="71" count="2" type="stmt"/>
        <line num="72" count="2" type="cond" truecount="1" falsecount="0"/>
        <line num="73" count="1" type="cond" truecount="1" falsecount="0"/>
        <line num="74" count="1" type="cond" truecount="1" falsecount="0"/>
        <line num="75" count="2" type="stmt"/>
        <line num="76" count="3" type="cond" truecount="1" falsecount="0"/>
        <line num="77" count="1" type="cond" truecount="1" falsecount="0"/>
        <line num="78" count="1" type="stmt"/>
        <line num="79" count="1" type="cond" truecount="0" falsecount="1"/>
        <line num="80" count="1" type="stmt"/>
        <line num="81" count="1" type="stmt"/>
        <line num="82" count="3" type="stmt"/>
        <line num="84" count="35" type="cond" truecount="1" falsecount="0"/>
        <line num="85" count="8" type="stmt"/>
        <line num="86" count="8" type="stmt"/>
        <line num="87" count="8" type="stmt"/>
        <line num="88" count="8" type="stmt"/>
        <line num="89" count="8" type="cond" truecount="1" falsecount="0"/>
        <line num="90" count="6" type="stmt"/>
        <line num="91" count="8" type="cond" truecount="1" falsecount="0"/>
        <line num="92" count="2" type="stmt"/>
        <line num="93" count="2" type="stmt"/>
        <line num="94" count="8" type="stmt"/>
        <line num="95" count="8" type="stmt"/>
        <line num="96" count="8" type="stmt"/>
        <line num="97" count="8" type="stmt"/>
        <line num="99" count="35" type="cond" truecount="1" falsecount="0"/>
        <line num="100" count="2" type="stmt"/>
        <line num="101" count="2" type="stmt"/>
        <line num="102" count="2" type="cond" truecount="1" falsecount="0"/>
        <line num="103" count="1" type="stmt"/>
        <line num="104" count="1" type="stmt"/>
        <line num="105" count="1" type="stmt"/>
        <line num="106" count="1" type="stmt"/>
        <line num="107" count="1" type="stmt"/>
        <line num="108" count="2" type="stmt"/>
        <line num="110" count="35" type="cond" truecount="1" falsecount="0"/>
        <line num="111" count="2" type="stmt"/>
        <line num="112" count="2" type="stmt"/>
        <line num="113" count="2" type="cond" truecount="1" falsecount="0"/>
        <line num="114" count="1" type="stmt"/>
        <line num="115" count="1" type="stmt"/>
        <line num="116" count="1" type="stmt"/>
        <line num="117" count="1" type="stmt"/>
        <line num="118" count="1" type="stmt"/>
        <line num="119" count="2" type="stmt"/>
        <line num="121" count="35" type="stmt"/>
        <line num="122" count="35" type="stmt"/>
        <line num="123" count="35" type="stmt"/>
        <line num="124" count="35" type="stmt"/>
        <line num="125" count="35" type="stmt"/>
        <line num="126" count="35" type="stmt"/>
        <line num="127" count="35" type="stmt"/>
        <line num="128" count="35" type="stmt"/>
        <line num="129" count="35" type="stmt"/>
        <line num="130" count="35" type="stmt"/>
        <line num="131" count="35" type="stmt"/>
        <line num="132" count="35" type="stmt"/>
        <line num="133" count="35" type="stmt"/>
        <line num="135" count="35" type="cond" truecount="1" falsecount="0"/>
        <line num="136" count="35" type="cond" truecount="1" falsecount="0"/>
        <line num="138" count="35" type="cond" truecount="2" falsecount="0"/>
        <line num="139" count="6" type="stmt"/>
        <line num="140" count="6" type="stmt"/>
        <line num="141" count="6" type="stmt"/>
        <line num="142" count="6" type="stmt"/>
        <line num="144" count="35" type="stmt"/>
        <line num="145" count="35" type="stmt"/>
        <line num="146" count="35" type="stmt"/>
        <line num="148" count="35" type="stmt"/>
        <line num="150" count="1" type="stmt"/>
      </file>
    </package>
    <package name="dashboard.src.components">
      <metrics statements="647" coveredstatements="647" conditionals="38" coveredconditionals="38" methods="10" coveredmethods="10"/>
      <file name="Alert.jsx" path="/home/artur/PycharmProjects/b2v_UoP_kalkulator/src/dashboard/src/components/Alert.jsx">
        <metrics statements="45" coveredstatements="45" conditionals="13" coveredconditionals="13" methods="1" coveredmethods="1"/>
        <line num="1" count="1" type="stmt"/>
        <line num="3" count="1" type="cond" truecount="1" falsecount="0"/>
        <line num="4" count="9" type="cond" truecount="2" falsecount="0"/>
        <line num="6" count="7" type="stmt"/>
        <line num="7" count="7" type="stmt"/>
        <line num="8" count="7" type="stmt"/>
        <line num="9" count="7" type="stmt"/>
        <line num="11" count="7" type="stmt"/>
        <line num="12" count="9" type="cond" truecount="1" falsecount="0"/>
        <line num="13" count="3" type="stmt"/>
        <line num="14" count="3" type="stmt"/>
        <line num="15" count="3" type="stmt"/>
        <line num="16" count="3" type="stmt"/>
        <line num="17" count="3" type="stmt"/>
        <line num="18" count="9" type="cond" truecount="1" falsecount="0"/>
        <line num="19" count="1" type="stmt"/>
        <line num="20" count="1" type="stmt"/>
        <line num="21" count="1" type="stmt"/>
        <line num="22" count="1" type="stmt"/>
        <line num="23" count="1" type="stmt"/>
        <line num="24" count="9" type="cond" truecount="1" falsecount="0"/>
        <line num="25" count="1" type="stmt"/>
        <line num="26" count="1" type="stmt"/>
        <line num="27" count="1" type="stmt"/>
        <line num="28" count="1" type="stmt"/>
        <line num="29" count="1" type="stmt"/>
        <line num="30" count="9" type="cond" truecount="1" falsecount="0"/>
        <line num="32" count="2" type="stmt"/>
        <line num="33" count="9" type="cond" truecount="1" falsecount="0"/>
        <line num="35" count="7" type="stmt"/>
        <line num="36" count="7" type="stmt"/>
        <line num="37" count="7" type="stmt"/>
        <line num="38" count="7" type="cond" truecount="1" falsecount="0"/>
        <line num="39" count="3" type="stmt"/>
        <line num="40" count="3" type="stmt"/>
        <line num="41" count="3" type="stmt"/>
        <line num="43" count="9" type="cond" truecount="4" falsecount="0"/>
        <line num="44" count="3" type="stmt"/>
        <line num="45" count="3" type="stmt"/>
        <line num="46" count="3" type="stmt"/>
        <line num="48" count="9" type="stmt"/>
        <line num="49" count="9" type="stmt"/>
        <line num="50" count="9" type="stmt"/>
        <line num="52" count="9" type="stmt"/>
        <line num="54" count="1" type="stmt"/>
      </file>
      <file name="CalculatorForm.jsx" path="/home/artur/PycharmProjects/b2v_UoP_kalkulator/src/dashboard/src/components/CalculatorForm.jsx">
        <metrics statements="262" coveredstatements="262" conditionals="11" coveredconditionals="11" methods="1" coveredmethods="1"/>
        <line num="1" count="1" type="stmt"/>
        <line num="2" count="1" type="stmt"/>
        <line num="3" count="1" type="stmt"/>
        <line num="4" count="1" type="stmt"/>
        <line num="6" count="1" type="cond" truecount="1" falsecount="0"/>
        <line num="7" count="75" type="stmt"/>
        <line num="8" count="75" type="stmt"/>
        <line num="9" count="75" type="stmt"/>
        <line num="10" count="75" type="stmt"/>
        <line num="12" count="75" type="stmt"/>
        <line num="13" count="75" type="stmt"/>
        <line num="14" count="75" type="stmt"/>
        <line num="15" count="75" type="stmt"/>
        <line num="16" count="75" type="stmt"/>
        <line num="17" count="75" type="stmt"/>
        <line num="19" count="75" type="stmt"/>
        <line num="20" count="75" type="stmt"/>
        <line num="21" count="75" type="stmt"/>
        <line num="22" count="75" type="stmt"/>
        <line num="23" count="75" type="stmt"/>
        <line num="24" count="75" type="stmt"/>
        <line num="25" count="75" type="stmt"/>
        <line num="27" count="75" type="stmt"/>
        <line num="28" count="75" type="stmt"/>
        <line num="30" count="75" type="stmt"/>
        <line num="31" count="75" type="stmt"/>
        <line num="32" count="75" type="stmt"/>
        <line num="33" count="75" type="stmt"/>
        <line num="34" count="75" type="stmt"/>
        <line num="35" count="75" type="stmt"/>
        <line num="36" count="75" type="stmt"/>
        <line num="37" count="75" type="stmt"/>
        <line num="38" count="75" type="stmt"/>
        <line num="39" count="75" type="stmt"/>
        <line num="40" count="75" type="stmt"/>
        <line num="41" count="75" type="stmt"/>
        <line num="42" count="75" type="stmt"/>
        <line num="43" count="75" type="stmt"/>
        <line num="44" count="75" type="stmt"/>
        <line num="45" count="75" type="stmt"/>
        <line num="46" count="75" type="stmt"/>
        <line num="47" count="75" type="stmt"/>
        <line num="48" count="75" type="stmt"/>
        <line num="49" count="75" type="stmt"/>
        <line num="50" count="75" type="stmt"/>
        <line num="51" count="75" type="stmt"/>
        <line num="52" count="75" type="stmt"/>
        <line num="53" count="75" type="stmt"/>
        <line num="54" count="75" type="stmt"/>
        <line num="55" count="75" type="stmt"/>
        <line num="56" count="75" type="stmt"/>
        <line num="57" count="75" type="stmt"/>
        <line num="58" count="75" type="stmt"/>
        <line num="59" count="75" type="stmt"/>
        <line num="60" count="75" type="stmt"/>
        <line num="61" count="75" type="stmt"/>
        <line num="62" count="75" type="stmt"/>
        <line num="63" count="75" type="stmt"/>
        <line num="64" count="75" type="stmt"/>
        <line num="65" count="75" type="stmt"/>
        <line num="66" count="75" type="stmt"/>
        <line num="67" count="75" type="stmt"/>
        <line num="68" count="75" type="stmt"/>
        <line num="69" count="75" type="stmt"/>
        <line num="70" count="75" type="stmt"/>
        <line num="71" count="75" type="stmt"/>
        <line num="72" count="75" type="stmt"/>
        <line num="73" count="75" type="stmt"/>
        <line num="74" count="75" type="stmt"/>
        <line num="75" count="75" type="stmt"/>
        <line num="76" count="75" type="stmt"/>
        <line num="77" count="75" type="stmt"/>
        <line num="78" count="75" type="stmt"/>
        <line num="79" count="75" type="stmt"/>
        <line num="80" count="75" type="stmt"/>
        <line num="81" count="75" type="stmt"/>
        <line num="82" count="75" type="stmt"/>
        <line num="83" count="75" type="stmt"/>
        <line num="84" count="75" type="stmt"/>
        <line num="85" count="75" type="stmt"/>
        <line num="86" count="75" type="stmt"/>
        <line num="87" count="75" type="stmt"/>
        <line num="88" count="75" type="stmt"/>
        <line num="89" count="75" type="stmt"/>
        <line num="90" count="75" type="stmt"/>
        <line num="91" count="75" type="stmt"/>
        <line num="92" count="75" type="stmt"/>
        <line num="93" count="75" type="stmt"/>
        <line num="94" count="75" type="stmt"/>
        <line num="95" count="75" type="stmt"/>
        <line num="96" count="75" type="stmt"/>
        <line num="97" count="75" type="stmt"/>
        <line num="98" count="75" type="stmt"/>
        <line num="99" count="75" type="stmt"/>
        <line num="100" count="75" type="stmt"/>
        <line num="101" count="75" type="stmt"/>
        <line num="102" count="75" type="stmt"/>
        <line num="103" count="75" type="stmt"/>
        <line num="104" count="75" type="stmt"/>
        <line num="105" count="75" type="stmt"/>
        <line num="106" count="75" type="stmt"/>
        <line num="107" count="75" type="stmt"/>
        <line num="109" count="75" type="stmt"/>
        <line num="110" count="75" type="stmt"/>
        <line num="111" count="75" type="stmt"/>
        <line num="112" count="75" type="stmt"/>
        <line num="113" count="75" type="stmt"/>
        <line num="114" count="75" type="stmt"/>
        <line num="115" count="75" type="stmt"/>
        <line num="116" count="75" type="cond" truecount="1" falsecount="0"/>
        <line num="117" count="4" type="stmt"/>
        <line num="118" count="4" type="stmt"/>
        <line num="119" count="4" type="stmt"/>
        <line num="120" count="4" type="stmt"/>
        <line num="121" count="4" type="stmt"/>
        <line num="122" count="4" type="stmt"/>
        <line num="123" count="4" type="stmt"/>
        <line num="124" count="4" type="stmt"/>
        <line num="126" count="75" type="stmt"/>
        <line num="127" count="75" type="stmt"/>
        <line num="128" count="75" type="stmt"/>
        <line num="129" count="75" type="stmt"/>
        <line num="130" count="75" type="stmt"/>
        <line num="131" count="75" type="stmt"/>
        <line num="132" count="75" type="cond" truecount="1" falsecount="0"/>
        <line num="133" count="2" type="stmt"/>
        <line num="134" count="2" type="stmt"/>
        <line num="135" count="2" type="stmt"/>
        <line num="136" count="2" type="stmt"/>
        <line num="137" count="2" type="stmt"/>
        <line num="138" count="2" type="stmt"/>
        <line num="139" count="2" type="stmt"/>
        <line num="140" count="2" type="stmt"/>
        <line num="142" count="75" type="stmt"/>
        <line num="143" count="75" type="stmt"/>
        <line num="144" count="75" type="stmt"/>
        <line num="145" count="75" type="stmt"/>
        <line num="146" count="75" type="stmt"/>
        <line num="147" count="75" type="stmt"/>
        <line num="148" count="75" type="cond" truecount="1" falsecount="0"/>
        <line num="149" count="2" type="stmt"/>
        <line num="150" count="2" type="stmt"/>
        <line num="151" count="2" type="stmt"/>
        <line num="152" count="2" type="stmt"/>
        <line num="153" count="2" type="stmt"/>
        <line num="154" count="2" type="stmt"/>
        <line num="155" count="2" type="stmt"/>
        <line num="156" count="2" type="stmt"/>
        <line num="158" count="75" type="stmt"/>
        <line num="159" count="75" type="stmt"/>
        <line num="160" count="75" type="stmt"/>
        <line num="161" count="75" type="stmt"/>
        <line num="162" count="75" type="stmt"/>
        <line num="163" count="75" type="stmt"/>
        <line num="164" count="75" type="cond" truecount="1" falsecount="0"/>
        <line num="165" count="2" type="stmt"/>
        <line num="166" count="2" type="stmt"/>
        <line num="167" count="2" type="stmt"/>
        <line num="168" count="2" type="stmt"/>
        <line num="169" count="2" type="stmt"/>
        <line num="170" count="2" type="stmt"/>
        <line num="171" count="2" type="stmt"/>
        <line num="172" count="2" type="stmt"/>
        <line num="174" count="75" type="stmt"/>
        <line num="175" count="75" type="stmt"/>
        <line num="176" count="75" type="stmt"/>
        <line num="177" count="75" type="stmt"/>
        <line num="178" count="75" type="stmt"/>
        <line num="179" count="75" type="stmt"/>
        <line num="180" count="75" type="cond" truecount="1" falsecount="0"/>
        <line num="181" count="2" type="stmt"/>
        <line num="182" count="2" type="stmt"/>
        <line num="183" count="2" type="stmt"/>
        <line num="184" count="2" type="stmt"/>
        <line num="185" count="2" type="stmt"/>
        <line num="186" count="2" type="stmt"/>
        <line num="187" count="2" type="stmt"/>
        <line num="188" count="2" type="stmt"/>
        <line num="190" count="75" type="stmt"/>
        <line num="191" count="75" type="stmt"/>
        <line num="192" count="75" type="stmt"/>
        <line num="193" count="75" type="stmt"/>
        <line num="194" count="75" type="stmt"/>
        <line num="195" count="75" type="stmt"/>
        <line num="196" count="75" type="cond" truecount="1" falsecount="0"/>
        <line num="197" count="2" type="stmt"/>
        <line num="198" count="2" type="stmt"/>
        <line num="199" count="2" type="stmt"/>
        <line num="200" count="2" type="stmt"/>
        <line num="201" count="2" type="stmt"/>
        <line num="202" count="2" type="stmt"/>
        <line num="203" count="2" type="stmt"/>
        <line num="204" count="2" type="stmt"/>
        <line num="206" count="75" type="stmt"/>
        <line num="207" count="75" type="stmt"/>
        <line num="208" count="75" type="stmt"/>
        <line num="209" count="75" type="stmt"/>
        <line num="210" count="75" type="stmt"/>
        <line num="211" count="75" type="stmt"/>
        <line num="212" count="75" type="cond" truecount="1" falsecount="0"/>
        <line num="213" count="2" type="stmt"/>
        <line num="214" count="2" type="stmt"/>
        <line num="215" count="2" type="stmt"/>
        <line num="216" count="2" type="stmt"/>
        <line num="217" count="2" type="stmt"/>
        <line num="218" count="2" type="stmt"/>
        <line num="219" count="2" type="stmt"/>
        <line num="220" count="2" type="stmt"/>
        <line num="222" count="75" type="stmt"/>
        <line num="223" count="75" type="stmt"/>
        <line num="226" count="75" type="stmt"/>
        <line num="227" count="75" type="stmt"/>
        <line num="228" count="75" type="stmt"/>
        <line num="229" count="75" type="stmt"/>
        <line num="230" count="75" type="stmt"/>
        <line num="231" count="75" type="stmt"/>
        <line num="232" count="75" type="stmt"/>
        <line num="233" count="75" type="stmt"/>
        <line num="234" count="75" type="stmt"/>
        <line num="235" count="75" type="stmt"/>
        <line num="236" count="75" type="stmt"/>
        <line num="237" count="75" type="stmt"/>
        <line num="238" count="75" type="stmt"/>
        <line num="239" count="75" type="stmt"/>
        <line num="240" count="75" type="stmt"/>
        <line num="241" count="75" type="stmt"/>
        <line num="242" count="75" type="stmt"/>
        <line num="243" count="75" type="stmt"/>
        <line num="244" count="75" type="stmt"/>
        <line num="245" count="75" type="stmt"/>
        <line num="246" count="75" type="stmt"/>
        <line num="247" count="75" type="stmt"/>
        <line num="248" count="75" type="stmt"/>
        <line num="249" count="75" type="stmt"/>
        <line num="250" count="75" type="stmt"/>
        <line num="252" count="75" type="stmt"/>
        <line num="253" count="75" type="stmt"/>
        <line num="254" count="75" type="stmt"/>
        <line num="255" count="75" type="cond" truecount="1" falsecount="0"/>
        <line num="256" count="375" type="stmt"/>
        <line num="257" count="375" type="stmt"/>
        <line num="258" count="375" type="stmt"/>
        <line num="259" count="375" type="stmt"/>
        <line num="260" count="375" type="stmt"/>
        <line num="261" count="375" type="stmt"/>
        <line num="262" count="375" type="stmt"/>
        <line num="263" count="375" type="stmt"/>
        <line num="264" count="375" type="stmt"/>
        <line num="265" count="75" type="stmt"/>
        <line num="266" count="75" type="stmt"/>
        <line num="267" count="75" type="stmt"/>
        <line num="269" count="75" type="stmt"/>
        <line num="270" count="75" type="stmt"/>
        <line num="271" count="75" type="stmt"/>
        <line num="272" count="75" type="stmt"/>
        <line num="273" count="75" type="stmt"/>
        <line num="275" count="75" type="cond" truecount="2" falsecount="0"/>
        <line num="276" count="75" type="stmt"/>
        <line num="277" count="75" type="stmt"/>
        <line num="278" count="75" type="stmt"/>
        <line num="280" count="75" type="stmt"/>
        <line num="282" count="1" type="stmt"/>
      </file>
      <file name="Checkbox.jsx" path="/home/artur/PycharmProjects/b2v_UoP_kalkulator/src/dashboard/src/components/Checkbox.jsx">
        <metrics statements="19" coveredstatements="19" conditionals="1" coveredconditionals="1" methods="1" coveredmethods="1"/>
        <line num="1" count="1" type="stmt"/>
        <line num="3" count="1" type="cond" truecount="1" falsecount="0"/>
        <line num="4" count="1125" type="stmt"/>
        <line num="5" count="1125" type="stmt"/>
        <line num="6" count="1125" type="stmt"/>
        <line num="7" count="1125" type="stmt"/>
        <line num="8" count="1125" type="stmt"/>
        <line num="9" count="1125" type="stmt"/>
        <line num="10" count="1125" type="stmt"/>
        <line num="11" count="1125" type="stmt"/>
        <line num="12" count="1125" type="stmt"/>
        <line num="13" count="1125" type="stmt"/>
        <line num="14" count="1125" type="stmt"/>
        <line num="15" count="1125" type="stmt"/>
        <line num="16" count="1125" type="stmt"/>
        <line num="17" count="1125" type="stmt"/>
        <line num="18" count="1125" type="stmt"/>
        <line num="20" count="1125" type="stmt"/>
        <line num="22" count="1" type="stmt"/>
      </file>
      <file name="ComparisonChart.jsx" path="/home/artur/PycharmProjects/b2v_UoP_kalkulator/src/dashboard/src/components/ComparisonChart.jsx">
        <metrics statements="168" coveredstatements="168" conditionals="3" coveredconditionals="3" methods="1" coveredmethods="1"/>
        <line num="1" count="1" type="stmt"/>
        <line num="2" count="1" type="stmt"/>
        <line num="12" count="1" type="stmt"/>
        <line num="14" count="1" type="stmt"/>
        <line num="15" count="1" type="stmt"/>
        <line num="16" count="1" type="stmt"/>
        <line num="17" count="1" type="stmt"/>
        <line num="18" count="1" type="stmt"/>
        <line num="19" count="1" type="stmt"/>
        <line num="20" count="1" type="stmt"/>
        <line num="21" count="1" type="stmt"/>
        <line num="22" count="1" type="stmt"/>
        <line num="24" count="1" type="cond" truecount="1" falsecount="0"/>
        <line num="25" count="8" type="cond" truecount="2" falsecount="0"/>
        <line num="27" count="7" type="stmt"/>
        <line num="30" count="7" type="stmt"/>
        <line num="31" count="7" type="stmt"/>
        <line num="32" count="7" type="stmt"/>
        <line num="33" count="7" type="stmt"/>
        <line num="34" count="7" type="stmt"/>
        <line num="35" count="7" type="stmt"/>
        <line num="36" count="7" type="stmt"/>
        <line num="37" count="7" type="stmt"/>
        <line num="38" count="7" type="stmt"/>
        <line num="39" count="7" type="stmt"/>
        <line num="40" count="7" type="stmt"/>
        <line num="41" count="7" type="stmt"/>
        <line num="42" count="7" type="stmt"/>
        <line num="43" count="7" type="stmt"/>
        <line num="44" count="7" type="stmt"/>
        <line num="46" count="7" type="stmt"/>
        <line num="47" count="7" type="stmt"/>
        <line num="48" count="7" type="stmt"/>
        <line num="49" count="7" type="stmt"/>
        <line num="50" count="7" type="stmt"/>
        <line num="51" count="7" type="stmt"/>
        <line num="52" count="7" type="stmt"/>
        <line num="53" count="7" type="stmt"/>
        <line num="54" count="7" type="stmt"/>
        <line num="55" count="7" type="stmt"/>
        <line num="56" count="7" type="stmt"/>
        <line num="57" count="7" type="stmt"/>
        <line num="60" count="7" type="stmt"/>
        <line num="61" count="7" type="stmt"/>
        <line num="62" count="7" type="stmt"/>
        <line num="63" count="7" type="stmt"/>
        <line num="64" count="7" type="stmt"/>
        <line num="65" count="7" type="stmt"/>
        <line num="66" count="7" type="stmt"/>
        <line num="67" count="7" type="stmt"/>
        <line num="68" count="7" type="stmt"/>
        <line num="69" count="7" type="stmt"/>
        <line num="70" count="7" type="stmt"/>
        <line num="71" count="7" type="stmt"/>
        <line num="72" count="7" type="stmt"/>
        <line num="73" count="7" type="stmt"/>
        <line num="74" count="7" type="stmt"/>
        <line num="75" count="7" type="stmt"/>
        <line num="76" count="7" type="stmt"/>
        <line num="77" count="7" type="stmt"/>
        <line num="78" count="7" type="stmt"/>
        <line num="79" count="7" type="stmt"/>
        <line num="80" count="7" type="stmt"/>
        <line num="81" count="7" type="stmt"/>
        <line num="82" count="7" type="stmt"/>
        <line num="83" count="7" type="stmt"/>
        <line num="84" count="7" type="stmt"/>
        <line num="85" count="7" type="stmt"/>
        <line num="86" count="7" type="stmt"/>
        <line num="87" count="7" type="stmt"/>
        <line num="88" count="7" type="stmt"/>
        <line num="89" count="7" type="stmt"/>
        <line num="90" count="7" type="stmt"/>
        <line num="91" count="7" type="stmt"/>
        <line num="92" count="7" type="stmt"/>
        <line num="93" count="7" type="stmt"/>
        <line num="94" count="7" type="stmt"/>
        <line num="95" count="7" type="stmt"/>
        <line num="96" count="7" type="stmt"/>
        <line num="97" count="7" type="stmt"/>
        <line num="98" count="7" type="stmt"/>
        <line num="99" count="7" type="stmt"/>
        <line num="101" count="7" type="stmt"/>
        <line num="102" count="7" type="stmt"/>
        <line num="103" count="7" type="stmt"/>
        <line num="104" count="7" type="stmt"/>
        <line num="105" count="7" type="stmt"/>
        <line num="106" count="7" type="stmt"/>
        <line num="107" count="7" type="stmt"/>
        <line num="108" count="7" type="stmt"/>
        <line num="109" count="7" type="stmt"/>
        <line num="110" count="7" type="stmt"/>
        <line num="111" count="7" type="stmt"/>
        <line num="112" count="7" type="stmt"/>
        <line num="113" count="7" type="stmt"/>
        <line num="114" count="7" type="stmt"/>
        <line num="115" count="7" type="stmt"/>
        <line num="116" count="7" type="stmt"/>
        <line num="117" count="7" type="stmt"/>
        <line num="118" count="7" type="stmt"/>
        <line num="119" count="7" type="stmt"/>
        <line num="120" count="7" type="stmt"/>
        <line num="123" count="7" type="stmt"/>
        <line num="124" count="7" type="stmt"/>
        <line num="125" count="7" type="stmt"/>
        <line num="126" count="7" type="stmt"/>
        <line num="127" count="7" type="stmt"/>
        <line num="128" count="7" type="stmt"/>
        <line num="129" count="7" type="stmt"/>
        <line num="130" count="7" type="stmt"/>
        <line num="131" count="7" type="stmt"/>
        <line num="132" count="7" type="stmt"/>
        <line num="133" count="7" type="stmt"/>
        <line num="134" count="7" type="stmt"/>
        <line num="135" count="7" type="stmt"/>
        <line num="136" count="7" type="stmt"/>
        <line num="137" count="7" type="stmt"/>
        <line num="138" count="7" type="stmt"/>
        <line num="139" count="7" type="stmt"/>
        <line num="140" count="7" type="stmt"/>
        <line num="141" count="7" type="stmt"/>
        <line num="142" count="7" type="stmt"/>
        <line num="143" count="7" type="stmt"/>
        <line num="144" count="7" type="stmt"/>
        <line num="145" count="7" type="stmt"/>
        <line num="146" count="7" type="stmt"/>
        <line num="147" count="7" type="stmt"/>
        <line num="148" count="7" type="stmt"/>
        <line num="149" count="7" type="stmt"/>
        <line num="150" count="7" type="stmt"/>
        <line num="151" count="7" type="stmt"/>
        <line num="152" count="7" type="stmt"/>
        <line num="154" count="7" type="stmt"/>
        <line num="155" count="7" type="stmt"/>
        <line num="156" count="7" type="stmt"/>
        <line num="157" count="7" type="stmt"/>
        <line num="158" count="7" type="stmt"/>
        <line num="159" count="7" type="stmt"/>
        <line num="160" count="7" type="stmt"/>
        <line num="161" count="7" type="stmt"/>
        <line num="162" count="7" type="stmt"/>
        <line num="163" count="7" type="stmt"/>
        <line num="164" count="7" type="stmt"/>
        <line num="165" count="7" type="stmt"/>
        <line num="166" count="7" type="stmt"/>
        <line num="167" count="7" type="stmt"/>
        <line num="168" count="7" type="stmt"/>
        <line num="169" count="7" type="stmt"/>
        <line num="170" count="7" type="stmt"/>
        <line num="171" count="7" type="stmt"/>
        <line num="172" count="7" type="stmt"/>
        <line num="173" count="7" type="stmt"/>
        <line num="175" count="7" type="stmt"/>
        <line num="176" count="7" type="stmt"/>
        <line num="177" count="7" type="stmt"/>
        <line num="178" count="7" type="stmt"/>
        <line num="179" count="7" type="stmt"/>
        <line num="180" count="7" type="stmt"/>
        <line num="181" count="7" type="stmt"/>
        <line num="182" count="7" type="stmt"/>
        <line num="183" count="7" type="stmt"/>
        <line num="184" count="7" type="stmt"/>
        <line num="185" count="7" type="stmt"/>
        <line num="186" count="7" type="stmt"/>
        <line num="187" count="7" type="stmt"/>
        <line num="188" count="7" type="stmt"/>
        <line num="190" count="7" type="stmt"/>
        <line num="192" count="1" type="stmt"/>
      </file>
      <file name="Header.jsx" path="/home/artur/PycharmProjects/b2v_UoP_kalkulator/src/dashboard/src/components/Header.jsx">
        <metrics statements="12" coveredstatements="12" conditionals="1" coveredconditionals="1" methods="1" coveredmethods="1"/>
        <line num="1" count="1" type="stmt"/>
        <line num="3" count="1" type="cond" truecount="1" falsecount="0"/>
        <line num="4" count="36" type="stmt"/>
        <line num="5" count="36" type="stmt"/>
        <line num="6" count="36" type="stmt"/>
        <line num="7" count="36" type="stmt"/>
        <line num="9" count="36" type="stmt"/>
        <line num="10" count="36" type="stmt"/>
        <line num="11" count="36" type="stmt"/>
        <line num="12" count="36" type="stmt"/>
        <line num="14" count="36" type="stmt"/>
        <line num="16" count="1" type="stmt"/>
      </file>
      <file name="Input.jsx" path="/home/artur/PycharmProjects/b2v_UoP_kalkulator/src/dashboard/src/components/Input.jsx">
        <metrics statements="19" coveredstatements="19" conditionals="1" coveredconditionals="1" methods="1" coveredmethods="1"/>
        <line num="1" count="1" type="stmt"/>
        <line num="3" count="1" type="cond" truecount="1" falsecount="0"/>
        <line num="4" count="616" type="stmt"/>
        <line num="5" count="616" type="stmt"/>
        <line num="6" count="616" type="stmt"/>
        <line num="7" count="616" type="stmt"/>
        <line num="8" count="616" type="stmt"/>
        <line num="9" count="616" type="stmt"/>
        <line num="10" count="616" type="stmt"/>
        <line num="11" count="616" type="stmt"/>
        <line num="12" count="616" type="stmt"/>
        <line num="13" count="616" type="stmt"/>
        <line num="14" count="616" type="stmt"/>
        <line num="15" count="616" type="stmt"/>
        <line num="16" count="616" type="stmt"/>
        <line num="17" count="616" type="stmt"/>
        <line num="18" count="616" type="stmt"/>
        <line num="20" count="616" type="stmt"/>
        <line num="22" count="1" type="stmt"/>
      </file>
      <file name="ResultsDisplay.jsx" path="/home/artur/PycharmProjects/b2v_UoP_kalkulator/src/dashboard/src/components/ResultsDisplay.jsx">
        <metrics statements="86" coveredstatements="86" conditionals="5" coveredconditionals="5" methods="2" coveredmethods="2"/>
        <line num="1" count="1" type="stmt"/>
        <line num="3" count="1" type="cond" truecount="1" falsecount="0"/>
        <line num="4" count="208" type="stmt"/>
        <line num="5" count="208" type="stmt"/>
        <line num="6" count="208" type="stmt"/>
        <line num="7" count="208" type="stmt"/>
        <line num="8" count="208" type="stmt"/>
        <line num="9" count="208" type="stmt"/>
        <line num="10" count="208" type="stmt"/>
        <line num="12" count="1" type="cond" truecount="1" falsecount="0"/>
        <line num="13" count="12" type="cond" truecount="2" falsecount="0"/>
        <line num="15" count="11" type="stmt"/>
        <line num="17" count="11" type="stmt"/>
        <line num="18" count="11" type="stmt"/>
        <line num="19" count="11" type="stmt"/>
        <line num="21" count="11" type="stmt"/>
        <line num="23" count="11" type="stmt"/>
        <line num="24" count="11" type="stmt"/>
        <line num="25" count="11" type="stmt"/>
        <line num="26" count="11" type="stmt"/>
        <line num="27" count="11" type="stmt"/>
        <line num="28" count="11" type="stmt"/>
        <line num="29" count="11" type="stmt"/>
        <line num="30" count="11" type="stmt"/>
        <line num="31" count="11" type="stmt"/>
        <line num="32" count="11" type="stmt"/>
        <line num="33" count="11" type="stmt"/>
        <line num="34" count="11" type="stmt"/>
        <line num="35" count="11" type="stmt"/>
        <line num="36" count="11" type="stmt"/>
        <line num="37" count="11" type="stmt"/>
        <line num="38" count="11" type="stmt"/>
        <line num="39" count="11" type="stmt"/>
        <line num="40" count="11" type="stmt"/>
        <line num="42" count="11" type="stmt"/>
        <line num="43" count="11" type="stmt"/>
        <line num="44" count="11" type="stmt"/>
        <line num="45" count="11" type="stmt"/>
        <line num="46" count="11" type="stmt"/>
        <line num="47" count="11" type="stmt"/>
        <line num="48" count="11" type="stmt"/>
        <line num="49" count="11" type="stmt"/>
        <line num="50" count="11" type="stmt"/>
        <line num="51" count="11" type="stmt"/>
        <line num="54" count="11" type="stmt"/>
        <line num="55" count="11" type="stmt"/>
        <line num="56" count="11" type="stmt"/>
        <line num="57" count="11" type="stmt"/>
        <line num="58" count="11" type="stmt"/>
        <line num="59" count="11" type="stmt"/>
        <line num="60" count="11" type="stmt"/>
        <line num="61" count="11" type="stmt"/>
        <line num="62" count="11" type="stmt"/>
        <line num="63" count="11" type="stmt"/>
        <line num="64" count="11" type="stmt"/>
        <line num="65" count="11" type="stmt"/>
        <line num="66" count="11" type="stmt"/>
        <line num="67" count="11" type="stmt"/>
        <line num="68" count="11" type="stmt"/>
        <line num="69" count="11" type="stmt"/>
        <line num="70" count="11" type="stmt"/>
        <line num="71" count="11" type="stmt"/>
        <line num="72" count="11" type="stmt"/>
        <line num="74" count="11" type="cond" truecount="1" falsecount="0"/>
        <line num="75" count="10" type="stmt"/>
        <line num="76" count="10" type="stmt"/>
        <line num="77" count="10" type="stmt"/>
        <line num="78" count="10" type="stmt"/>
        <line num="79" count="10" type="stmt"/>
        <line num="81" count="10" type="stmt"/>
        <line num="82" count="10" type="stmt"/>
        <line num="85" count="12" type="stmt"/>
        <line num="86" count="12" type="stmt"/>
        <line num="87" count="12" type="stmt"/>
        <line num="88" count="12" type="stmt"/>
        <line num="89" count="12" type="stmt"/>
        <line num="91" count="12" type="stmt"/>
        <line num="92" count="12" type="stmt"/>
        <line num="93" count="12" type="stmt"/>
        <line num="94" count="12" type="stmt"/>
        <line num="95" count="12" type="stmt"/>
        <line num="97" count="12" type="stmt"/>
        <line num="98" count="12" type="stmt"/>
        <line num="99" count="12" type="stmt"/>
        <line num="101" count="12" type="stmt"/>
        <line num="103" count="1" type="stmt"/>
      </file>
      <file name="Select.jsx" path="/home/artur/PycharmProjects/b2v_UoP_kalkulator/src/dashboard/src/components/Select.jsx">
        <metrics statements="23" coveredstatements="23" conditionals="2" coveredconditionals="2" methods="1" coveredmethods="1"/>
        <line num="1" count="1" type="stmt"/>
        <line num="3" count="1" type="cond" truecount="1" falsecount="0"/>
        <line num="4" count="150" type="stmt"/>
        <line num="5" count="150" type="stmt"/>
        <line num="6" count="150" type="stmt"/>
        <line num="7" count="150" type="stmt"/>
        <line num="8" count="150" type="stmt"/>
        <line num="9" count="150" type="stmt"/>
        <line num="10" count="150" type="stmt"/>
        <line num="11" count="150" type="stmt"/>
        <line num="12" count="150" type="stmt"/>
        <line num="13" count="150" type="stmt"/>
        <line num="14" count="150" type="stmt"/>
        <line num="15" count="150" type="stmt"/>
        <line num="17" count="150" type="cond" truecount="1" falsecount="0"/>
        <line num="18" count="450" type="stmt"/>
        <line num="19" count="450" type="stmt"/>
        <line num="20" count="450" type="stmt"/>
        <line num="21" count="150" type="stmt"/>
        <line num="22" count="150" type="stmt"/>
        <line num="23" count="150" type="stmt"/>
        <line num="25" count="150" type="stmt"/>
        <line num="27" count="1" type="stmt"/>
      </file>
      <file name="SkeletonLoader.jsx" path="/home/artur/PycharmProjects/b2v_UoP_kalkulator/src/dashboard/src/components/SkeletonLoader.jsx">
        <metrics statements="13" coveredstatements="13" conditionals="1" coveredconditionals="1" methods="1" coveredmethods="1"/>
        <line num="1" count="1" type="stmt"/>
        <line num="3" count="1" type="cond" truecount="1" falsecount="0"/>
        <line num="4" count="9" type="stmt"/>
        <line num="5" count="9" type="stmt"/>
        <line num="6" count="9" type="stmt"/>
        <line num="7" count="9" type="stmt"/>
        <line num="8" count="9" type="stmt"/>
        <line num="9" count="9" type="stmt"/>
        <line num="10" count="9" type="stmt"/>
        <line num="11" count="9" type="stmt"/>
        <line num="12" count="9" type="stmt"/>
        <line num="14" count="9" type="stmt"/>
        <line num="16" count="1" type="stmt"/>
      </file>
    </package>
    <package name="dashboard.src.services">
      <metrics statements="33" coveredstatements="33" conditionals="6" coveredconditionals="6" methods="3" coveredmethods="3"/>
      <file name="api.js" path="/home/artur/PycharmProjects/b2v_UoP_kalkulator/src/dashboard/src/services/api.js">
        <metrics statements="33" coveredstatements="33" conditionals="6" coveredconditionals="6" methods="3" coveredmethods="3"/>
        <line num="1" count="1" type="stmt"/>
        <line num="3" count="1" type="stmt"/>
        <line num="5" count="1" type="cond" truecount="1" falsecount="0"/>
        <line num="6" count="2" type="stmt"/>
        <line num="7" count="2" type="cond" truecount="1" falsecount="0"/>
        <line num="8" count="1" type="stmt"/>
        <line num="9" count="1" type="stmt"/>
        <line num="10" count="1" type="stmt"/>
        <line num="11" count="1" type="stmt"/>
        <line num="12" count="1" type="stmt"/>
        <line num="13" count="2" type="stmt"/>
        <line num="15" count="1" type="cond" truecount="1" falsecount="0"/>
        <line num="16" count="2" type="stmt"/>
        <line num="17" count="2" type="stmt"/>
        <line num="18" count="2" type="stmt"/>
        <line num="19" count="2" type="cond" truecount="1" falsecount="0"/>
        <line num="20" count="1" type="stmt"/>
        <line num="21" count="1" type="stmt"/>
        <line num="22" count="1" type="stmt"/>
        <line num="23" count="1" type="stmt"/>
        <line num="24" count="1" type="stmt"/>
        <line num="25" count="2" type="stmt"/>
        <line num="27" count="1" type="cond" truecount="1" falsecount="0"/>
        <line num="28" count="2" type="stmt"/>
        <line num="29" count="2" type="stmt"/>
        <line num="30" count="2" type="stmt"/>
        <line num="31" count="2" type="cond" truecount="1" falsecount="0"/>
        <line num="32" count="1" type="stmt"/>
        <line num="33" count="1" type="stmt"/>
        <line num="34" count="1" type="stmt"/>
        <line num="35" count="1" type="stmt"/>
        <line num="36" count="1" type="stmt"/>
        <line num="37" count="2" type="stmt"/>
      </file>
    </package>
  </project>
</coverage>
