<?xml version="1.0" encoding="UTF-8"?>
<coverage generated="1753981701603" clover="3.2.0">
  <project timestamp="1753981701603" name="All files">
    <metrics statements="1415" coveredstatements="1289" conditionals="138" coveredconditionals="120" methods="42" coveredmethods="34" elements="1595" coveredelements="1443" complexity="0" loc="1415" ncloc="1415" packages="4" files="19" classes="19"/>
    <package name="dashboard">
      <metrics statements="58" coveredstatements="0" conditionals="3" coveredconditionals="0" methods="3" coveredmethods="0"/>
      <file name="postcss.config.js" path="/home/artur/PycharmProjects/b2v_UoP_kalkulator/src/dashboard/postcss.config.js">
        <metrics statements="6" coveredstatements="0" conditionals="1" coveredconditionals="0" methods="1" coveredmethods="0"/>
        <line num="1" count="0" type="cond" truecount="0" falsecount="1"/>
        <line num="2" count="0" type="stmt"/>
        <line num="3" count="0" type="stmt"/>
        <line num="4" count="0" type="stmt"/>
        <line num="5" count="0" type="stmt"/>
        <line num="6" count="0" type="stmt"/>
      </file>
      <file name="tailwind.config.js" path="/home/artur/PycharmProjects/b2v_UoP_kalkulator/src/dashboard/tailwind.config.js">
        <metrics statements="22" coveredstatements="0" conditionals="1" coveredconditionals="0" methods="1" coveredmethods="0"/>
        <line num="1" count="0" type="cond" truecount="0" falsecount="1"/>
        <line num="2" count="0" type="stmt"/>
        <line num="3" count="0" type="stmt"/>
        <line num="4" count="0" type="stmt"/>
        <line num="5" count="0" type="stmt"/>
        <line num="6" count="0" type="stmt"/>
        <line num="7" count="0" type="stmt"/>
        <line num="8" count="0" type="stmt"/>
        <line num="9" count="0" type="stmt"/>
        <line num="10" count="0" type="stmt"/>
        <line num="11" count="0" type="stmt"/>
        <line num="12" count="0" type="stmt"/>
        <line num="13" count="0" type="stmt"/>
        <line num="14" count="0" type="stmt"/>
        <line num="15" count="0" type="stmt"/>
        <line num="16" count="0" type="stmt"/>
        <line num="17" count="0" type="stmt"/>
        <line num="18" count="0" type="stmt"/>
        <line num="19" count="0" type="stmt"/>
        <line num="20" count="0" type="stmt"/>
        <line num="21" count="0" type="stmt"/>
        <line num="22" count="0" type="stmt"/>
      </file>
      <file name="vite.config.js" path="/home/artur/PycharmProjects/b2v_UoP_kalkulator/src/dashboard/vite.config.js">
        <metrics statements="30" coveredstatements="0" conditionals="1" coveredconditionals="0" methods="1" coveredmethods="0"/>
        <line num="1" count="0" type="cond" truecount="0" falsecount="1"/>
        <line num="2" count="0" type="stmt"/>
        <line num="3" count="0" type="stmt"/>
        <line num="4" count="0" type="stmt"/>
        <line num="5" count="0" type="stmt"/>
        <line num="6" count="0" type="stmt"/>
        <line num="7" count="0" type="stmt"/>
        <line num="8" count="0" type="stmt"/>
        <line num="9" count="0" type="stmt"/>
        <line num="10" count="0" type="stmt"/>
        <line num="11" count="0" type="stmt"/>
        <line num="12" count="0" type="stmt"/>
        <line num="13" count="0" type="stmt"/>
        <line num="14" count="0" type="stmt"/>
        <line num="15" count="0" type="stmt"/>
        <line num="16" count="0" type="stmt"/>
        <line num="17" count="0" type="stmt"/>
        <line num="18" count="0" type="stmt"/>
        <line num="19" count="0" type="stmt"/>
        <line num="20" count="0" type="stmt"/>
        <line num="21" count="0" type="stmt"/>
        <line num="22" count="0" type="stmt"/>
        <line num="23" count="0" type="stmt"/>
        <line num="24" count="0" type="stmt"/>
        <line num="25" count="0" type="stmt"/>
        <line num="26" count="0" type="stmt"/>
        <line num="27" count="0" type="stmt"/>
        <line num="28" count="0" type="stmt"/>
        <line num="29" count="0" type="stmt"/>
        <line num="30" count="0" type="stmt"/>
      </file>
    </package>
    <package name="dashboard.src">
      <metrics statements="226" coveredstatements="213" conditionals="33" coveredconditionals="27" methods="8" coveredmethods="7"/>
      <file name="App.jsx" path="/home/artur/PycharmProjects/b2v_UoP_kalkulator/src/dashboard/src/App.jsx">
        <metrics statements="198" coveredstatements="185" conditionals="33" coveredconditionals="27" methods="8" coveredmethods="7"/>
        <line num="1" count="1" type="stmt"/>
        <line num="2" count="1" type="stmt"/>
        <line num="3" count="1" type="stmt"/>
        <line num="4" count="1" type="stmt"/>
        <line num="5" count="1" type="stmt"/>
        <line num="6" count="1" type="stmt"/>
        <line num="7" count="1" type="stmt"/>
        <line num="8" count="1" type="stmt"/>
        <line num="9" count="1" type="stmt"/>
        <line num="10" count="1" type="stmt"/>
        <line num="11" count="1" type="stmt"/>
        <line num="12" count="1" type="stmt"/>
        <line num="13" count="1" type="stmt"/>
        <line num="15" count="55" type="cond" truecount="1" falsecount="0"/>
        <line num="16" count="55" type="stmt"/>
        <line num="17" count="55" type="stmt"/>
        <line num="18" count="55" type="stmt"/>
        <line num="19" count="55" type="stmt"/>
        <line num="20" count="55" type="stmt"/>
        <line num="21" count="55" type="stmt"/>
        <line num="22" count="55" type="stmt"/>
        <line num="23" count="55" type="stmt"/>
        <line num="24" count="55" type="stmt"/>
        <line num="25" count="55" type="stmt"/>
        <line num="26" count="55" type="stmt"/>
        <line num="27" count="55" type="stmt"/>
        <line num="28" count="55" type="stmt"/>
        <line num="29" count="55" type="stmt"/>
        <line num="30" count="55" type="stmt"/>
        <line num="31" count="55" type="stmt"/>
        <line num="32" count="55" type="stmt"/>
        <line num="33" count="55" type="stmt"/>
        <line num="34" count="55" type="stmt"/>
        <line num="35" count="55" type="stmt"/>
        <line num="36" count="55" type="stmt"/>
        <line num="37" count="55" type="stmt"/>
        <line num="38" count="55" type="stmt"/>
        <line num="40" count="55" type="stmt"/>
        <line num="41" count="55" type="stmt"/>
        <line num="42" count="55" type="stmt"/>
        <line num="43" count="55" type="stmt"/>
        <line num="44" count="55" type="stmt"/>
        <line num="45" count="55" type="stmt"/>
        <line num="47" count="55" type="stmt"/>
        <line num="48" count="55" type="stmt"/>
        <line num="49" count="55" type="stmt"/>
        <line num="51" count="55" type="cond" truecount="1" falsecount="0"/>
        <line num="52" count="3" type="stmt"/>
        <line num="53" count="3" type="cond" truecount="1" falsecount="0"/>
        <line num="54" count="2" type="stmt"/>
        <line num="55" count="2" type="cond" truecount="1" falsecount="0"/>
        <line num="56" count="2" type="stmt"/>
        <line num="57" count="2" type="stmt"/>
        <line num="58" count="2" type="stmt"/>
        <line num="59" count="2" type="stmt"/>
        <line num="60" count="2" type="stmt"/>
        <line num="61" count="2" type="cond" truecount="2" falsecount="0"/>
        <line num="62" count="2" type="stmt"/>
        <line num="63" count="2" type="stmt"/>
        <line num="64" count="2" type="stmt"/>
        <line num="65" count="3" type="cond" truecount="1" falsecount="0"/>
        <line num="66" count="1" type="cond" truecount="1" falsecount="0"/>
        <line num="67" count="1" type="stmt"/>
        <line num="68" count="1" type="cond" truecount="0" falsecount="1"/>
        <line num="69" count="1" type="stmt"/>
        <line num="70" count="1" type="stmt"/>
        <line num="71" count="3" type="stmt"/>
        <line num="73" count="55" type="cond" truecount="1" falsecount="0"/>
        <line num="74" count="3" type="stmt"/>
        <line num="76" count="3" type="cond" truecount="0" falsecount="1"/>
        <line num="77" count="0" type="stmt"/>
        <line num="78" count="0" type="stmt"/>
        <line num="79" count="0" type="stmt"/>
        <line num="80" count="0" type="stmt"/>
        <line num="81" count="0" type="stmt"/>
        <line num="82" count="0" type="stmt"/>
        <line num="83" count="3" type="cond" truecount="1" falsecount="0"/>
        <line num="84" count="2" type="stmt"/>
        <line num="85" count="2" type="cond" truecount="1" falsecount="0"/>
        <line num="86" count="2" type="stmt"/>
        <line num="87" count="2" type="stmt"/>
        <line num="88" count="2" type="stmt"/>
        <line num="89" count="2" type="stmt"/>
        <line num="90" count="2" type="stmt"/>
        <line num="91" count="2" type="stmt"/>
        <line num="92" count="3" type="cond" truecount="1" falsecount="0"/>
        <line num="93" count="1" type="cond" truecount="1" falsecount="0"/>
        <line num="94" count="1" type="stmt"/>
        <line num="95" count="1" type="cond" truecount="0" falsecount="1"/>
        <line num="96" count="1" type="stmt"/>
        <line num="97" count="1" type="stmt"/>
        <line num="98" count="3" type="stmt"/>
        <line num="100" count="55" type="stmt"/>
        <line num="101" count="0" type="stmt"/>
        <line num="102" count="0" type="stmt"/>
        <line num="104" count="55" type="cond" truecount="1" falsecount="0"/>
        <line num="105" count="10" type="stmt"/>
        <line num="106" count="10" type="stmt"/>
        <line num="107" count="10" type="stmt"/>
        <line num="108" count="10" type="stmt"/>
        <line num="109" count="10" type="cond" truecount="1" falsecount="0"/>
        <line num="110" count="10" type="cond" truecount="0" falsecount="1"/>
        <line num="111" count="0" type="stmt"/>
        <line num="112" count="0" type="stmt"/>
        <line num="113" count="0" type="stmt"/>
        <line num="114" count="0" type="stmt"/>
        <line num="115" count="0" type="cond" truecount="1" falsecount="0"/>
        <line num="116" count="8" type="stmt"/>
        <line num="117" count="10" type="cond" truecount="1" falsecount="0"/>
        <line num="118" count="2" type="stmt"/>
        <line num="119" count="2" type="stmt"/>
        <line num="121" count="10" type="stmt"/>
        <line num="122" count="10" type="stmt"/>
        <line num="123" count="10" type="stmt"/>
        <line num="124" count="10" type="stmt"/>
        <line num="126" count="55" type="cond" truecount="1" falsecount="0"/>
        <line num="127" count="2" type="cond" truecount="0" falsecount="1"/>
        <line num="128" count="2" type="stmt"/>
        <line num="129" count="2" type="stmt"/>
        <line num="130" count="2" type="stmt"/>
        <line num="131" count="2" type="stmt"/>
        <line num="132" count="2" type="stmt"/>
        <line num="133" count="2" type="stmt"/>
        <line num="134" count="2" type="stmt"/>
        <line num="135" count="2" type="stmt"/>
        <line num="136" count="2" type="stmt"/>
        <line num="137" count="2" type="stmt"/>
        <line num="138" count="2" type="cond" truecount="1" falsecount="0"/>
        <line num="139" count="1" type="stmt"/>
        <line num="140" count="1" type="stmt"/>
        <line num="141" count="1" type="stmt"/>
        <line num="142" count="1" type="stmt"/>
        <line num="143" count="1" type="stmt"/>
        <line num="144" count="2" type="stmt"/>
        <line num="146" count="55" type="cond" truecount="1" falsecount="0"/>
        <line num="147" count="2" type="stmt"/>
        <line num="148" count="2" type="stmt"/>
        <line num="149" count="2" type="cond" truecount="1" falsecount="0"/>
        <line num="150" count="1" type="stmt"/>
        <line num="151" count="1" type="stmt"/>
        <line num="153" count="1" type="stmt"/>
        <line num="154" count="1" type="stmt"/>
        <line num="155" count="1" type="stmt"/>
        <line num="156" count="2" type="stmt"/>
        <line num="158" count="55" type="cond" truecount="1" falsecount="0"/>
        <line num="159" count="2" type="cond" truecount="0" falsecount="1"/>
        <line num="160" count="2" type="stmt"/>
        <line num="161" count="2" type="stmt"/>
        <line num="162" count="2" type="stmt"/>
        <line num="163" count="2" type="stmt"/>
        <line num="164" count="2" type="stmt"/>
        <line num="165" count="2" type="stmt"/>
        <line num="166" count="2" type="stmt"/>
        <line num="167" count="2" type="stmt"/>
        <line num="168" count="2" type="cond" truecount="1" falsecount="0"/>
        <line num="169" count="1" type="stmt"/>
        <line num="170" count="1" type="stmt"/>
        <line num="171" count="1" type="stmt"/>
        <line num="172" count="1" type="stmt"/>
        <line num="173" count="1" type="stmt"/>
        <line num="174" count="2" type="stmt"/>
        <line num="176" count="55" type="stmt"/>
        <line num="177" count="55" type="stmt"/>
        <line num="178" count="55" type="stmt"/>
        <line num="179" count="55" type="stmt"/>
        <line num="180" count="55" type="stmt"/>
        <line num="181" count="55" type="stmt"/>
        <line num="182" count="55" type="stmt"/>
        <line num="183" count="55" type="stmt"/>
        <line num="184" count="55" type="stmt"/>
        <line num="185" count="55" type="stmt"/>
        <line num="186" count="55" type="stmt"/>
        <line num="187" count="55" type="stmt"/>
        <line num="188" count="55" type="stmt"/>
        <line num="189" count="55" type="stmt"/>
        <line num="190" count="55" type="stmt"/>
        <line num="192" count="55" type="cond" truecount="1" falsecount="0"/>
        <line num="193" count="55" type="cond" truecount="1" falsecount="0"/>
        <line num="195" count="55" type="cond" truecount="2" falsecount="0"/>
        <line num="196" count="8" type="stmt"/>
        <line num="197" count="8" type="stmt"/>
        <line num="198" count="8" type="stmt"/>
        <line num="199" count="8" type="stmt"/>
        <line num="200" count="8" type="stmt"/>
        <line num="201" count="8" type="stmt"/>
        <line num="202" count="8" type="stmt"/>
        <line num="203" count="8" type="stmt"/>
        <line num="204" count="8" type="stmt"/>
        <line num="205" count="8" type="stmt"/>
        <line num="206" count="8" type="stmt"/>
        <line num="207" count="8" type="stmt"/>
        <line num="208" count="8" type="stmt"/>
        <line num="209" count="8" type="stmt"/>
        <line num="211" count="55" type="stmt"/>
        <line num="212" count="55" type="stmt"/>
        <line num="213" count="55" type="stmt"/>
        <line num="215" count="55" type="stmt"/>
        <line num="217" count="1" type="stmt"/>
      </file>
      <file name="i18n.js" path="/home/artur/PycharmProjects/b2v_UoP_kalkulator/src/dashboard/src/i18n.js">
        <metrics statements="28" coveredstatements="28" conditionals="0" coveredconditionals="0" methods="0" coveredmethods="0"/>
        <line num="1" count="1" type="stmt"/>
        <line num="2" count="1" type="stmt"/>
        <line num="3" count="1" type="stmt"/>
        <line num="4" count="1" type="stmt"/>
        <line num="5" count="1" type="stmt"/>
        <line num="6" count="1" type="stmt"/>
        <line num="7" count="1" type="stmt"/>
        <line num="8" count="1" type="stmt"/>
        <line num="9" count="1" type="stmt"/>
        <line num="10" count="1" type="stmt"/>
        <line num="11" count="1" type="stmt"/>
        <line num="12" count="1" type="stmt"/>
        <line num="13" count="1" type="stmt"/>
        <line num="14" count="1" type="stmt"/>
        <line num="15" count="1" type="stmt"/>
        <line num="16" count="1" type="stmt"/>
        <line num="17" count="1" type="stmt"/>
        <line num="18" count="1" type="stmt"/>
        <line num="19" count="1" type="stmt"/>
        <line num="20" count="1" type="stmt"/>
        <line num="21" count="1" type="stmt"/>
        <line num="22" count="1" type="stmt"/>
        <line num="23" count="1" type="stmt"/>
        <line num="24" count="1" type="stmt"/>
        <line num="25" count="1" type="stmt"/>
        <line num="26" count="1" type="stmt"/>
        <line num="27" count="1" type="stmt"/>
        <line num="28" count="1" type="stmt"/>
      </file>
    </package>
    <package name="dashboard.src.components">
      <metrics statements="1071" coveredstatements="1016" conditionals="88" coveredconditionals="80" methods="24" coveredmethods="20"/>
      <file name="Alert.jsx" path="/home/artur/PycharmProjects/b2v_UoP_kalkulator/src/dashboard/src/components/Alert.jsx">
        <metrics statements="45" coveredstatements="45" conditionals="13" coveredconditionals="13" methods="1" coveredmethods="1"/>
        <line num="1" count="1" type="stmt"/>
        <line num="3" count="1" type="cond" truecount="1" falsecount="0"/>
        <line num="4" count="7" type="cond" truecount="2" falsecount="0"/>
        <line num="6" count="6" type="stmt"/>
        <line num="7" count="6" type="stmt"/>
        <line num="8" count="6" type="stmt"/>
        <line num="9" count="6" type="stmt"/>
        <line num="11" count="6" type="stmt"/>
        <line num="12" count="7" type="cond" truecount="1" falsecount="0"/>
        <line num="13" count="3" type="stmt"/>
        <line num="14" count="3" type="stmt"/>
        <line num="15" count="3" type="stmt"/>
        <line num="16" count="3" type="stmt"/>
        <line num="17" count="3" type="stmt"/>
        <line num="18" count="7" type="cond" truecount="1" falsecount="0"/>
        <line num="19" count="1" type="stmt"/>
        <line num="20" count="1" type="stmt"/>
        <line num="21" count="1" type="stmt"/>
        <line num="22" count="1" type="stmt"/>
        <line num="23" count="1" type="stmt"/>
        <line num="24" count="7" type="cond" truecount="1" falsecount="0"/>
        <line num="25" count="1" type="stmt"/>
        <line num="26" count="1" type="stmt"/>
        <line num="27" count="1" type="stmt"/>
        <line num="28" count="1" type="stmt"/>
        <line num="29" count="1" type="stmt"/>
        <line num="30" count="7" type="cond" truecount="1" falsecount="0"/>
        <line num="32" count="1" type="stmt"/>
        <line num="33" count="7" type="cond" truecount="1" falsecount="0"/>
        <line num="35" count="6" type="stmt"/>
        <line num="36" count="6" type="stmt"/>
        <line num="37" count="6" type="stmt"/>
        <line num="38" count="6" type="cond" truecount="1" falsecount="0"/>
        <line num="39" count="3" type="stmt"/>
        <line num="40" count="3" type="stmt"/>
        <line num="41" count="3" type="stmt"/>
        <line num="43" count="7" type="cond" truecount="4" falsecount="0"/>
        <line num="44" count="3" type="stmt"/>
        <line num="45" count="3" type="stmt"/>
        <line num="46" count="3" type="stmt"/>
        <line num="48" count="7" type="stmt"/>
        <line num="49" count="7" type="stmt"/>
        <line num="50" count="7" type="stmt"/>
        <line num="52" count="7" type="stmt"/>
        <line num="54" count="1" type="stmt"/>
      </file>
      <file name="BreakEvenChart.jsx" path="/home/artur/PycharmProjects/b2v_UoP_kalkulator/src/dashboard/src/components/BreakEvenChart.jsx">
        <metrics statements="79" coveredstatements="74" conditionals="11" coveredconditionals="9" methods="3" coveredmethods="2"/>
        <line num="1" count="1" type="stmt"/>
        <line num="2" count="1" type="stmt"/>
        <line num="3" count="1" type="stmt"/>
        <line num="4" count="1" type="stmt"/>
        <line num="5" count="1" type="stmt"/>
        <line num="7" count="1" type="stmt"/>
        <line num="9" count="1" type="cond" truecount="1" falsecount="0"/>
        <line num="10" count="28" type="stmt"/>
        <line num="11" count="28" type="stmt"/>
        <line num="12" count="28" type="stmt"/>
        <line num="14" count="28" type="cond" truecount="1" falsecount="0"/>
        <line num="15" count="10" type="cond" truecount="1" falsecount="0"/>
        <line num="16" count="10" type="stmt"/>
        <line num="17" count="10" type="stmt"/>
        <line num="18" count="10" type="stmt"/>
        <line num="19" count="10" type="cond" truecount="1" falsecount="0"/>
        <line num="20" count="10" type="cond" truecount="1" falsecount="0"/>
        <line num="22" count="10" type="stmt"/>
        <line num="23" count="10" type="stmt"/>
        <line num="24" count="10" type="stmt"/>
        <line num="25" count="10" type="stmt"/>
        <line num="26" count="10" type="stmt"/>
        <line num="27" count="10" type="stmt"/>
        <line num="28" count="10" type="stmt"/>
        <line num="29" count="10" type="stmt"/>
        <line num="30" count="10" type="stmt"/>
        <line num="31" count="10" type="stmt"/>
        <line num="32" count="10" type="stmt"/>
        <line num="33" count="10" type="cond" truecount="0" falsecount="1"/>
        <line num="34" count="0" type="stmt"/>
        <line num="35" count="10" type="stmt"/>
        <line num="36" count="10" type="stmt"/>
        <line num="37" count="10" type="stmt"/>
        <line num="38" count="10" type="stmt"/>
        <line num="40" count="10" type="stmt"/>
        <line num="41" count="10" type="stmt"/>
        <line num="42" count="10" type="stmt"/>
        <line num="43" count="28" type="stmt"/>
        <line num="45" count="28" type="cond" truecount="2" falsecount="0"/>
        <line num="46" count="10" type="stmt"/>
        <line num="47" count="10" type="cond" truecount="1" falsecount="0"/>
        <line num="49" count="28" type="cond" truecount="0" falsecount="1"/>
        <line num="50" count="0" type="stmt"/>
        <line num="51" count="0" type="cond" truecount="1" falsecount="0"/>
        <line num="53" count="18" type="stmt"/>
        <line num="54" count="18" type="stmt"/>
        <line num="55" count="18" type="stmt"/>
        <line num="56" count="18" type="stmt"/>
        <line num="57" count="18" type="stmt"/>
        <line num="58" count="18" type="stmt"/>
        <line num="59" count="18" type="stmt"/>
        <line num="60" count="18" type="stmt"/>
        <line num="61" count="18" type="stmt"/>
        <line num="62" count="18" type="stmt"/>
        <line num="63" count="18" type="stmt"/>
        <line num="64" count="18" type="stmt"/>
        <line num="65" count="18" type="stmt"/>
        <line num="66" count="18" type="stmt"/>
        <line num="67" count="18" type="stmt"/>
        <line num="68" count="18" type="stmt"/>
        <line num="69" count="18" type="stmt"/>
        <line num="70" count="18" type="stmt"/>
        <line num="71" count="18" type="stmt"/>
        <line num="72" count="18" type="stmt"/>
        <line num="73" count="18" type="stmt"/>
        <line num="74" count="18" type="stmt"/>
        <line num="75" count="18" type="stmt"/>
        <line num="77" count="18" type="stmt"/>
        <line num="78" count="0" type="stmt"/>
        <line num="79" count="0" type="stmt"/>
        <line num="80" count="18" type="stmt"/>
        <line num="81" count="18" type="stmt"/>
        <line num="82" count="18" type="stmt"/>
        <line num="84" count="18" type="stmt"/>
        <line num="85" count="18" type="stmt"/>
        <line num="86" count="18" type="stmt"/>
        <line num="87" count="18" type="stmt"/>
        <line num="89" count="18" type="stmt"/>
        <line num="91" count="1" type="stmt"/>
      </file>
      <file name="CalculatorForm.jsx" path="/home/artur/PycharmProjects/b2v_UoP_kalkulator/src/dashboard/src/components/CalculatorForm.jsx">
        <metrics statements="330" coveredstatements="330" conditionals="12" coveredconditionals="12" methods="1" coveredmethods="1"/>
        <line num="1" count="1" type="stmt"/>
        <line num="2" count="1" type="stmt"/>
        <line num="3" count="1" type="stmt"/>
        <line num="4" count="1" type="stmt"/>
        <line num="5" count="1" type="stmt"/>
        <line num="7" count="1" type="cond" truecount="1" falsecount="0"/>
        <line num="8" count="121" type="stmt"/>
        <line num="10" count="121" type="stmt"/>
        <line num="11" count="121" type="stmt"/>
        <line num="12" count="121" type="stmt"/>
        <line num="13" count="121" type="stmt"/>
        <line num="15" count="121" type="stmt"/>
        <line num="16" count="121" type="stmt"/>
        <line num="17" count="121" type="stmt"/>
        <line num="18" count="121" type="stmt"/>
        <line num="19" count="121" type="stmt"/>
        <line num="20" count="121" type="stmt"/>
        <line num="22" count="121" type="stmt"/>
        <line num="23" count="121" type="stmt"/>
        <line num="24" count="121" type="stmt"/>
        <line num="25" count="121" type="stmt"/>
        <line num="26" count="121" type="stmt"/>
        <line num="27" count="121" type="stmt"/>
        <line num="28" count="121" type="stmt"/>
        <line num="30" count="121" type="stmt"/>
        <line num="31" count="121" type="stmt"/>
        <line num="33" count="121" type="stmt"/>
        <line num="34" count="121" type="stmt"/>
        <line num="35" count="121" type="stmt"/>
        <line num="36" count="121" type="stmt"/>
        <line num="37" count="121" type="stmt"/>
        <line num="38" count="121" type="stmt"/>
        <line num="39" count="121" type="stmt"/>
        <line num="40" count="121" type="stmt"/>
        <line num="41" count="121" type="stmt"/>
        <line num="42" count="121" type="stmt"/>
        <line num="43" count="121" type="stmt"/>
        <line num="44" count="121" type="stmt"/>
        <line num="45" count="121" type="stmt"/>
        <line num="46" count="121" type="stmt"/>
        <line num="47" count="121" type="stmt"/>
        <line num="48" count="121" type="stmt"/>
        <line num="49" count="121" type="stmt"/>
        <line num="50" count="121" type="stmt"/>
        <line num="51" count="121" type="stmt"/>
        <line num="52" count="121" type="stmt"/>
        <line num="53" count="121" type="stmt"/>
        <line num="54" count="121" type="stmt"/>
        <line num="55" count="121" type="stmt"/>
        <line num="56" count="121" type="stmt"/>
        <line num="57" count="121" type="stmt"/>
        <line num="58" count="121" type="stmt"/>
        <line num="59" count="121" type="stmt"/>
        <line num="60" count="121" type="stmt"/>
        <line num="61" count="121" type="stmt"/>
        <line num="64" count="121" type="stmt"/>
        <line num="65" count="121" type="stmt"/>
        <line num="66" count="121" type="stmt"/>
        <line num="67" count="121" type="stmt"/>
        <line num="68" count="121" type="stmt"/>
        <line num="69" count="121" type="stmt"/>
        <line num="70" count="121" type="stmt"/>
        <line num="71" count="121" type="stmt"/>
        <line num="72" count="121" type="stmt"/>
        <line num="73" count="121" type="stmt"/>
        <line num="74" count="121" type="stmt"/>
        <line num="75" count="121" type="stmt"/>
        <line num="76" count="121" type="stmt"/>
        <line num="77" count="121" type="stmt"/>
        <line num="78" count="121" type="stmt"/>
        <line num="79" count="121" type="stmt"/>
        <line num="80" count="121" type="stmt"/>
        <line num="81" count="121" type="stmt"/>
        <line num="82" count="121" type="stmt"/>
        <line num="83" count="121" type="stmt"/>
        <line num="84" count="121" type="stmt"/>
        <line num="85" count="121" type="stmt"/>
        <line num="86" count="121" type="stmt"/>
        <line num="87" count="121" type="stmt"/>
        <line num="88" count="121" type="stmt"/>
        <line num="89" count="121" type="stmt"/>
        <line num="90" count="121" type="stmt"/>
        <line num="91" count="121" type="stmt"/>
        <line num="92" count="121" type="stmt"/>
        <line num="93" count="121" type="stmt"/>
        <line num="94" count="121" type="stmt"/>
        <line num="95" count="121" type="stmt"/>
        <line num="96" count="121" type="stmt"/>
        <line num="97" count="121" type="stmt"/>
        <line num="98" count="121" type="stmt"/>
        <line num="99" count="121" type="stmt"/>
        <line num="100" count="121" type="stmt"/>
        <line num="101" count="121" type="stmt"/>
        <line num="102" count="121" type="stmt"/>
        <line num="103" count="121" type="stmt"/>
        <line num="104" count="121" type="stmt"/>
        <line num="105" count="121" type="stmt"/>
        <line num="106" count="121" type="stmt"/>
        <line num="107" count="121" type="stmt"/>
        <line num="108" count="121" type="stmt"/>
        <line num="109" count="121" type="stmt"/>
        <line num="110" count="121" type="stmt"/>
        <line num="111" count="121" type="stmt"/>
        <line num="112" count="121" type="stmt"/>
        <line num="113" count="121" type="stmt"/>
        <line num="114" count="121" type="stmt"/>
        <line num="115" count="121" type="stmt"/>
        <line num="116" count="121" type="stmt"/>
        <line num="117" count="121" type="stmt"/>
        <line num="118" count="121" type="stmt"/>
        <line num="119" count="121" type="stmt"/>
        <line num="120" count="121" type="stmt"/>
        <line num="121" count="121" type="stmt"/>
        <line num="122" count="121" type="stmt"/>
        <line num="123" count="121" type="stmt"/>
        <line num="124" count="121" type="stmt"/>
        <line num="125" count="121" type="stmt"/>
        <line num="126" count="121" type="stmt"/>
        <line num="127" count="121" type="stmt"/>
        <line num="128" count="121" type="stmt"/>
        <line num="129" count="121" type="stmt"/>
        <line num="130" count="121" type="stmt"/>
        <line num="131" count="121" type="stmt"/>
        <line num="132" count="121" type="stmt"/>
        <line num="133" count="121" type="stmt"/>
        <line num="134" count="121" type="stmt"/>
        <line num="135" count="121" type="stmt"/>
        <line num="136" count="121" type="stmt"/>
        <line num="137" count="121" type="stmt"/>
        <line num="138" count="121" type="stmt"/>
        <line num="139" count="121" type="stmt"/>
        <line num="140" count="121" type="stmt"/>
        <line num="141" count="121" type="stmt"/>
        <line num="142" count="121" type="stmt"/>
        <line num="143" count="121" type="stmt"/>
        <line num="144" count="121" type="stmt"/>
        <line num="145" count="121" type="stmt"/>
        <line num="146" count="121" type="stmt"/>
        <line num="147" count="121" type="stmt"/>
        <line num="148" count="121" type="stmt"/>
        <line num="150" count="121" type="stmt"/>
        <line num="151" count="121" type="stmt"/>
        <line num="152" count="121" type="stmt"/>
        <line num="153" count="121" type="stmt"/>
        <line num="154" count="121" type="stmt"/>
        <line num="155" count="121" type="stmt"/>
        <line num="156" count="121" type="stmt"/>
        <line num="157" count="121" type="stmt"/>
        <line num="158" count="121" type="cond" truecount="1" falsecount="0"/>
        <line num="159" count="3" type="stmt"/>
        <line num="160" count="3" type="stmt"/>
        <line num="161" count="3" type="stmt"/>
        <line num="162" count="3" type="stmt"/>
        <line num="163" count="3" type="stmt"/>
        <line num="164" count="3" type="stmt"/>
        <line num="165" count="3" type="stmt"/>
        <line num="166" count="3" type="stmt"/>
        <line num="167" count="3" type="stmt"/>
        <line num="169" count="121" type="stmt"/>
        <line num="170" count="121" type="stmt"/>
        <line num="171" count="121" type="stmt"/>
        <line num="172" count="121" type="stmt"/>
        <line num="173" count="121" type="stmt"/>
        <line num="174" count="121" type="stmt"/>
        <line num="175" count="121" type="stmt"/>
        <line num="176" count="121" type="cond" truecount="1" falsecount="0"/>
        <line num="177" count="3" type="stmt"/>
        <line num="178" count="3" type="stmt"/>
        <line num="179" count="3" type="stmt"/>
        <line num="180" count="3" type="stmt"/>
        <line num="181" count="3" type="stmt"/>
        <line num="182" count="3" type="stmt"/>
        <line num="183" count="3" type="stmt"/>
        <line num="184" count="3" type="stmt"/>
        <line num="185" count="3" type="stmt"/>
        <line num="187" count="121" type="stmt"/>
        <line num="188" count="121" type="stmt"/>
        <line num="189" count="121" type="stmt"/>
        <line num="190" count="121" type="stmt"/>
        <line num="191" count="121" type="stmt"/>
        <line num="192" count="121" type="stmt"/>
        <line num="193" count="121" type="stmt"/>
        <line num="194" count="121" type="cond" truecount="1" falsecount="0"/>
        <line num="195" count="6" type="stmt"/>
        <line num="196" count="6" type="stmt"/>
        <line num="197" count="6" type="stmt"/>
        <line num="198" count="6" type="stmt"/>
        <line num="199" count="6" type="stmt"/>
        <line num="200" count="6" type="stmt"/>
        <line num="201" count="6" type="stmt"/>
        <line num="202" count="6" type="stmt"/>
        <line num="203" count="6" type="stmt"/>
        <line num="205" count="121" type="stmt"/>
        <line num="206" count="121" type="stmt"/>
        <line num="207" count="121" type="stmt"/>
        <line num="208" count="121" type="stmt"/>
        <line num="209" count="121" type="stmt"/>
        <line num="210" count="121" type="stmt"/>
        <line num="211" count="121" type="stmt"/>
        <line num="212" count="121" type="cond" truecount="1" falsecount="0"/>
        <line num="213" count="3" type="stmt"/>
        <line num="214" count="3" type="stmt"/>
        <line num="215" count="3" type="stmt"/>
        <line num="216" count="3" type="stmt"/>
        <line num="217" count="3" type="stmt"/>
        <line num="218" count="3" type="stmt"/>
        <line num="219" count="3" type="stmt"/>
        <line num="220" count="3" type="stmt"/>
        <line num="221" count="3" type="stmt"/>
        <line num="223" count="121" type="stmt"/>
        <line num="224" count="121" type="stmt"/>
        <line num="225" count="121" type="stmt"/>
        <line num="226" count="121" type="stmt"/>
        <line num="227" count="121" type="stmt"/>
        <line num="228" count="121" type="stmt"/>
        <line num="229" count="121" type="stmt"/>
        <line num="230" count="121" type="cond" truecount="1" falsecount="0"/>
        <line num="231" count="3" type="stmt"/>
        <line num="232" count="3" type="stmt"/>
        <line num="233" count="3" type="stmt"/>
        <line num="234" count="3" type="stmt"/>
        <line num="235" count="3" type="stmt"/>
        <line num="236" count="3" type="stmt"/>
        <line num="237" count="3" type="stmt"/>
        <line num="238" count="3" type="stmt"/>
        <line num="239" count="3" type="stmt"/>
        <line num="241" count="121" type="stmt"/>
        <line num="242" count="121" type="stmt"/>
        <line num="243" count="121" type="stmt"/>
        <line num="244" count="121" type="stmt"/>
        <line num="245" count="121" type="stmt"/>
        <line num="246" count="121" type="stmt"/>
        <line num="247" count="121" type="stmt"/>
        <line num="248" count="121" type="cond" truecount="1" falsecount="0"/>
        <line num="249" count="3" type="stmt"/>
        <line num="250" count="3" type="stmt"/>
        <line num="251" count="3" type="stmt"/>
        <line num="252" count="3" type="stmt"/>
        <line num="253" count="3" type="stmt"/>
        <line num="254" count="3" type="stmt"/>
        <line num="255" count="3" type="stmt"/>
        <line num="256" count="3" type="stmt"/>
        <line num="257" count="3" type="stmt"/>
        <line num="259" count="121" type="stmt"/>
        <line num="260" count="121" type="stmt"/>
        <line num="261" count="121" type="stmt"/>
        <line num="262" count="121" type="stmt"/>
        <line num="263" count="121" type="stmt"/>
        <line num="264" count="121" type="stmt"/>
        <line num="265" count="121" type="stmt"/>
        <line num="266" count="121" type="cond" truecount="1" falsecount="0"/>
        <line num="267" count="3" type="stmt"/>
        <line num="268" count="3" type="stmt"/>
        <line num="269" count="3" type="stmt"/>
        <line num="270" count="3" type="stmt"/>
        <line num="271" count="3" type="stmt"/>
        <line num="272" count="3" type="stmt"/>
        <line num="273" count="3" type="stmt"/>
        <line num="274" count="3" type="stmt"/>
        <line num="275" count="3" type="stmt"/>
        <line num="277" count="121" type="stmt"/>
        <line num="278" count="121" type="stmt"/>
        <line num="281" count="121" type="stmt"/>
        <line num="282" count="121" type="stmt"/>
        <line num="283" count="121" type="stmt"/>
        <line num="284" count="121" type="stmt"/>
        <line num="285" count="121" type="stmt"/>
        <line num="286" count="121" type="stmt"/>
        <line num="287" count="121" type="stmt"/>
        <line num="288" count="121" type="stmt"/>
        <line num="289" count="121" type="stmt"/>
        <line num="290" count="121" type="stmt"/>
        <line num="291" count="121" type="stmt"/>
        <line num="292" count="121" type="stmt"/>
        <line num="293" count="121" type="stmt"/>
        <line num="294" count="121" type="stmt"/>
        <line num="295" count="121" type="stmt"/>
        <line num="296" count="121" type="stmt"/>
        <line num="297" count="121" type="stmt"/>
        <line num="298" count="121" type="stmt"/>
        <line num="299" count="121" type="stmt"/>
        <line num="300" count="121" type="stmt"/>
        <line num="301" count="121" type="stmt"/>
        <line num="302" count="121" type="stmt"/>
        <line num="303" count="121" type="stmt"/>
        <line num="304" count="121" type="stmt"/>
        <line num="305" count="121" type="cond" truecount="1" falsecount="0"/>
        <line num="306" count="8" type="stmt"/>
        <line num="307" count="8" type="stmt"/>
        <line num="308" count="8" type="stmt"/>
        <line num="309" count="8" type="stmt"/>
        <line num="310" count="8" type="stmt"/>
        <line num="311" count="8" type="stmt"/>
        <line num="312" count="8" type="stmt"/>
        <line num="313" count="8" type="stmt"/>
        <line num="314" count="8" type="stmt"/>
        <line num="316" count="121" type="stmt"/>
        <line num="317" count="121" type="stmt"/>
        <line num="318" count="121" type="stmt"/>
        <line num="319" count="121" type="stmt"/>
        <line num="320" count="121" type="stmt"/>
        <line num="321" count="121" type="stmt"/>
        <line num="322" count="121" type="stmt"/>
        <line num="324" count="121" type="stmt"/>
        <line num="325" count="121" type="stmt"/>
        <line num="326" count="121" type="stmt"/>
        <line num="327" count="121" type="cond" truecount="1" falsecount="0"/>
        <line num="328" count="605" type="stmt"/>
        <line num="329" count="605" type="stmt"/>
        <line num="330" count="605" type="stmt"/>
        <line num="331" count="605" type="stmt"/>
        <line num="332" count="605" type="stmt"/>
        <line num="333" count="605" type="stmt"/>
        <line num="334" count="605" type="stmt"/>
        <line num="335" count="605" type="stmt"/>
        <line num="336" count="605" type="stmt"/>
        <line num="337" count="121" type="stmt"/>
        <line num="338" count="121" type="stmt"/>
        <line num="339" count="121" type="stmt"/>
        <line num="341" count="121" type="stmt"/>
        <line num="342" count="121" type="stmt"/>
        <line num="343" count="121" type="stmt"/>
        <line num="344" count="121" type="stmt"/>
        <line num="345" count="121" type="stmt"/>
        <line num="347" count="121" type="cond" truecount="2" falsecount="0"/>
        <line num="348" count="121" type="stmt"/>
        <line num="349" count="121" type="stmt"/>
        <line num="350" count="121" type="stmt"/>
        <line num="352" count="121" type="stmt"/>
        <line num="354" count="1" type="stmt"/>
      </file>
      <file name="Checkbox.jsx" path="/home/artur/PycharmProjects/b2v_UoP_kalkulator/src/dashboard/src/components/Checkbox.jsx">
        <metrics statements="19" coveredstatements="19" conditionals="1" coveredconditionals="1" methods="1" coveredmethods="1"/>
        <line num="1" count="1" type="stmt"/>
        <line num="3" count="1" type="cond" truecount="1" falsecount="0"/>
        <line num="4" count="1488" type="stmt"/>
        <line num="5" count="1488" type="stmt"/>
        <line num="6" count="1488" type="stmt"/>
        <line num="7" count="1488" type="stmt"/>
        <line num="8" count="1488" type="stmt"/>
        <line num="9" count="1488" type="stmt"/>
        <line num="10" count="1488" type="stmt"/>
        <line num="11" count="1488" type="stmt"/>
        <line num="12" count="1488" type="stmt"/>
        <line num="13" count="1488" type="stmt"/>
        <line num="14" count="1488" type="stmt"/>
        <line num="15" count="1488" type="stmt"/>
        <line num="16" count="1488" type="stmt"/>
        <line num="17" count="1488" type="stmt"/>
        <line num="18" count="1488" type="stmt"/>
        <line num="20" count="1488" type="stmt"/>
        <line num="22" count="1" type="stmt"/>
      </file>
      <file name="ComparisonChart.jsx" path="/home/artur/PycharmProjects/b2v_UoP_kalkulator/src/dashboard/src/components/ComparisonChart.jsx">
        <metrics statements="170" coveredstatements="170" conditionals="3" coveredconditionals="3" methods="1" coveredmethods="1"/>
        <line num="1" count="1" type="stmt"/>
        <line num="2" count="1" type="stmt"/>
        <line num="12" count="1" type="stmt"/>
        <line num="13" count="1" type="stmt"/>
        <line num="15" count="1" type="stmt"/>
        <line num="16" count="1" type="stmt"/>
        <line num="17" count="1" type="stmt"/>
        <line num="18" count="1" type="stmt"/>
        <line num="19" count="1" type="stmt"/>
        <line num="20" count="1" type="stmt"/>
        <line num="21" count="1" type="stmt"/>
        <line num="22" count="1" type="stmt"/>
        <line num="23" count="1" type="stmt"/>
        <line num="25" count="1" type="cond" truecount="1" falsecount="0"/>
        <line num="26" count="10" type="stmt"/>
        <line num="28" count="10" type="cond" truecount="2" falsecount="0"/>
        <line num="30" count="9" type="stmt"/>
        <line num="33" count="9" type="stmt"/>
        <line num="34" count="9" type="stmt"/>
        <line num="35" count="9" type="stmt"/>
        <line num="36" count="9" type="stmt"/>
        <line num="37" count="9" type="stmt"/>
        <line num="38" count="9" type="stmt"/>
        <line num="39" count="9" type="stmt"/>
        <line num="40" count="9" type="stmt"/>
        <line num="41" count="9" type="stmt"/>
        <line num="42" count="9" type="stmt"/>
        <line num="43" count="9" type="stmt"/>
        <line num="44" count="9" type="stmt"/>
        <line num="45" count="9" type="stmt"/>
        <line num="46" count="9" type="stmt"/>
        <line num="47" count="9" type="stmt"/>
        <line num="49" count="9" type="stmt"/>
        <line num="50" count="9" type="stmt"/>
        <line num="51" count="9" type="stmt"/>
        <line num="52" count="9" type="stmt"/>
        <line num="53" count="9" type="stmt"/>
        <line num="54" count="9" type="stmt"/>
        <line num="55" count="9" type="stmt"/>
        <line num="56" count="9" type="stmt"/>
        <line num="57" count="9" type="stmt"/>
        <line num="58" count="9" type="stmt"/>
        <line num="59" count="9" type="stmt"/>
        <line num="60" count="9" type="stmt"/>
        <line num="63" count="9" type="stmt"/>
        <line num="64" count="9" type="stmt"/>
        <line num="65" count="9" type="stmt"/>
        <line num="66" count="9" type="stmt"/>
        <line num="67" count="9" type="stmt"/>
        <line num="68" count="9" type="stmt"/>
        <line num="69" count="9" type="stmt"/>
        <line num="70" count="9" type="stmt"/>
        <line num="71" count="9" type="stmt"/>
        <line num="72" count="9" type="stmt"/>
        <line num="73" count="9" type="stmt"/>
        <line num="74" count="9" type="stmt"/>
        <line num="75" count="9" type="stmt"/>
        <line num="76" count="9" type="stmt"/>
        <line num="77" count="9" type="stmt"/>
        <line num="78" count="9" type="stmt"/>
        <line num="79" count="9" type="stmt"/>
        <line num="80" count="9" type="stmt"/>
        <line num="81" count="9" type="stmt"/>
        <line num="82" count="9" type="stmt"/>
        <line num="83" count="9" type="stmt"/>
        <line num="84" count="9" type="stmt"/>
        <line num="85" count="9" type="stmt"/>
        <line num="86" count="9" type="stmt"/>
        <line num="87" count="9" type="stmt"/>
        <line num="88" count="9" type="stmt"/>
        <line num="89" count="9" type="stmt"/>
        <line num="90" count="9" type="stmt"/>
        <line num="91" count="9" type="stmt"/>
        <line num="92" count="9" type="stmt"/>
        <line num="93" count="9" type="stmt"/>
        <line num="94" count="9" type="stmt"/>
        <line num="95" count="9" type="stmt"/>
        <line num="96" count="9" type="stmt"/>
        <line num="97" count="9" type="stmt"/>
        <line num="98" count="9" type="stmt"/>
        <line num="99" count="9" type="stmt"/>
        <line num="100" count="9" type="stmt"/>
        <line num="101" count="9" type="stmt"/>
        <line num="102" count="9" type="stmt"/>
        <line num="104" count="9" type="stmt"/>
        <line num="105" count="9" type="stmt"/>
        <line num="106" count="9" type="stmt"/>
        <line num="107" count="9" type="stmt"/>
        <line num="108" count="9" type="stmt"/>
        <line num="109" count="9" type="stmt"/>
        <line num="110" count="9" type="stmt"/>
        <line num="111" count="9" type="stmt"/>
        <line num="112" count="9" type="stmt"/>
        <line num="113" count="9" type="stmt"/>
        <line num="114" count="9" type="stmt"/>
        <line num="115" count="9" type="stmt"/>
        <line num="116" count="9" type="stmt"/>
        <line num="117" count="9" type="stmt"/>
        <line num="118" count="9" type="stmt"/>
        <line num="119" count="9" type="stmt"/>
        <line num="120" count="9" type="stmt"/>
        <line num="121" count="9" type="stmt"/>
        <line num="122" count="9" type="stmt"/>
        <line num="123" count="9" type="stmt"/>
        <line num="126" count="9" type="stmt"/>
        <line num="127" count="9" type="stmt"/>
        <line num="128" count="9" type="stmt"/>
        <line num="129" count="9" type="stmt"/>
        <line num="130" count="9" type="stmt"/>
        <line num="131" count="9" type="stmt"/>
        <line num="132" count="9" type="stmt"/>
        <line num="133" count="9" type="stmt"/>
        <line num="134" count="9" type="stmt"/>
        <line num="135" count="9" type="stmt"/>
        <line num="136" count="9" type="stmt"/>
        <line num="137" count="9" type="stmt"/>
        <line num="138" count="9" type="stmt"/>
        <line num="139" count="9" type="stmt"/>
        <line num="140" count="9" type="stmt"/>
        <line num="141" count="9" type="stmt"/>
        <line num="142" count="9" type="stmt"/>
        <line num="143" count="9" type="stmt"/>
        <line num="144" count="9" type="stmt"/>
        <line num="145" count="9" type="stmt"/>
        <line num="146" count="9" type="stmt"/>
        <line num="147" count="9" type="stmt"/>
        <line num="148" count="9" type="stmt"/>
        <line num="149" count="9" type="stmt"/>
        <line num="150" count="9" type="stmt"/>
        <line num="151" count="9" type="stmt"/>
        <line num="152" count="9" type="stmt"/>
        <line num="153" count="9" type="stmt"/>
        <line num="154" count="9" type="stmt"/>
        <line num="155" count="9" type="stmt"/>
        <line num="157" count="9" type="stmt"/>
        <line num="158" count="9" type="stmt"/>
        <line num="159" count="9" type="stmt"/>
        <line num="160" count="9" type="stmt"/>
        <line num="161" count="9" type="stmt"/>
        <line num="162" count="9" type="stmt"/>
        <line num="163" count="9" type="stmt"/>
        <line num="164" count="9" type="stmt"/>
        <line num="165" count="9" type="stmt"/>
        <line num="166" count="9" type="stmt"/>
        <line num="167" count="9" type="stmt"/>
        <line num="168" count="9" type="stmt"/>
        <line num="169" count="9" type="stmt"/>
        <line num="170" count="9" type="stmt"/>
        <line num="171" count="9" type="stmt"/>
        <line num="172" count="9" type="stmt"/>
        <line num="173" count="9" type="stmt"/>
        <line num="174" count="9" type="stmt"/>
        <line num="175" count="9" type="stmt"/>
        <line num="176" count="9" type="stmt"/>
        <line num="178" count="9" type="stmt"/>
        <line num="179" count="9" type="stmt"/>
        <line num="180" count="9" type="stmt"/>
        <line num="181" count="9" type="stmt"/>
        <line num="182" count="9" type="stmt"/>
        <line num="183" count="9" type="stmt"/>
        <line num="184" count="9" type="stmt"/>
        <line num="185" count="9" type="stmt"/>
        <line num="186" count="9" type="stmt"/>
        <line num="187" count="9" type="stmt"/>
        <line num="188" count="9" type="stmt"/>
        <line num="189" count="9" type="stmt"/>
        <line num="190" count="9" type="stmt"/>
        <line num="191" count="9" type="stmt"/>
        <line num="193" count="9" type="stmt"/>
        <line num="195" count="1" type="stmt"/>
      </file>
      <file name="Header.jsx" path="/home/artur/PycharmProjects/b2v_UoP_kalkulator/src/dashboard/src/components/Header.jsx">
        <metrics statements="19" coveredstatements="19" conditionals="1" coveredconditionals="1" methods="1" coveredmethods="1"/>
        <line num="1" count="1" type="stmt"/>
        <line num="2" count="1" type="stmt"/>
        <line num="3" count="1" type="stmt"/>
        <line num="5" count="1" type="cond" truecount="1" falsecount="0"/>
        <line num="6" count="67" type="stmt"/>
        <line num="8" count="67" type="stmt"/>
        <line num="9" count="67" type="stmt"/>
        <line num="10" count="67" type="stmt"/>
        <line num="11" count="67" type="stmt"/>
        <line num="12" count="67" type="stmt"/>
        <line num="13" count="67" type="stmt"/>
        <line num="14" count="67" type="stmt"/>
        <line num="15" count="67" type="stmt"/>
        <line num="16" count="67" type="stmt"/>
        <line num="17" count="67" type="stmt"/>
        <line num="18" count="67" type="stmt"/>
        <line num="19" count="67" type="stmt"/>
        <line num="21" count="67" type="stmt"/>
        <line num="23" count="1" type="stmt"/>
      </file>
      <file name="Input.jsx" path="/home/artur/PycharmProjects/b2v_UoP_kalkulator/src/dashboard/src/components/Input.jsx">
        <metrics statements="19" coveredstatements="19" conditionals="1" coveredconditionals="1" methods="1" coveredmethods="1"/>
        <line num="1" count="1" type="stmt"/>
        <line num="3" count="1" type="cond" truecount="1" falsecount="0"/>
        <line num="4" count="672" type="stmt"/>
        <line num="5" count="672" type="stmt"/>
        <line num="6" count="672" type="stmt"/>
        <line num="7" count="672" type="stmt"/>
        <line num="8" count="672" type="stmt"/>
        <line num="9" count="672" type="stmt"/>
        <line num="10" count="672" type="stmt"/>
        <line num="11" count="672" type="stmt"/>
        <line num="12" count="672" type="stmt"/>
        <line num="13" count="672" type="stmt"/>
        <line num="14" count="672" type="stmt"/>
        <line num="15" count="672" type="stmt"/>
        <line num="16" count="672" type="stmt"/>
        <line num="17" count="672" type="stmt"/>
        <line num="18" count="672" type="stmt"/>
        <line num="20" count="672" type="stmt"/>
        <line num="22" count="1" type="stmt"/>
      </file>
      <file name="LanguageSwitcher.jsx" path="/home/artur/PycharmProjects/b2v_UoP_kalkulator/src/dashboard/src/components/LanguageSwitcher.jsx">
        <metrics statements="22" coveredstatements="22" conditionals="8" coveredconditionals="8" methods="4" coveredmethods="4"/>
        <line num="1" count="1" type="stmt"/>
        <line num="2" count="1" type="stmt"/>
        <line num="4" count="1" type="cond" truecount="1" falsecount="0"/>
        <line num="5" count="67" type="stmt"/>
        <line num="7" count="67" type="cond" truecount="1" falsecount="0"/>
        <line num="8" count="5" type="stmt"/>
        <line num="9" count="5" type="stmt"/>
        <line num="11" count="67" type="stmt"/>
        <line num="12" count="67" type="stmt"/>
        <line num="13" count="67" type="stmt"/>
        <line num="14" count="67" type="cond" truecount="1" falsecount="0"/>
        <line num="15" count="67" type="cond" truecount="2" falsecount="0"/>
        <line num="16" count="67" type="stmt"/>
        <line num="18" count="67" type="stmt"/>
        <line num="19" count="67" type="stmt"/>
        <line num="20" count="67" type="cond" truecount="1" falsecount="0"/>
        <line num="21" count="67" type="cond" truecount="2" falsecount="0"/>
        <line num="22" count="67" type="stmt"/>
        <line num="24" count="67" type="stmt"/>
        <line num="25" count="67" type="stmt"/>
        <line num="27" count="67" type="stmt"/>
        <line num="29" count="1" type="stmt"/>
      </file>
      <file name="ResultsDisplay.jsx" path="/home/artur/PycharmProjects/b2v_UoP_kalkulator/src/dashboard/src/components/ResultsDisplay.jsx">
        <metrics statements="126" coveredstatements="110" conditionals="12" coveredconditionals="11" methods="2" coveredmethods="2"/>
        <line num="1" count="1" type="stmt"/>
        <line num="2" count="1" type="stmt"/>
        <line num="4" count="1" type="cond" truecount="1" falsecount="0"/>
        <line num="5" count="283" type="stmt"/>
        <line num="6" count="283" type="stmt"/>
        <line num="7" count="283" type="stmt"/>
        <line num="8" count="283" type="stmt"/>
        <line num="9" count="283" type="stmt"/>
        <line num="10" count="283" type="stmt"/>
        <line num="11" count="283" type="stmt"/>
        <line num="13" count="1" type="cond" truecount="1" falsecount="0"/>
        <line num="14" count="16" type="stmt"/>
        <line num="16" count="16" type="cond" truecount="2" falsecount="0"/>
        <line num="18" count="15" type="stmt"/>
        <line num="19" count="15" type="stmt"/>
        <line num="20" count="15" type="stmt"/>
        <line num="22" count="15" type="stmt"/>
        <line num="23" count="15" type="stmt"/>
        <line num="25" count="16" type="cond" truecount="2" falsecount="0"/>
        <line num="26" count="12" type="stmt"/>
        <line num="27" count="12" type="stmt"/>
        <line num="28" count="16" type="cond" truecount="3" falsecount="0"/>
        <line num="29" count="1" type="stmt"/>
        <line num="30" count="1" type="stmt"/>
        <line num="31" count="1" type="cond" truecount="1" falsecount="0"/>
        <line num="33" count="15" type="stmt"/>
        <line num="34" count="15" type="stmt"/>
        <line num="35" count="15" type="stmt"/>
        <line num="37" count="15" type="stmt"/>
        <line num="39" count="15" type="stmt"/>
        <line num="40" count="15" type="stmt"/>
        <line num="41" count="15" type="stmt"/>
        <line num="42" count="15" type="stmt"/>
        <line num="43" count="15" type="stmt"/>
        <line num="44" count="15" type="stmt"/>
        <line num="45" count="15" type="stmt"/>
        <line num="46" count="15" type="stmt"/>
        <line num="47" count="15" type="stmt"/>
        <line num="48" count="15" type="stmt"/>
        <line num="49" count="15" type="stmt"/>
        <line num="50" count="15" type="stmt"/>
        <line num="51" count="15" type="stmt"/>
        <line num="52" count="15" type="stmt"/>
        <line num="53" count="15" type="stmt"/>
        <line num="54" count="15" type="stmt"/>
        <line num="55" count="15" type="stmt"/>
        <line num="56" count="15" type="stmt"/>
        <line num="57" count="15" type="stmt"/>
        <line num="58" count="15" type="stmt"/>
        <line num="59" count="15" type="stmt"/>
        <line num="60" count="15" type="stmt"/>
        <line num="61" count="15" type="stmt"/>
        <line num="62" count="15" type="stmt"/>
        <line num="63" count="15" type="stmt"/>
        <line num="64" count="15" type="stmt"/>
        <line num="65" count="15" type="stmt"/>
        <line num="66" count="15" type="stmt"/>
        <line num="67" count="15" type="stmt"/>
        <line num="70" count="15" type="stmt"/>
        <line num="71" count="15" type="stmt"/>
        <line num="72" count="15" type="stmt"/>
        <line num="73" count="15" type="stmt"/>
        <line num="74" count="15" type="stmt"/>
        <line num="75" count="15" type="stmt"/>
        <line num="76" count="15" type="stmt"/>
        <line num="77" count="15" type="stmt"/>
        <line num="78" count="15" type="stmt"/>
        <line num="79" count="15" type="stmt"/>
        <line num="80" count="15" type="stmt"/>
        <line num="81" count="15" type="stmt"/>
        <line num="82" count="15" type="stmt"/>
        <line num="83" count="15" type="stmt"/>
        <line num="84" count="15" type="stmt"/>
        <line num="85" count="15" type="stmt"/>
        <line num="86" count="15" type="stmt"/>
        <line num="87" count="15" type="stmt"/>
        <line num="88" count="15" type="stmt"/>
        <line num="90" count="15" type="cond" truecount="1" falsecount="0"/>
        <line num="91" count="13" type="stmt"/>
        <line num="92" count="13" type="stmt"/>
        <line num="93" count="13" type="stmt"/>
        <line num="94" count="13" type="stmt"/>
        <line num="95" count="13" type="stmt"/>
        <line num="96" count="13" type="stmt"/>
        <line num="97" count="13" type="stmt"/>
        <line num="98" count="13" type="stmt"/>
        <line num="101" count="16" type="cond" truecount="0" falsecount="1"/>
        <line num="102" count="0" type="stmt"/>
        <line num="103" count="0" type="stmt"/>
        <line num="104" count="0" type="stmt"/>
        <line num="105" count="0" type="stmt"/>
        <line num="106" count="0" type="stmt"/>
        <line num="107" count="0" type="stmt"/>
        <line num="108" count="0" type="stmt"/>
        <line num="109" count="0" type="stmt"/>
        <line num="110" count="0" type="stmt"/>
        <line num="111" count="0" type="stmt"/>
        <line num="112" count="0" type="stmt"/>
        <line num="113" count="0" type="stmt"/>
        <line num="114" count="0" type="stmt"/>
        <line num="115" count="0" type="stmt"/>
        <line num="116" count="0" type="stmt"/>
        <line num="117" count="0" type="stmt"/>
        <line num="120" count="16" type="stmt"/>
        <line num="121" count="16" type="stmt"/>
        <line num="122" count="16" type="stmt"/>
        <line num="123" count="16" type="stmt"/>
        <line num="124" count="16" type="stmt"/>
        <line num="126" count="16" type="stmt"/>
        <line num="127" count="16" type="stmt"/>
        <line num="128" count="16" type="stmt"/>
        <line num="129" count="16" type="stmt"/>
        <line num="130" count="16" type="stmt"/>
        <line num="131" count="16" type="stmt"/>
        <line num="133" count="16" type="stmt"/>
        <line num="134" count="16" type="stmt"/>
        <line num="135" count="16" type="stmt"/>
        <line num="136" count="16" type="stmt"/>
        <line num="137" count="16" type="stmt"/>
        <line num="138" count="16" type="stmt"/>
        <line num="140" count="16" type="stmt"/>
        <line num="141" count="16" type="stmt"/>
        <line num="142" count="16" type="stmt"/>
        <line num="143" count="16" type="stmt"/>
        <line num="145" count="16" type="stmt"/>
        <line num="147" count="1" type="stmt"/>
      </file>
      <file name="Select.jsx" path="/home/artur/PycharmProjects/b2v_UoP_kalkulator/src/dashboard/src/components/Select.jsx">
        <metrics statements="23" coveredstatements="23" conditionals="2" coveredconditionals="2" methods="1" coveredmethods="1"/>
        <line num="1" count="1" type="stmt"/>
        <line num="3" count="1" type="cond" truecount="1" falsecount="0"/>
        <line num="4" count="279" type="stmt"/>
        <line num="5" count="279" type="stmt"/>
        <line num="6" count="279" type="stmt"/>
        <line num="7" count="279" type="stmt"/>
        <line num="8" count="279" type="stmt"/>
        <line num="9" count="279" type="stmt"/>
        <line num="10" count="279" type="stmt"/>
        <line num="11" count="279" type="stmt"/>
        <line num="12" count="279" type="stmt"/>
        <line num="13" count="279" type="stmt"/>
        <line num="14" count="279" type="stmt"/>
        <line num="15" count="279" type="stmt"/>
        <line num="17" count="279" type="cond" truecount="1" falsecount="0"/>
        <line num="18" count="930" type="stmt"/>
        <line num="19" count="930" type="stmt"/>
        <line num="20" count="930" type="stmt"/>
        <line num="21" count="279" type="stmt"/>
        <line num="22" count="279" type="stmt"/>
        <line num="23" count="279" type="stmt"/>
        <line num="25" count="279" type="stmt"/>
        <line num="27" count="1" type="stmt"/>
      </file>
      <file name="SensitivityChart.jsx" path="/home/artur/PycharmProjects/b2v_UoP_kalkulator/src/dashboard/src/components/SensitivityChart.jsx">
        <metrics statements="73" coveredstatements="70" conditionals="12" coveredconditionals="10" methods="2" coveredmethods="2"/>
        <line num="1" count="1" type="stmt"/>
        <line num="2" count="1" type="stmt"/>
        <line num="3" count="1" type="stmt"/>
        <line num="4" count="1" type="stmt"/>
        <line num="5" count="1" type="stmt"/>
        <line num="7" count="1" type="stmt"/>
        <line num="9" count="1" type="cond" truecount="1" falsecount="0"/>
        <line num="10" count="28" type="stmt"/>
        <line num="11" count="28" type="stmt"/>
        <line num="12" count="28" type="stmt"/>
        <line num="14" count="28" type="cond" truecount="1" falsecount="0"/>
        <line num="15" count="10" type="cond" truecount="1" falsecount="0"/>
        <line num="16" count="10" type="stmt"/>
        <line num="17" count="10" type="stmt"/>
        <line num="18" count="10" type="stmt"/>
        <line num="20" count="10" type="cond" truecount="1" falsecount="0"/>
        <line num="22" count="10" type="cond" truecount="1" falsecount="0"/>
        <line num="23" count="10" type="cond" truecount="1" falsecount="0"/>
        <line num="25" count="10" type="stmt"/>
        <line num="26" count="10" type="stmt"/>
        <line num="27" count="10" type="stmt"/>
        <line num="28" count="10" type="stmt"/>
        <line num="29" count="10" type="stmt"/>
        <line num="30" count="10" type="stmt"/>
        <line num="31" count="10" type="stmt"/>
        <line num="32" count="10" type="stmt"/>
        <line num="33" count="10" type="stmt"/>
        <line num="34" count="10" type="stmt"/>
        <line num="35" count="10" type="stmt"/>
        <line num="36" count="10" type="stmt"/>
        <line num="37" count="10" type="cond" truecount="0" falsecount="1"/>
        <line num="38" count="0" type="stmt"/>
        <line num="39" count="10" type="stmt"/>
        <line num="40" count="10" type="stmt"/>
        <line num="41" count="10" type="stmt"/>
        <line num="42" count="10" type="stmt"/>
        <line num="44" count="10" type="stmt"/>
        <line num="45" count="10" type="stmt"/>
        <line num="46" count="10" type="stmt"/>
        <line num="47" count="28" type="stmt"/>
        <line num="49" count="28" type="cond" truecount="2" falsecount="0"/>
        <line num="50" count="10" type="stmt"/>
        <line num="51" count="10" type="cond" truecount="1" falsecount="0"/>
        <line num="53" count="28" type="cond" truecount="0" falsecount="1"/>
        <line num="54" count="0" type="stmt"/>
        <line num="55" count="0" type="cond" truecount="1" falsecount="0"/>
        <line num="57" count="18" type="stmt"/>
        <line num="58" count="18" type="stmt"/>
        <line num="59" count="18" type="stmt"/>
        <line num="60" count="18" type="stmt"/>
        <line num="61" count="18" type="stmt"/>
        <line num="62" count="18" type="stmt"/>
        <line num="63" count="18" type="stmt"/>
        <line num="64" count="18" type="stmt"/>
        <line num="65" count="18" type="stmt"/>
        <line num="66" count="18" type="stmt"/>
        <line num="67" count="18" type="stmt"/>
        <line num="68" count="18" type="stmt"/>
        <line num="69" count="18" type="stmt"/>
        <line num="70" count="18" type="stmt"/>
        <line num="71" count="18" type="stmt"/>
        <line num="72" count="18" type="stmt"/>
        <line num="73" count="18" type="stmt"/>
        <line num="74" count="18" type="stmt"/>
        <line num="75" count="18" type="stmt"/>
        <line num="76" count="18" type="stmt"/>
        <line num="77" count="18" type="stmt"/>
        <line num="79" count="18" type="stmt"/>
        <line num="80" count="18" type="stmt"/>
        <line num="81" count="18" type="stmt"/>
        <line num="82" count="18" type="stmt"/>
        <line num="84" count="18" type="stmt"/>
        <line num="86" count="1" type="stmt"/>
      </file>
      <file name="SkeletonLoader.jsx" path="/home/artur/PycharmProjects/b2v_UoP_kalkulator/src/dashboard/src/components/SkeletonLoader.jsx">
        <metrics statements="13" coveredstatements="13" conditionals="1" coveredconditionals="1" methods="1" coveredmethods="1"/>
        <line num="1" count="1" type="stmt"/>
        <line num="3" count="1" type="cond" truecount="1" falsecount="0"/>
        <line num="4" count="11" type="stmt"/>
        <line num="5" count="11" type="stmt"/>
        <line num="6" count="11" type="stmt"/>
        <line num="7" count="11" type="stmt"/>
        <line num="8" count="11" type="stmt"/>
        <line num="9" count="11" type="stmt"/>
        <line num="10" count="11" type="stmt"/>
        <line num="11" count="11" type="stmt"/>
        <line num="12" count="11" type="stmt"/>
        <line num="14" count="11" type="stmt"/>
        <line num="16" count="1" type="stmt"/>
      </file>
      <file name="WaterfallChart.jsx" path="/home/artur/PycharmProjects/b2v_UoP_kalkulator/src/dashboard/src/components/WaterfallChart.jsx">
        <metrics statements="133" coveredstatements="102" conditionals="11" coveredconditionals="8" methods="5" coveredmethods="2"/>
        <line num="1" count="1" type="stmt"/>
        <line num="2" count="1" type="stmt"/>
        <line num="3" count="1" type="stmt"/>
        <line num="4" count="1" type="stmt"/>
        <line num="6" count="1" type="stmt"/>
        <line num="8" count="1" type="cond" truecount="1" falsecount="0"/>
        <line num="9" count="10" type="stmt"/>
        <line num="10" count="10" type="stmt"/>
        <line num="12" count="10" type="cond" truecount="2" falsecount="0"/>
        <line num="13" count="1" type="stmt"/>
        <line num="14" count="1" type="stmt"/>
        <line num="16" count="9" type="cond" truecount="1" falsecount="0"/>
        <line num="17" count="9" type="cond" truecount="2" falsecount="0"/>
        <line num="19" count="1" type="stmt"/>
        <line num="20" count="1" type="stmt"/>
        <line num="21" count="1" type="stmt"/>
        <line num="23" count="1" type="stmt"/>
        <line num="24" count="1" type="stmt"/>
        <line num="25" count="1" type="stmt"/>
        <line num="26" count="1" type="stmt"/>
        <line num="27" count="1" type="stmt"/>
        <line num="28" count="1" type="stmt"/>
        <line num="29" count="1" type="stmt"/>
        <line num="30" count="1" type="stmt"/>
        <line num="31" count="1" type="stmt"/>
        <line num="32" count="1" type="stmt"/>
        <line num="33" count="1" type="stmt"/>
        <line num="34" count="1" type="stmt"/>
        <line num="36" count="1" type="stmt"/>
        <line num="37" count="1" type="stmt"/>
        <line num="38" count="1" type="stmt"/>
        <line num="40" count="1" type="stmt"/>
        <line num="41" count="1" type="stmt"/>
        <line num="42" count="1" type="stmt"/>
        <line num="44" count="1" type="stmt"/>
        <line num="45" count="1" type="stmt"/>
        <line num="46" count="1" type="stmt"/>
        <line num="47" count="1" type="stmt"/>
        <line num="49" count="1" type="stmt"/>
        <line num="50" count="1" type="stmt"/>
        <line num="51" count="1" type="stmt"/>
        <line num="53" count="1" type="stmt"/>
        <line num="54" count="1" type="stmt"/>
        <line num="55" count="1" type="stmt"/>
        <line num="56" count="1" type="stmt"/>
        <line num="58" count="1" type="stmt"/>
        <line num="59" count="1" type="stmt"/>
        <line num="60" count="1" type="stmt"/>
        <line num="62" count="1" type="stmt"/>
        <line num="63" count="1" type="stmt"/>
        <line num="65" count="1" type="cond" truecount="0" falsecount="1"/>
        <line num="66" count="0" type="stmt"/>
        <line num="67" count="0" type="stmt"/>
        <line num="68" count="0" type="stmt"/>
        <line num="69" count="0" type="stmt"/>
        <line num="70" count="0" type="stmt"/>
        <line num="71" count="0" type="stmt"/>
        <line num="72" count="0" type="stmt"/>
        <line num="73" count="0" type="stmt"/>
        <line num="74" count="0" type="stmt"/>
        <line num="76" count="0" type="stmt"/>
        <line num="77" count="0" type="stmt"/>
        <line num="78" count="0" type="stmt"/>
        <line num="80" count="0" type="stmt"/>
        <line num="81" count="0" type="stmt"/>
        <line num="82" count="0" type="stmt"/>
        <line num="83" count="0" type="stmt"/>
        <line num="85" count="0" type="stmt"/>
        <line num="86" count="0" type="stmt"/>
        <line num="87" count="0" type="stmt"/>
        <line num="89" count="0" type="stmt"/>
        <line num="90" count="0" type="stmt"/>
        <line num="91" count="0" type="stmt"/>
        <line num="92" count="0" type="stmt"/>
        <line num="94" count="0" type="stmt"/>
        <line num="95" count="0" type="stmt"/>
        <line num="96" count="0" type="stmt"/>
        <line num="98" count="1" type="stmt"/>
        <line num="99" count="1" type="stmt"/>
        <line num="100" count="1" type="stmt"/>
        <line num="101" count="1" type="stmt"/>
        <line num="102" count="1" type="stmt"/>
        <line num="103" count="1" type="stmt"/>
        <line num="104" count="0" type="stmt"/>
        <line num="105" count="0" type="stmt"/>
        <line num="106" count="0" type="stmt"/>
        <line num="107" count="0" type="stmt"/>
        <line num="108" count="0" type="stmt"/>
        <line num="109" count="1" type="stmt"/>
        <line num="110" count="1" type="stmt"/>
        <line num="111" count="1" type="stmt"/>
        <line num="112" count="1" type="stmt"/>
        <line num="113" count="9" type="stmt"/>
        <line num="115" count="10" type="stmt"/>
        <line num="117" count="10" type="stmt"/>
        <line num="118" count="10" type="stmt"/>
        <line num="119" count="10" type="stmt"/>
        <line num="120" count="10" type="stmt"/>
        <line num="121" count="10" type="stmt"/>
        <line num="122" count="10" type="stmt"/>
        <line num="123" count="10" type="stmt"/>
        <line num="124" count="10" type="stmt"/>
        <line num="125" count="10" type="stmt"/>
        <line num="126" count="10" type="stmt"/>
        <line num="127" count="10" type="stmt"/>
        <line num="128" count="10" type="stmt"/>
        <line num="129" count="10" type="stmt"/>
        <line num="130" count="10" type="stmt"/>
        <line num="131" count="10" type="stmt"/>
        <line num="132" count="10" type="stmt"/>
        <line num="133" count="10" type="stmt"/>
        <line num="134" count="10" type="stmt"/>
        <line num="135" count="10" type="stmt"/>
        <line num="136" count="10" type="stmt"/>
        <line num="137" count="10" type="stmt"/>
        <line num="139" count="10" type="stmt"/>
        <line num="140" count="10" type="stmt"/>
        <line num="141" count="10" type="stmt"/>
        <line num="142" count="10" type="stmt"/>
        <line num="143" count="10" type="stmt"/>
        <line num="144" count="10" type="cond" truecount="1" falsecount="1"/>
        <line num="146" count="10" type="stmt"/>
        <line num="147" count="10" type="stmt"/>
        <line num="148" count="10" type="stmt"/>
        <line num="149" count="10" type="stmt"/>
        <line num="150" count="10" type="cond" truecount="1" falsecount="1"/>
        <line num="152" count="10" type="stmt"/>
        <line num="153" count="10" type="stmt"/>
        <line num="154" count="10" type="stmt"/>
        <line num="155" count="10" type="stmt"/>
        <line num="156" count="10" type="stmt"/>
        <line num="158" count="10" type="stmt"/>
        <line num="160" count="1" type="stmt"/>
      </file>
    </package>
    <package name="dashboard.src.services">
      <metrics statements="60" coveredstatements="60" conditionals="14" coveredconditionals="13" methods="7" coveredmethods="7"/>
      <file name="api.js" path="/home/artur/PycharmProjects/b2v_UoP_kalkulator/src/dashboard/src/services/api.js">
        <metrics statements="60" coveredstatements="60" conditionals="14" coveredconditionals="13" methods="7" coveredmethods="7"/>
        <line num="1" count="1" type="stmt"/>
        <line num="3" count="1" type="stmt"/>
        <line num="5" count="1" type="cond" truecount="1" falsecount="0"/>
        <line num="6" count="6" type="cond" truecount="0" falsecount="1"/>
        <line num="7" count="6" type="stmt"/>
        <line num="8" count="6" type="stmt"/>
        <line num="10" count="1" type="cond" truecount="1" falsecount="0"/>
        <line num="11" count="2" type="stmt"/>
        <line num="12" count="2" type="cond" truecount="1" falsecount="0"/>
        <line num="13" count="1" type="stmt"/>
        <line num="14" count="1" type="stmt"/>
        <line num="15" count="1" type="stmt"/>
        <line num="16" count="1" type="stmt"/>
        <line num="17" count="2" type="stmt"/>
        <line num="19" count="1" type="cond" truecount="1" falsecount="0"/>
        <line num="20" count="2" type="stmt"/>
        <line num="21" count="2" type="stmt"/>
        <line num="22" count="2" type="stmt"/>
        <line num="23" count="2" type="cond" truecount="1" falsecount="0"/>
        <line num="24" count="1" type="stmt"/>
        <line num="25" count="1" type="stmt"/>
        <line num="26" count="1" type="stmt"/>
        <line num="27" count="1" type="stmt"/>
        <line num="28" count="2" type="stmt"/>
        <line num="30" count="1" type="cond" truecount="1" falsecount="0"/>
        <line num="31" count="2" type="stmt"/>
        <line num="32" count="2" type="stmt"/>
        <line num="33" count="2" type="stmt"/>
        <line num="34" count="2" type="cond" truecount="1" falsecount="0"/>
        <line num="35" count="1" type="stmt"/>
        <line num="36" count="1" type="stmt"/>
        <line num="37" count="1" type="stmt"/>
        <line num="38" count="1" type="stmt"/>
        <line num="39" count="2" type="stmt"/>
        <line num="41" count="1" type="cond" truecount="1" falsecount="0"/>
        <line num="42" count="2" type="stmt"/>
        <line num="43" count="2" type="stmt"/>
        <line num="44" count="2" type="stmt"/>
        <line num="45" count="2" type="cond" truecount="1" falsecount="0"/>
        <line num="46" count="1" type="stmt"/>
        <line num="47" count="1" type="stmt"/>
        <line num="48" count="1" type="stmt"/>
        <line num="49" count="1" type="stmt"/>
        <line num="50" count="2" type="stmt"/>
        <line num="52" count="1" type="cond" truecount="1" falsecount="0"/>
        <line num="53" count="2" type="stmt"/>
        <line num="54" count="2" type="cond" truecount="1" falsecount="0"/>
        <line num="55" count="1" type="stmt"/>
        <line num="56" count="1" type="stmt"/>
        <line num="57" count="1" type="stmt"/>
        <line num="58" count="1" type="stmt"/>
        <line num="59" count="2" type="stmt"/>
        <line num="61" count="1" type="cond" truecount="1" falsecount="0"/>
        <line num="62" count="2" type="stmt"/>
        <line num="63" count="2" type="cond" truecount="1" falsecount="0"/>
        <line num="64" count="1" type="stmt"/>
        <line num="65" count="1" type="stmt"/>
        <line num="66" count="1" type="stmt"/>
        <line num="67" count="1" type="stmt"/>
        <line num="68" count="2" type="stmt"/>
      </file>
    </package>
  </project>
</coverage>
