{"/home/artur/PycharmProjects/b2v_UoP_kalkulator/src/dashboard/postcss.config.js": {"path":"/home/artur/PycharmProjects/b2v_UoP_kalkulator/src/dashboard/postcss.config.js","all":true,"statementMap":{"0":{"start":{"line":1,"column":0},"end":{"line":1,"column":16}},"1":{"start":{"line":2,"column":0},"end":{"line":2,"column":12}},"2":{"start":{"line":3,"column":0},"end":{"line":3,"column":20}},"3":{"start":{"line":4,"column":0},"end":{"line":4,"column":21}},"4":{"start":{"line":5,"column":0},"end":{"line":5,"column":4}},"5":{"start":{"line":6,"column":0},"end":{"line":6,"column":1}}},"s":{"0":0,"1":0,"2":0,"3":0,"4":0,"5":0},"branchMap":{"0":{"type":"branch","line":1,"loc":{"start":{"line":1,"column":0},"end":{"line":6,"column":-11}},"locations":[{"start":{"line":1,"column":0},"end":{"line":6,"column":-11}}]}},"b":{"0":[0]},"fnMap":{"0":{"name":"(empty-report)","decl":{"start":{"line":1,"column":0},"end":{"line":6,"column":-11}},"loc":{"start":{"line":1,"column":0},"end":{"line":6,"column":-11}},"line":1}},"f":{"0":0}}
,"/home/artur/PycharmProjects/b2v_UoP_kalkulator/src/dashboard/tailwind.config.js": {"path":"/home/artur/PycharmProjects/b2v_UoP_kalkulator/src/dashboard/tailwind.config.js","all":true,"statementMap":{"0":{"start":{"line":1,"column":0},"end":{"line":1,"column":43}},"1":{"start":{"line":2,"column":0},"end":{"line":2,"column":16}},"2":{"start":{"line":3,"column":0},"end":{"line":3,"column":12}},"3":{"start":{"line":4,"column":0},"end":{"line":4,"column":19}},"4":{"start":{"line":5,"column":0},"end":{"line":5,"column":33}},"5":{"start":{"line":6,"column":0},"end":{"line":6,"column":4}},"6":{"start":{"line":7,"column":0},"end":{"line":7,"column":10}},"7":{"start":{"line":8,"column":0},"end":{"line":8,"column":13}},"8":{"start":{"line":9,"column":0},"end":{"line":9,"column":15}},"9":{"start":{"line":10,"column":0},"end":{"line":10,"column":55}},"10":{"start":{"line":11,"column":0},"end":{"line":11,"column":43}},"11":{"start":{"line":12,"column":0},"end":{"line":12,"column":47}},"12":{"start":{"line":13,"column":0},"end":{"line":13,"column":46}},"13":{"start":{"line":14,"column":0},"end":{"line":14,"column":43}},"14":{"start":{"line":15,"column":0},"end":{"line":15,"column":8}},"15":{"start":{"line":16,"column":0},"end":{"line":16,"column":19}},"16":{"start":{"line":17,"column":0},"end":{"line":17,"column":38}},"17":{"start":{"line":18,"column":0},"end":{"line":18,"column":8}},"18":{"start":{"line":19,"column":0},"end":{"line":19,"column":6}},"19":{"start":{"line":20,"column":0},"end":{"line":20,"column":4}},"20":{"start":{"line":21,"column":0},"end":{"line":21,"column":14}},"21":{"start":{"line":22,"column":0},"end":{"line":22,"column":1}}},"s":{"0":0,"1":0,"2":0,"3":0,"4":0,"5":0,"6":0,"7":0,"8":0,"9":0,"10":0,"11":0,"12":0,"13":0,"14":0,"15":0,"16":0,"17":0,"18":0,"19":0,"20":0,"21":0},"branchMap":{"0":{"type":"branch","line":1,"loc":{"start":{"line":1,"column":0},"end":{"line":22,"column":-13}},"locations":[{"start":{"line":1,"column":0},"end":{"line":22,"column":-13}}]}},"b":{"0":[0]},"fnMap":{"0":{"name":"(empty-report)","decl":{"start":{"line":1,"column":0},"end":{"line":22,"column":-13}},"loc":{"start":{"line":1,"column":0},"end":{"line":22,"column":-13}},"line":1}},"f":{"0":0}}
,"/home/artur/PycharmProjects/b2v_UoP_kalkulator/src/dashboard/vite.config.js": {"path":"/home/artur/PycharmProjects/b2v_UoP_kalkulator/src/dashboard/vite.config.js","all":true,"statementMap":{"0":{"start":{"line":1,"column":0},"end":{"line":1,"column":35}},"1":{"start":{"line":2,"column":0},"end":{"line":2,"column":40}},"2":{"start":{"line":3,"column":0},"end":{"line":3,"column":0}},"3":{"start":{"line":4,"column":0},"end":{"line":4,"column":29}},"4":{"start":{"line":5,"column":0},"end":{"line":5,"column":29}},"5":{"start":{"line":6,"column":0},"end":{"line":6,"column":21}},"6":{"start":{"line":7,"column":0},"end":{"line":7,"column":11}},"7":{"start":{"line":8,"column":0},"end":{"line":8,"column":12}},"8":{"start":{"line":9,"column":0},"end":{"line":9,"column":15}},"9":{"start":{"line":10,"column":0},"end":{"line":10,"column":40}},"10":{"start":{"line":11,"column":0},"end":{"line":11,"column":27}},"11":{"start":{"line":12,"column":0},"end":{"line":12,"column":22}},"12":{"start":{"line":13,"column":0},"end":{"line":13,"column":8}},"13":{"start":{"line":14,"column":0},"end":{"line":14,"column":6}},"14":{"start":{"line":15,"column":0},"end":{"line":15,"column":4}},"15":{"start":{"line":16,"column":0},"end":{"line":16,"column":9}},"16":{"start":{"line":17,"column":0},"end":{"line":17,"column":25}},"17":{"start":{"line":18,"column":0},"end":{"line":18,"column":36}},"18":{"start":{"line":19,"column":0},"end":{"line":19,"column":18}},"19":{"start":{"line":20,"column":0},"end":{"line":20,"column":15}},"20":{"start":{"line":21,"column":0},"end":{"line":21,"column":32}},"21":{"start":{"line":22,"column":0},"end":{"line":22,"column":6}},"22":{"start":{"line":23,"column":0},"end":{"line":23,"column":25}},"23":{"start":{"line":24,"column":0},"end":{"line":24,"column":14}},"24":{"start":{"line":25,"column":0},"end":{"line":25,"column":28}},"25":{"start":{"line":26,"column":0},"end":{"line":26,"column":8}},"26":{"start":{"line":27,"column":0},"end":{"line":27,"column":6}},"27":{"start":{"line":28,"column":0},"end":{"line":28,"column":50}},"28":{"start":{"line":29,"column":0},"end":{"line":29,"column":4}},"29":{"start":{"line":30,"column":0},"end":{"line":30,"column":2}}},"s":{"0":0,"1":0,"2":0,"3":0,"4":0,"5":0,"6":0,"7":0,"8":0,"9":0,"10":0,"11":0,"12":0,"13":0,"14":0,"15":0,"16":0,"17":0,"18":0,"19":0,"20":0,"21":0,"22":0,"23":0,"24":0,"25":0,"26":0,"27":0,"28":0,"29":0},"branchMap":{"0":{"type":"branch","line":1,"loc":{"start":{"line":1,"column":0},"end":{"line":30,"column":-196}},"locations":[{"start":{"line":1,"column":0},"end":{"line":30,"column":-196}}]}},"b":{"0":[0]},"fnMap":{"0":{"name":"(empty-report)","decl":{"start":{"line":1,"column":0},"end":{"line":30,"column":-196}},"loc":{"start":{"line":1,"column":0},"end":{"line":30,"column":-196}},"line":1}},"f":{"0":0}}
,"/home/artur/PycharmProjects/b2v_UoP_kalkulator/src/dashboard/src/App.jsx": {"path":"/home/artur/PycharmProjects/b2v_UoP_kalkulator/src/dashboard/src/App.jsx","all":false,"statementMap":{"0":{"start":{"line":1,"column":0},"end":{"line":1,"column":40}},"1":{"start":{"line":2,"column":0},"end":{"line":2,"column":47}},"2":{"start":{"line":3,"column":0},"end":{"line":3,"column":57}},"3":{"start":{"line":4,"column":0},"end":{"line":4,"column":57}},"4":{"start":{"line":5,"column":0},"end":{"line":5,"column":59}},"5":{"start":{"line":6,"column":0},"end":{"line":6,"column":57}},"6":{"start":{"line":7,"column":0},"end":{"line":7,"column":57}},"7":{"start":{"line":8,"column":0},"end":{"line":8,"column":61}},"8":{"start":{"line":9,"column":0},"end":{"line":9,"column":41}},"9":{"start":{"line":10,"column":0},"end":{"line":10,"column":57}},"10":{"start":{"line":11,"column":0},"end":{"line":11,"column":39}},"11":{"start":{"line":12,"column":0},"end":{"line":12,"column":99}},"12":{"start":{"line":13,"column":0},"end":{"line":13,"column":36}},"14":{"start":{"line":15,"column":0},"end":{"line":15,"column":16}},"15":{"start":{"line":16,"column":0},"end":{"line":16,"column":36}},"16":{"start":{"line":17,"column":0},"end":{"line":17,"column":103}},"17":{"start":{"line":18,"column":0},"end":{"line":18,"column":42}},"18":{"start":{"line":19,"column":0},"end":{"line":19,"column":30}},"19":{"start":{"line":20,"column":0},"end":{"line":20,"column":35}},"20":{"start":{"line":21,"column":0},"end":{"line":21,"column":29}},"21":{"start":{"line":22,"column":0},"end":{"line":22,"column":25}},"22":{"start":{"line":23,"column":0},"end":{"line":23,"column":38}},"23":{"start":{"line":24,"column":0},"end":{"line":24,"column":28}},"24":{"start":{"line":25,"column":0},"end":{"line":25,"column":18}},"25":{"start":{"line":26,"column":0},"end":{"line":26,"column":21}},"26":{"start":{"line":27,"column":0},"end":{"line":27,"column":26}},"27":{"start":{"line":28,"column":0},"end":{"line":28,"column":22}},"28":{"start":{"line":29,"column":0},"end":{"line":29,"column":22}},"29":{"start":{"line":30,"column":0},"end":{"line":30,"column":52}},"30":{"start":{"line":31,"column":0},"end":{"line":31,"column":48}},"31":{"start":{"line":32,"column":0},"end":{"line":32,"column":48}},"32":{"start":{"line":33,"column":0},"end":{"line":33,"column":50}},"33":{"start":{"line":34,"column":0},"end":{"line":34,"column":46}},"34":{"start":{"line":35,"column":0},"end":{"line":35,"column":51}},"35":{"start":{"line":36,"column":0},"end":{"line":36,"column":50}},"36":{"start":{"line":37,"column":0},"end":{"line":37,"column":6}},"37":{"start":{"line":38,"column":0},"end":{"line":38,"column":5}},"39":{"start":{"line":40,"column":0},"end":{"line":40,"column":42}},"40":{"start":{"line":41,"column":0},"end":{"line":41,"column":31}},"41":{"start":{"line":42,"column":0},"end":{"line":42,"column":69}},"42":{"start":{"line":43,"column":0},"end":{"line":43,"column":28}},"43":{"start":{"line":44,"column":0},"end":{"line":44,"column":25}},"44":{"start":{"line":45,"column":0},"end":{"line":45,"column":5}},"46":{"start":{"line":47,"column":0},"end":{"line":47,"column":47}},"47":{"start":{"line":48,"column":0},"end":{"line":48,"column":48}},"48":{"start":{"line":49,"column":0},"end":{"line":49,"column":43}},"50":{"start":{"line":51,"column":0},"end":{"line":51,"column":34}},"51":{"start":{"line":52,"column":0},"end":{"line":52,"column":52}},"52":{"start":{"line":53,"column":0},"end":{"line":53,"column":46}},"53":{"start":{"line":54,"column":0},"end":{"line":54,"column":60}},"54":{"start":{"line":55,"column":0},"end":{"line":55,"column":33}},"55":{"start":{"line":56,"column":0},"end":{"line":56,"column":20}},"56":{"start":{"line":57,"column":0},"end":{"line":57,"column":26}},"57":{"start":{"line":58,"column":0},"end":{"line":58,"column":38}},"58":{"start":{"line":59,"column":0},"end":{"line":59,"column":26}},"59":{"start":{"line":60,"column":0},"end":{"line":60,"column":53}},"60":{"start":{"line":61,"column":0},"end":{"line":61,"column":59}},"61":{"start":{"line":62,"column":0},"end":{"line":62,"column":12}},"62":{"start":{"line":63,"column":0},"end":{"line":63,"column":10}},"63":{"start":{"line":64,"column":0},"end":{"line":64,"column":10}},"64":{"start":{"line":65,"column":0},"end":{"line":65,"column":12}},"65":{"start":{"line":66,"column":0},"end":{"line":66,"column":33}},"66":{"start":{"line":67,"column":0},"end":{"line":67,"column":20}},"67":{"start":{"line":68,"column":0},"end":{"line":68,"column":54}},"68":{"start":{"line":69,"column":0},"end":{"line":69,"column":10}},"69":{"start":{"line":70,"column":0},"end":{"line":70,"column":5}},"70":{"start":{"line":71,"column":0},"end":{"line":71,"column":4}},"72":{"start":{"line":73,"column":0},"end":{"line":73,"column":34}},"73":{"start":{"line":74,"column":0},"end":{"line":74,"column":52}},"75":{"start":{"line":76,"column":0},"end":{"line":76,"column":38}},"76":{"start":{"line":77,"column":0},"end":{"line":77,"column":33}},"77":{"start":{"line":78,"column":0},"end":{"line":78,"column":20}},"78":{"start":{"line":79,"column":0},"end":{"line":79,"column":33}},"79":{"start":{"line":80,"column":0},"end":{"line":80,"column":49}},"80":{"start":{"line":81,"column":0},"end":{"line":81,"column":77}},"81":{"start":{"line":82,"column":0},"end":{"line":82,"column":10}},"82":{"start":{"line":83,"column":0},"end":{"line":83,"column":50}},"83":{"start":{"line":84,"column":0},"end":{"line":84,"column":39}},"84":{"start":{"line":85,"column":0},"end":{"line":85,"column":33}},"85":{"start":{"line":86,"column":0},"end":{"line":86,"column":20}},"86":{"start":{"line":87,"column":0},"end":{"line":87,"column":23}},"87":{"start":{"line":88,"column":0},"end":{"line":88,"column":35}},"88":{"start":{"line":89,"column":0},"end":{"line":89,"column":25}},"89":{"start":{"line":90,"column":0},"end":{"line":90,"column":10}},"90":{"start":{"line":91,"column":0},"end":{"line":91,"column":10}},"91":{"start":{"line":92,"column":0},"end":{"line":92,"column":12}},"92":{"start":{"line":93,"column":0},"end":{"line":93,"column":33}},"93":{"start":{"line":94,"column":0},"end":{"line":94,"column":20}},"94":{"start":{"line":95,"column":0},"end":{"line":95,"column":54}},"95":{"start":{"line":96,"column":0},"end":{"line":96,"column":10}},"96":{"start":{"line":97,"column":0},"end":{"line":97,"column":5}},"97":{"start":{"line":98,"column":0},"end":{"line":98,"column":4}},"99":{"start":{"line":100,"column":0},"end":{"line":100,"column":46}},"100":{"start":{"line":101,"column":0},"end":{"line":101,"column":39}},"101":{"start":{"line":102,"column":0},"end":{"line":102,"column":4}},"103":{"start":{"line":104,"column":0},"end":{"line":104,"column":39}},"104":{"start":{"line":105,"column":0},"end":{"line":105,"column":21}},"105":{"start":{"line":106,"column":0},"end":{"line":106,"column":19}},"106":{"start":{"line":107,"column":0},"end":{"line":107,"column":9}},"107":{"start":{"line":108,"column":0},"end":{"line":108,"column":85}},"108":{"start":{"line":109,"column":0},"end":{"line":109,"column":47}},"109":{"start":{"line":110,"column":0},"end":{"line":110,"column":32}},"110":{"start":{"line":111,"column":0},"end":{"line":111,"column":33}},"111":{"start":{"line":112,"column":0},"end":{"line":112,"column":22}},"112":{"start":{"line":113,"column":0},"end":{"line":113,"column":96}},"113":{"start":{"line":114,"column":0},"end":{"line":114,"column":12}},"114":{"start":{"line":115,"column":0},"end":{"line":115,"column":7}},"115":{"start":{"line":116,"column":0},"end":{"line":116,"column":22}},"116":{"start":{"line":117,"column":0},"end":{"line":117,"column":19}},"117":{"start":{"line":118,"column":0},"end":{"line":118,"column":86}},"118":{"start":{"line":119,"column":0},"end":{"line":119,"column":47}},"120":{"start":{"line":121,"column":0},"end":{"line":121,"column":15}},"121":{"start":{"line":122,"column":0},"end":{"line":122,"column":24}},"122":{"start":{"line":123,"column":0},"end":{"line":123,"column":5}},"123":{"start":{"line":124,"column":0},"end":{"line":124,"column":4}},"125":{"start":{"line":126,"column":0},"end":{"line":126,"column":39}},"126":{"start":{"line":127,"column":0},"end":{"line":127,"column":25}},"127":{"start":{"line":128,"column":0},"end":{"line":128,"column":9}},"128":{"start":{"line":129,"column":0},"end":{"line":129,"column":20}},"129":{"start":{"line":130,"column":0},"end":{"line":130,"column":41}},"130":{"start":{"line":131,"column":0},"end":{"line":131,"column":41}},"131":{"start":{"line":132,"column":0},"end":{"line":132,"column":21}},"132":{"start":{"line":133,"column":0},"end":{"line":133,"column":23}},"133":{"start":{"line":134,"column":0},"end":{"line":134,"column":23}},"134":{"start":{"line":135,"column":0},"end":{"line":135,"column":10}},"135":{"start":{"line":136,"column":0},"end":{"line":136,"column":46}},"136":{"start":{"line":137,"column":0},"end":{"line":137,"column":8}},"137":{"start":{"line":138,"column":0},"end":{"line":138,"column":43}},"138":{"start":{"line":139,"column":0},"end":{"line":139,"column":44}},"139":{"start":{"line":140,"column":0},"end":{"line":140,"column":19}},"140":{"start":{"line":141,"column":0},"end":{"line":141,"column":49}},"141":{"start":{"line":142,"column":0},"end":{"line":142,"column":62}},"142":{"start":{"line":143,"column":0},"end":{"line":143,"column":5}},"143":{"start":{"line":144,"column":0},"end":{"line":144,"column":4}},"145":{"start":{"line":146,"column":0},"end":{"line":146,"column":41}},"146":{"start":{"line":147,"column":0},"end":{"line":147,"column":9}},"147":{"start":{"line":148,"column":0},"end":{"line":148,"column":90}},"148":{"start":{"line":149,"column":0},"end":{"line":149,"column":45}},"149":{"start":{"line":150,"column":0},"end":{"line":150,"column":45}},"150":{"start":{"line":151,"column":0},"end":{"line":151,"column":19}},"152":{"start":{"line":153,"column":0},"end":{"line":153,"column":51}},"153":{"start":{"line":154,"column":0},"end":{"line":154,"column":64}},"154":{"start":{"line":155,"column":0},"end":{"line":155,"column":5}},"155":{"start":{"line":156,"column":0},"end":{"line":156,"column":4}},"157":{"start":{"line":158,"column":0},"end":{"line":158,"column":47}},"158":{"start":{"line":159,"column":0},"end":{"line":159,"column":25}},"159":{"start":{"line":160,"column":0},"end":{"line":160,"column":9}},"160":{"start":{"line":161,"column":0},"end":{"line":161,"column":20}},"161":{"start":{"line":162,"column":0},"end":{"line":162,"column":41}},"162":{"start":{"line":163,"column":0},"end":{"line":163,"column":41}},"163":{"start":{"line":164,"column":0},"end":{"line":164,"column":51}},"164":{"start":{"line":165,"column":0},"end":{"line":165,"column":32}},"165":{"start":{"line":166,"column":0},"end":{"line":166,"column":55}},"166":{"start":{"line":167,"column":0},"end":{"line":167,"column":8}},"167":{"start":{"line":168,"column":0},"end":{"line":168,"column":51}},"168":{"start":{"line":169,"column":0},"end":{"line":169,"column":57}},"169":{"start":{"line":170,"column":0},"end":{"line":170,"column":19}},"170":{"start":{"line":171,"column":0},"end":{"line":171,"column":58}},"171":{"start":{"line":172,"column":0},"end":{"line":172,"column":71}},"172":{"start":{"line":173,"column":0},"end":{"line":173,"column":5}},"173":{"start":{"line":174,"column":0},"end":{"line":174,"column":4}},"175":{"start":{"line":176,"column":0},"end":{"line":176,"column":10}},"176":{"start":{"line":177,"column":0},"end":{"line":177,"column":75}},"177":{"start":{"line":178,"column":0},"end":{"line":178,"column":16}},"178":{"start":{"line":179,"column":0},"end":{"line":179,"column":70}},"179":{"start":{"line":180,"column":0},"end":{"line":180,"column":68}},"180":{"start":{"line":181,"column":0},"end":{"line":181,"column":25}},"181":{"start":{"line":182,"column":0},"end":{"line":182,"column":29}},"182":{"start":{"line":183,"column":0},"end":{"line":183,"column":29}},"183":{"start":{"line":184,"column":0},"end":{"line":184,"column":45}},"184":{"start":{"line":185,"column":0},"end":{"line":185,"column":45}},"185":{"start":{"line":186,"column":0},"end":{"line":186,"column":45}},"186":{"start":{"line":187,"column":0},"end":{"line":187,"column":29}},"187":{"start":{"line":188,"column":0},"end":{"line":188,"column":45}},"188":{"start":{"line":189,"column":0},"end":{"line":189,"column":69}},"189":{"start":{"line":190,"column":0},"end":{"line":190,"column":12}},"191":{"start":{"line":192,"column":0},"end":{"line":192,"column":41}},"192":{"start":{"line":193,"column":0},"end":{"line":193,"column":59}},"194":{"start":{"line":195,"column":0},"end":{"line":195,"column":35}},"195":{"start":{"line":196,"column":0},"end":{"line":196,"column":34}},"196":{"start":{"line":197,"column":0},"end":{"line":197,"column":30}},"197":{"start":{"line":198,"column":0},"end":{"line":198,"column":34}},"198":{"start":{"line":199,"column":0},"end":{"line":199,"column":46}},"199":{"start":{"line":200,"column":0},"end":{"line":200,"column":62}},"200":{"start":{"line":201,"column":0},"end":{"line":201,"column":50}},"201":{"start":{"line":202,"column":0},"end":{"line":202,"column":50}},"202":{"start":{"line":203,"column":0},"end":{"line":203,"column":46}},"203":{"start":{"line":204,"column":0},"end":{"line":204,"column":16}},"204":{"start":{"line":205,"column":0},"end":{"line":205,"column":51}},"205":{"start":{"line":206,"column":0},"end":{"line":206,"column":50}},"206":{"start":{"line":207,"column":0},"end":{"line":207,"column":60}},"207":{"start":{"line":208,"column":0},"end":{"line":208,"column":62}},"208":{"start":{"line":209,"column":0},"end":{"line":209,"column":18}},"210":{"start":{"line":211,"column":0},"end":{"line":211,"column":14}},"211":{"start":{"line":212,"column":0},"end":{"line":212,"column":13}},"212":{"start":{"line":213,"column":0},"end":{"line":213,"column":10}},"214":{"start":{"line":215,"column":0},"end":{"line":215,"column":1}},"216":{"start":{"line":217,"column":0},"end":{"line":217,"column":19}}},"s":{"0":1,"1":1,"2":1,"3":1,"4":1,"5":1,"6":1,"7":1,"8":1,"9":1,"10":1,"11":1,"12":1,"14":55,"15":55,"16":55,"17":55,"18":55,"19":55,"20":55,"21":55,"22":55,"23":55,"24":55,"25":55,"26":55,"27":55,"28":55,"29":55,"30":55,"31":55,"32":55,"33":55,"34":55,"35":55,"36":55,"37":55,"39":55,"40":55,"41":55,"42":55,"43":55,"44":55,"46":55,"47":55,"48":55,"50":55,"51":3,"52":3,"53":2,"54":2,"55":2,"56":2,"57":2,"58":2,"59":2,"60":2,"61":2,"62":2,"63":2,"64":3,"65":1,"66":1,"67":1,"68":1,"69":1,"70":3,"72":55,"73":3,"75":3,"76":0,"77":0,"78":0,"79":0,"80":0,"81":0,"82":3,"83":2,"84":2,"85":2,"86":2,"87":2,"88":2,"89":2,"90":2,"91":3,"92":1,"93":1,"94":1,"95":1,"96":1,"97":3,"99":55,"100":0,"101":0,"103":55,"104":10,"105":10,"106":10,"107":10,"108":10,"109":10,"110":0,"111":0,"112":0,"113":0,"114":0,"115":8,"116":10,"117":2,"118":2,"120":10,"121":10,"122":10,"123":10,"125":55,"126":2,"127":2,"128":2,"129":2,"130":2,"131":2,"132":2,"133":2,"134":2,"135":2,"136":2,"137":2,"138":1,"139":1,"140":1,"141":1,"142":1,"143":2,"145":55,"146":2,"147":2,"148":2,"149":1,"150":1,"152":1,"153":1,"154":1,"155":2,"157":55,"158":2,"159":2,"160":2,"161":2,"162":2,"163":2,"164":2,"165":2,"166":2,"167":2,"168":1,"169":1,"170":1,"171":1,"172":1,"173":2,"175":55,"176":55,"177":55,"178":55,"179":55,"180":55,"181":55,"182":55,"183":55,"184":55,"185":55,"186":55,"187":55,"188":55,"189":55,"191":55,"192":55,"194":55,"195":8,"196":8,"197":8,"198":8,"199":8,"200":8,"201":8,"202":8,"203":8,"204":8,"205":8,"206":8,"207":8,"208":8,"210":55,"211":55,"212":55,"214":55,"216":1},"branchMap":{"0":{"type":"branch","line":15,"loc":{"start":{"line":15,"column":0},"end":{"line":215,"column":1}},"locations":[{"start":{"line":15,"column":0},"end":{"line":215,"column":1}}]},"1":{"type":"branch","line":192,"loc":{"start":{"line":192,"column":11},"end":{"line":192,"column":41}},"locations":[{"start":{"line":192,"column":11},"end":{"line":192,"column":41}}]},"2":{"type":"branch","line":193,"loc":{"start":{"line":193,"column":11},"end":{"line":193,"column":59}},"locations":[{"start":{"line":193,"column":11},"end":{"line":193,"column":59}}]},"3":{"type":"branch","line":195,"loc":{"start":{"line":195,"column":12},"end":{"line":195,"column":35}},"locations":[{"start":{"line":195,"column":12},"end":{"line":195,"column":35}}]},"4":{"type":"branch","line":195,"loc":{"start":{"line":195,"column":23},"end":{"line":209,"column":18}},"locations":[{"start":{"line":195,"column":23},"end":{"line":209,"column":18}}]},"5":{"type":"branch","line":51,"loc":{"start":{"line":51,"column":26},"end":{"line":71,"column":4}},"locations":[{"start":{"line":51,"column":26},"end":{"line":71,"column":4}}]},"6":{"type":"branch","line":53,"loc":{"start":{"line":53,"column":45},"end":{"line":65,"column":11}},"locations":[{"start":{"line":53,"column":45},"end":{"line":65,"column":11}}]},"7":{"type":"branch","line":65,"loc":{"start":{"line":65,"column":4},"end":{"line":70,"column":5}},"locations":[{"start":{"line":65,"column":4},"end":{"line":70,"column":5}}]},"8":{"type":"branch","line":55,"loc":{"start":{"line":55,"column":17},"end":{"line":64,"column":8}},"locations":[{"start":{"line":55,"column":17},"end":{"line":64,"column":8}}]},"9":{"type":"branch","line":61,"loc":{"start":{"line":61,"column":30},"end":{"line":61,"column":53}},"locations":[{"start":{"line":61,"column":30},"end":{"line":61,"column":53}}]},"10":{"type":"branch","line":61,"loc":{"start":{"line":61,"column":43},"end":{"line":61,"column":59}},"locations":[{"start":{"line":61,"column":43},"end":{"line":61,"column":59}}]},"11":{"type":"branch","line":66,"loc":{"start":{"line":66,"column":17},"end":{"line":69,"column":8}},"locations":[{"start":{"line":66,"column":17},"end":{"line":69,"column":8}}]},"12":{"type":"branch","line":68,"loc":{"start":{"line":68,"column":25},"end":{"line":68,"column":48}},"locations":[{"start":{"line":68,"column":25},"end":{"line":68,"column":48}}]},"13":{"type":"branch","line":73,"loc":{"start":{"line":73,"column":26},"end":{"line":98,"column":4}},"locations":[{"start":{"line":73,"column":26},"end":{"line":98,"column":4}}]},"14":{"type":"branch","line":76,"loc":{"start":{"line":76,"column":37},"end":{"line":83,"column":15}},"locations":[{"start":{"line":76,"column":37},"end":{"line":83,"column":15}}]},"15":{"type":"branch","line":83,"loc":{"start":{"line":83,"column":49},"end":{"line":92,"column":11}},"locations":[{"start":{"line":83,"column":49},"end":{"line":92,"column":11}}]},"16":{"type":"branch","line":92,"loc":{"start":{"line":92,"column":4},"end":{"line":97,"column":5}},"locations":[{"start":{"line":92,"column":4},"end":{"line":97,"column":5}}]},"17":{"type":"branch","line":85,"loc":{"start":{"line":85,"column":17},"end":{"line":91,"column":8}},"locations":[{"start":{"line":85,"column":17},"end":{"line":91,"column":8}}]},"18":{"type":"branch","line":93,"loc":{"start":{"line":93,"column":17},"end":{"line":96,"column":8}},"locations":[{"start":{"line":93,"column":17},"end":{"line":96,"column":8}}]},"19":{"type":"branch","line":95,"loc":{"start":{"line":95,"column":25},"end":{"line":95,"column":48}},"locations":[{"start":{"line":95,"column":25},"end":{"line":95,"column":48}}]},"20":{"type":"branch","line":104,"loc":{"start":{"line":104,"column":26},"end":{"line":124,"column":4}},"locations":[{"start":{"line":104,"column":26},"end":{"line":124,"column":4}}]},"21":{"type":"branch","line":109,"loc":{"start":{"line":109,"column":45},"end":{"line":110,"column":31}},"locations":[{"start":{"line":109,"column":45},"end":{"line":110,"column":31}}]},"22":{"type":"branch","line":110,"loc":{"start":{"line":110,"column":31},"end":{"line":115,"column":7}},"locations":[{"start":{"line":110,"column":31},"end":{"line":115,"column":7}}]},"23":{"type":"branch","line":115,"loc":{"start":{"line":115,"column":6},"end":{"line":117,"column":13}},"locations":[{"start":{"line":115,"column":6},"end":{"line":117,"column":13}}]},"24":{"type":"branch","line":117,"loc":{"start":{"line":117,"column":4},"end":{"line":121,"column":6}},"locations":[{"start":{"line":117,"column":4},"end":{"line":121,"column":6}}]},"25":{"type":"branch","line":126,"loc":{"start":{"line":126,"column":26},"end":{"line":144,"column":4}},"locations":[{"start":{"line":126,"column":26},"end":{"line":144,"column":4}}]},"26":{"type":"branch","line":127,"loc":{"start":{"line":127,"column":18},"end":{"line":127,"column":25}},"locations":[{"start":{"line":127,"column":18},"end":{"line":127,"column":25}}]},"27":{"type":"branch","line":138,"loc":{"start":{"line":138,"column":41},"end":{"line":143,"column":5}},"locations":[{"start":{"line":138,"column":41},"end":{"line":143,"column":5}}]},"28":{"type":"branch","line":146,"loc":{"start":{"line":146,"column":28},"end":{"line":156,"column":4}},"locations":[{"start":{"line":146,"column":28},"end":{"line":156,"column":4}}]},"29":{"type":"branch","line":149,"loc":{"start":{"line":149,"column":43},"end":{"line":155,"column":5}},"locations":[{"start":{"line":149,"column":43},"end":{"line":155,"column":5}}]},"30":{"type":"branch","line":158,"loc":{"start":{"line":158,"column":34},"end":{"line":174,"column":4}},"locations":[{"start":{"line":158,"column":34},"end":{"line":174,"column":4}}]},"31":{"type":"branch","line":159,"loc":{"start":{"line":159,"column":18},"end":{"line":159,"column":25}},"locations":[{"start":{"line":159,"column":18},"end":{"line":159,"column":25}}]},"32":{"type":"branch","line":168,"loc":{"start":{"line":168,"column":49},"end":{"line":173,"column":5}},"locations":[{"start":{"line":168,"column":49},"end":{"line":173,"column":5}}]}},"b":{"0":[55],"1":[20],"2":[2],"3":[35],"4":[8],"5":[3],"6":[2],"7":[1],"8":[2],"9":[1],"10":[1],"11":[1],"12":[0],"13":[3],"14":[0],"15":[2],"16":[1],"17":[2],"18":[1],"19":[0],"20":[10],"21":[8],"22":[0],"23":[8],"24":[2],"25":[2],"26":[0],"27":[1],"28":[2],"29":[1],"30":[2],"31":[0],"32":[1]},"fnMap":{"0":{"name":"App","decl":{"start":{"line":15,"column":0},"end":{"line":215,"column":1}},"loc":{"start":{"line":15,"column":0},"end":{"line":215,"column":1}},"line":15},"1":{"name":"handleB2bChange","decl":{"start":{"line":51,"column":26},"end":{"line":71,"column":4}},"loc":{"start":{"line":51,"column":26},"end":{"line":71,"column":4}},"line":51},"2":{"name":"handleUopChange","decl":{"start":{"line":73,"column":26},"end":{"line":98,"column":4}},"loc":{"start":{"line":73,"column":26},"end":{"line":98,"column":4}},"line":73},"3":{"name":"handleCalculationModeChange","decl":{"start":{"line":100,"column":38},"end":{"line":102,"column":4}},"loc":{"start":{"line":100,"column":38},"end":{"line":102,"column":4}},"line":100},"4":{"name":"handleCalculate","decl":{"start":{"line":104,"column":26},"end":{"line":124,"column":4}},"loc":{"start":{"line":104,"column":26},"end":{"line":124,"column":4}},"line":104},"5":{"name":"handleExportPdf","decl":{"start":{"line":126,"column":26},"end":{"line":144,"column":4}},"loc":{"start":{"line":126,"column":26},"end":{"line":144,"column":4}},"line":126},"6":{"name":"handleExportExcel","decl":{"start":{"line":146,"column":28},"end":{"line":156,"column":4}},"loc":{"start":{"line":146,"column":28},"end":{"line":156,"column":4}},"line":146},"7":{"name":"handleExportAdvancedPdf","decl":{"start":{"line":158,"column":34},"end":{"line":174,"column":4}},"loc":{"start":{"line":158,"column":34},"end":{"line":174,"column":4}},"line":158}},"f":{"0":55,"1":3,"2":3,"3":0,"4":10,"5":2,"6":2,"7":2}}
,"/home/artur/PycharmProjects/b2v_UoP_kalkulator/src/dashboard/src/i18n.js": {"path":"/home/artur/PycharmProjects/b2v_UoP_kalkulator/src/dashboard/src/i18n.js","all":false,"statementMap":{"0":{"start":{"line":1,"column":0},"end":{"line":1,"column":61}},"1":{"start":{"line":2,"column":0},"end":{"line":2,"column":80}},"2":{"start":{"line":3,"column":0},"end":{"line":3,"column":121}},"3":{"start":{"line":4,"column":0},"end":{"line":4,"column":68}},"4":{"start":{"line":5,"column":0},"end":{"line":5,"column":68}},"5":{"start":{"line":6,"column":0},"end":{"line":6,"column":0}},"6":{"start":{"line":7,"column":0},"end":{"line":7,"column":19}},"7":{"start":{"line":8,"column":0},"end":{"line":8,"column":7}},"8":{"start":{"line":9,"column":0},"end":{"line":9,"column":31}},"9":{"start":{"line":10,"column":0},"end":{"line":10,"column":4}},"10":{"start":{"line":11,"column":0},"end":{"line":11,"column":7}},"11":{"start":{"line":12,"column":0},"end":{"line":12,"column":31}},"12":{"start":{"line":13,"column":0},"end":{"line":13,"column":4}},"13":{"start":{"line":14,"column":0},"end":{"line":14,"column":2}},"14":{"start":{"line":15,"column":0},"end":{"line":15,"column":0}},"15":{"start":{"line":16,"column":0},"end":{"line":16,"column":4}},"16":{"start":{"line":17,"column":0},"end":{"line":17,"column":24}},"17":{"start":{"line":18,"column":0},"end":{"line":18,"column":24}},"18":{"start":{"line":19,"column":0},"end":{"line":19,"column":9}},"19":{"start":{"line":20,"column":0},"end":{"line":20,"column":14}},"20":{"start":{"line":21,"column":0},"end":{"line":21,"column":22}},"21":{"start":{"line":22,"column":0},"end":{"line":22,"column":16}},"22":{"start":{"line":23,"column":0},"end":{"line":23,"column":20}},"23":{"start":{"line":24,"column":0},"end":{"line":24,"column":57}},"24":{"start":{"line":25,"column":0},"end":{"line":25,"column":6}},"25":{"start":{"line":26,"column":0},"end":{"line":26,"column":5}},"26":{"start":{"line":27,"column":0},"end":{"line":27,"column":0}},"27":{"start":{"line":28,"column":0},"end":{"line":28,"column":20}}},"s":{"0":1,"1":1,"2":1,"3":1,"4":1,"5":1,"6":1,"7":1,"8":1,"9":1,"10":1,"11":1,"12":1,"13":1,"14":1,"15":1,"16":1,"17":1,"18":1,"19":1,"20":1,"21":1,"22":1,"23":1,"24":1,"25":1,"26":1,"27":1},"branchMap":{},"b":{},"fnMap":{},"f":{}}
,"/home/artur/PycharmProjects/b2v_UoP_kalkulator/src/dashboard/src/components/Alert.jsx": {"path":"/home/artur/PycharmProjects/b2v_UoP_kalkulator/src/dashboard/src/components/Alert.jsx","all":false,"statementMap":{"0":{"start":{"line":1,"column":0},"end":{"line":1,"column":26}},"2":{"start":{"line":3,"column":0},"end":{"line":3,"column":38}},"3":{"start":{"line":4,"column":0},"end":{"line":4,"column":73}},"5":{"start":{"line":6,"column":0},"end":{"line":6,"column":30}},"6":{"start":{"line":7,"column":0},"end":{"line":7,"column":34}},"7":{"start":{"line":8,"column":0},"end":{"line":8,"column":34}},"8":{"start":{"line":9,"column":0},"end":{"line":9,"column":38}},"10":{"start":{"line":11,"column":0},"end":{"line":11,"column":17}},"11":{"start":{"line":12,"column":0},"end":{"line":12,"column":17}},"12":{"start":{"line":13,"column":0},"end":{"line":13,"column":29}},"13":{"start":{"line":14,"column":0},"end":{"line":14,"column":33}},"14":{"start":{"line":15,"column":0},"end":{"line":15,"column":33}},"15":{"start":{"line":16,"column":0},"end":{"line":16,"column":37}},"16":{"start":{"line":17,"column":0},"end":{"line":17,"column":12}},"17":{"start":{"line":18,"column":0},"end":{"line":18,"column":19}},"18":{"start":{"line":19,"column":0},"end":{"line":19,"column":31}},"19":{"start":{"line":20,"column":0},"end":{"line":20,"column":35}},"20":{"start":{"line":21,"column":0},"end":{"line":21,"column":35}},"21":{"start":{"line":22,"column":0},"end":{"line":22,"column":39}},"22":{"start":{"line":23,"column":0},"end":{"line":23,"column":12}},"23":{"start":{"line":24,"column":0},"end":{"line":24,"column":19}},"24":{"start":{"line":25,"column":0},"end":{"line":25,"column":32}},"25":{"start":{"line":26,"column":0},"end":{"line":26,"column":36}},"26":{"start":{"line":27,"column":0},"end":{"line":27,"column":36}},"27":{"start":{"line":28,"column":0},"end":{"line":28,"column":40}},"28":{"start":{"line":29,"column":0},"end":{"line":29,"column":12}},"29":{"start":{"line":30,"column":0},"end":{"line":30,"column":12}},"31":{"start":{"line":32,"column":0},"end":{"line":32,"column":12}},"32":{"start":{"line":33,"column":0},"end":{"line":33,"column":3}},"34":{"start":{"line":35,"column":0},"end":{"line":35,"column":10}},"35":{"start":{"line":36,"column":0},"end":{"line":36,"column":138}},"36":{"start":{"line":37,"column":0},"end":{"line":37,"column":41}},"37":{"start":{"line":38,"column":0},"end":{"line":38,"column":30}},"38":{"start":{"line":39,"column":0},"end":{"line":39,"column":130}},"39":{"start":{"line":40,"column":0},"end":{"line":40,"column":278}},"40":{"start":{"line":41,"column":0},"end":{"line":41,"column":16}},"42":{"start":{"line":43,"column":0},"end":{"line":43,"column":84}},"43":{"start":{"line":44,"column":0},"end":{"line":44,"column":130}},"44":{"start":{"line":45,"column":0},"end":{"line":45,"column":191}},"45":{"start":{"line":46,"column":0},"end":{"line":46,"column":16}},"47":{"start":{"line":48,"column":0},"end":{"line":48,"column":28}},"48":{"start":{"line":49,"column":0},"end":{"line":49,"column":12}},"49":{"start":{"line":50,"column":0},"end":{"line":50,"column":10}},"51":{"start":{"line":52,"column":0},"end":{"line":52,"column":2}},"53":{"start":{"line":54,"column":0},"end":{"line":54,"column":21}}},"s":{"0":1,"2":1,"3":7,"5":6,"6":6,"7":6,"8":6,"10":6,"11":7,"12":3,"13":3,"14":3,"15":3,"16":3,"17":7,"18":1,"19":1,"20":1,"21":1,"22":1,"23":7,"24":1,"25":1,"26":1,"27":1,"28":1,"29":7,"31":1,"32":7,"34":6,"35":6,"36":6,"37":6,"38":3,"39":3,"40":3,"42":7,"43":3,"44":3,"45":3,"47":7,"48":7,"49":7,"51":7,"53":1},"branchMap":{"0":{"type":"branch","line":3,"loc":{"start":{"line":3,"column":14},"end":{"line":52,"column":2}},"locations":[{"start":{"line":3,"column":14},"end":{"line":52,"column":2}}]},"1":{"type":"branch","line":4,"loc":{"start":{"line":4,"column":16},"end":{"line":4,"column":73}},"locations":[{"start":{"line":4,"column":16},"end":{"line":4,"column":73}}]},"2":{"type":"branch","line":4,"loc":{"start":{"line":4,"column":23},"end":{"line":11,"column":17}},"locations":[{"start":{"line":4,"column":23},"end":{"line":11,"column":17}}]},"3":{"type":"branch","line":12,"loc":{"start":{"line":12,"column":4},"end":{"line":17,"column":12}},"locations":[{"start":{"line":12,"column":4},"end":{"line":17,"column":12}}]},"4":{"type":"branch","line":18,"loc":{"start":{"line":18,"column":4},"end":{"line":23,"column":12}},"locations":[{"start":{"line":18,"column":4},"end":{"line":23,"column":12}}]},"5":{"type":"branch","line":24,"loc":{"start":{"line":24,"column":4},"end":{"line":29,"column":12}},"locations":[{"start":{"line":24,"column":4},"end":{"line":29,"column":12}}]},"6":{"type":"branch","line":30,"loc":{"start":{"line":30,"column":4},"end":{"line":32,"column":12}},"locations":[{"start":{"line":30,"column":4},"end":{"line":32,"column":12}}]},"7":{"type":"branch","line":33,"loc":{"start":{"line":33,"column":2},"end":{"line":38,"column":30}},"locations":[{"start":{"line":33,"column":2},"end":{"line":38,"column":30}}]},"8":{"type":"branch","line":38,"loc":{"start":{"line":38,"column":18},"end":{"line":41,"column":16}},"locations":[{"start":{"line":38,"column":18},"end":{"line":41,"column":16}}]},"9":{"type":"branch","line":43,"loc":{"start":{"line":43,"column":19},"end":{"line":43,"column":54}},"locations":[{"start":{"line":43,"column":19},"end":{"line":43,"column":54}}]},"10":{"type":"branch","line":43,"loc":{"start":{"line":43,"column":41},"end":{"line":43,"column":73}},"locations":[{"start":{"line":43,"column":41},"end":{"line":43,"column":73}}]},"11":{"type":"branch","line":43,"loc":{"start":{"line":43,"column":63},"end":{"line":43,"column":84}},"locations":[{"start":{"line":43,"column":63},"end":{"line":43,"column":84}}]},"12":{"type":"branch","line":43,"loc":{"start":{"line":43,"column":74},"end":{"line":46,"column":16}},"locations":[{"start":{"line":43,"column":74},"end":{"line":46,"column":16}}]}},"b":{"0":[7],"1":[1],"2":[6],"3":[3],"4":[1],"5":[1],"6":[1],"7":[6],"8":[3],"9":[5],"10":[4],"11":[3],"12":[3]},"fnMap":{"0":{"name":"Alert","decl":{"start":{"line":3,"column":14},"end":{"line":52,"column":2}},"loc":{"start":{"line":3,"column":14},"end":{"line":52,"column":2}},"line":3}},"f":{"0":7}}
,"/home/artur/PycharmProjects/b2v_UoP_kalkulator/src/dashboard/src/components/BreakEvenChart.jsx": {"path":"/home/artur/PycharmProjects/b2v_UoP_kalkulator/src/dashboard/src/components/BreakEvenChart.jsx","all":false,"statementMap":{"0":{"start":{"line":1,"column":0},"end":{"line":1,"column":51}},"1":{"start":{"line":2,"column":0},"end":{"line":2,"column":39}},"2":{"start":{"line":3,"column":0},"end":{"line":3,"column":123}},"3":{"start":{"line":4,"column":0},"end":{"line":4,"column":47}},"4":{"start":{"line":5,"column":0},"end":{"line":5,"column":61}},"6":{"start":{"line":7,"column":0},"end":{"line":7,"column":96}},"8":{"start":{"line":9,"column":0},"end":{"line":9,"column":42}},"9":{"start":{"line":10,"column":0},"end":{"line":10,"column":35}},"10":{"start":{"line":11,"column":0},"end":{"line":11,"column":53}},"11":{"start":{"line":12,"column":0},"end":{"line":12,"column":49}},"13":{"start":{"line":14,"column":0},"end":{"line":14,"column":21}},"14":{"start":{"line":15,"column":0},"end":{"line":15,"column":39}},"15":{"start":{"line":16,"column":0},"end":{"line":16,"column":17}},"16":{"start":{"line":17,"column":0},"end":{"line":17,"column":33}},"17":{"start":{"line":18,"column":0},"end":{"line":18,"column":76}},"18":{"start":{"line":19,"column":0},"end":{"line":19,"column":57}},"19":{"start":{"line":20,"column":0},"end":{"line":20,"column":63}},"21":{"start":{"line":22,"column":0},"end":{"line":22,"column":30}},"22":{"start":{"line":23,"column":0},"end":{"line":23,"column":27}},"23":{"start":{"line":24,"column":0},"end":{"line":24,"column":31}},"24":{"start":{"line":25,"column":0},"end":{"line":25,"column":25}},"25":{"start":{"line":26,"column":0},"end":{"line":26,"column":66}},"26":{"start":{"line":27,"column":0},"end":{"line":27,"column":41}},"27":{"start":{"line":28,"column":0},"end":{"line":28,"column":61}},"28":{"start":{"line":29,"column":0},"end":{"line":29,"column":71}},"29":{"start":{"line":30,"column":0},"end":{"line":30,"column":26}},"30":{"start":{"line":31,"column":0},"end":{"line":31,"column":22}},"31":{"start":{"line":32,"column":0},"end":{"line":32,"column":19}},"32":{"start":{"line":33,"column":0},"end":{"line":33,"column":29}},"33":{"start":{"line":34,"column":0},"end":{"line":34,"column":72}},"34":{"start":{"line":35,"column":0},"end":{"line":35,"column":23}},"35":{"start":{"line":36,"column":0},"end":{"line":36,"column":34}},"36":{"start":{"line":37,"column":0},"end":{"line":37,"column":13}},"37":{"start":{"line":38,"column":0},"end":{"line":38,"column":10}},"39":{"start":{"line":40,"column":0},"end":{"line":40,"column":25}},"40":{"start":{"line":41,"column":0},"end":{"line":41,"column":24}},"41":{"start":{"line":42,"column":0},"end":{"line":42,"column":9}},"42":{"start":{"line":43,"column":0},"end":{"line":43,"column":22}},"44":{"start":{"line":45,"column":0},"end":{"line":45,"column":18}},"45":{"start":{"line":46,"column":0},"end":{"line":46,"column":41}},"46":{"start":{"line":47,"column":0},"end":{"line":47,"column":5}},"48":{"start":{"line":49,"column":0},"end":{"line":49,"column":21}},"49":{"start":{"line":50,"column":0},"end":{"line":50,"column":41}},"50":{"start":{"line":51,"column":0},"end":{"line":51,"column":5}},"52":{"start":{"line":53,"column":0},"end":{"line":53,"column":21}},"53":{"start":{"line":54,"column":0},"end":{"line":54,"column":25}},"54":{"start":{"line":55,"column":0},"end":{"line":55,"column":18}},"55":{"start":{"line":56,"column":0},"end":{"line":56,"column":21}},"56":{"start":{"line":57,"column":0},"end":{"line":57,"column":32}},"57":{"start":{"line":58,"column":0},"end":{"line":58,"column":14}},"58":{"start":{"line":59,"column":0},"end":{"line":59,"column":20}},"59":{"start":{"line":60,"column":0},"end":{"line":60,"column":30}},"60":{"start":{"line":61,"column":0},"end":{"line":61,"column":44}},"61":{"start":{"line":62,"column":0},"end":{"line":62,"column":14}},"62":{"start":{"line":63,"column":0},"end":{"line":63,"column":10}},"63":{"start":{"line":64,"column":0},"end":{"line":64,"column":17}},"64":{"start":{"line":65,"column":0},"end":{"line":65,"column":16}},"65":{"start":{"line":66,"column":0},"end":{"line":66,"column":24}},"66":{"start":{"line":67,"column":0},"end":{"line":67,"column":34}},"67":{"start":{"line":68,"column":0},"end":{"line":68,"column":51}},"68":{"start":{"line":69,"column":0},"end":{"line":69,"column":18}},"69":{"start":{"line":70,"column":0},"end":{"line":70,"column":14}},"70":{"start":{"line":71,"column":0},"end":{"line":71,"column":16}},"71":{"start":{"line":72,"column":0},"end":{"line":72,"column":24}},"72":{"start":{"line":73,"column":0},"end":{"line":73,"column":34}},"73":{"start":{"line":74,"column":0},"end":{"line":74,"column":64}},"74":{"start":{"line":75,"column":0},"end":{"line":75,"column":18}},"76":{"start":{"line":77,"column":0},"end":{"line":77,"column":44}},"77":{"start":{"line":78,"column":0},"end":{"line":78,"column":78}},"78":{"start":{"line":79,"column":0},"end":{"line":79,"column":17}},"79":{"start":{"line":80,"column":0},"end":{"line":80,"column":14}},"80":{"start":{"line":81,"column":0},"end":{"line":81,"column":10}},"81":{"start":{"line":82,"column":0},"end":{"line":82,"column":6}},"83":{"start":{"line":84,"column":0},"end":{"line":84,"column":12}},"84":{"start":{"line":85,"column":0},"end":{"line":85,"column":64}},"85":{"start":{"line":86,"column":0},"end":{"line":86,"column":55}},"86":{"start":{"line":87,"column":0},"end":{"line":87,"column":14}},"88":{"start":{"line":89,"column":0},"end":{"line":89,"column":2}},"90":{"start":{"line":91,"column":0},"end":{"line":91,"column":30}}},"s":{"0":1,"1":1,"2":1,"3":1,"4":1,"6":1,"8":1,"9":28,"10":28,"11":28,"13":28,"14":10,"15":10,"16":10,"17":10,"18":10,"19":10,"21":10,"22":10,"23":10,"24":10,"25":10,"26":10,"27":10,"28":10,"29":10,"30":10,"31":10,"32":10,"33":0,"34":10,"35":10,"36":10,"37":10,"39":10,"40":10,"41":10,"42":28,"44":28,"45":10,"46":10,"48":28,"49":0,"50":0,"52":18,"53":18,"54":18,"55":18,"56":18,"57":18,"58":18,"59":18,"60":18,"61":18,"62":18,"63":18,"64":18,"65":18,"66":18,"67":18,"68":18,"69":18,"70":18,"71":18,"72":18,"73":18,"74":18,"76":18,"77":0,"78":0,"79":18,"80":18,"81":18,"83":18,"84":18,"85":18,"86":18,"88":18,"90":1},"branchMap":{"0":{"type":"branch","line":9,"loc":{"start":{"line":9,"column":23},"end":{"line":89,"column":2}},"locations":[{"start":{"line":9,"column":23},"end":{"line":89,"column":2}}]},"1":{"type":"branch","line":45,"loc":{"start":{"line":45,"column":17},"end":{"line":49,"column":20}},"locations":[{"start":{"line":45,"column":17},"end":{"line":49,"column":20}}]},"2":{"type":"branch","line":45,"loc":{"start":{"line":45,"column":17},"end":{"line":47,"column":5}},"locations":[{"start":{"line":45,"column":17},"end":{"line":47,"column":5}}]},"3":{"type":"branch","line":47,"loc":{"start":{"line":47,"column":4},"end":{"line":49,"column":20}},"locations":[{"start":{"line":47,"column":4},"end":{"line":49,"column":20}}]},"4":{"type":"branch","line":49,"loc":{"start":{"line":49,"column":20},"end":{"line":51,"column":5}},"locations":[{"start":{"line":49,"column":20},"end":{"line":51,"column":5}}]},"5":{"type":"branch","line":51,"loc":{"start":{"line":51,"column":4},"end":{"line":89,"column":2}},"locations":[{"start":{"line":51,"column":4},"end":{"line":89,"column":2}}]},"6":{"type":"branch","line":14,"loc":{"start":{"line":14,"column":14},"end":{"line":43,"column":7}},"locations":[{"start":{"line":14,"column":14},"end":{"line":43,"column":7}}]},"7":{"type":"branch","line":15,"loc":{"start":{"line":15,"column":26},"end":{"line":38,"column":10}},"locations":[{"start":{"line":15,"column":26},"end":{"line":38,"column":10}}]},"8":{"type":"branch","line":33,"loc":{"start":{"line":33,"column":12},"end":{"line":35,"column":14}},"locations":[{"start":{"line":33,"column":12},"end":{"line":35,"column":14}}]},"9":{"type":"branch","line":19,"loc":{"start":{"line":19,"column":40},"end":{"line":19,"column":55}},"locations":[{"start":{"line":19,"column":40},"end":{"line":19,"column":55}}]},"10":{"type":"branch","line":20,"loc":{"start":{"line":20,"column":40},"end":{"line":20,"column":61}},"locations":[{"start":{"line":20,"column":40},"end":{"line":20,"column":61}}]}},"b":{"0":[28],"1":[26],"2":[10],"3":[18],"4":[0],"5":[18],"6":[10],"7":[10],"8":[0],"9":[2],"10":[2]},"fnMap":{"0":{"name":"BreakEvenChart","decl":{"start":{"line":9,"column":23},"end":{"line":89,"column":2}},"loc":{"start":{"line":9,"column":23},"end":{"line":89,"column":2}},"line":9},"1":{"name":"fetchData","decl":{"start":{"line":15,"column":26},"end":{"line":38,"column":10}},"loc":{"start":{"line":15,"column":26},"end":{"line":38,"column":10}},"line":15},"2":{"name":"afterBuildTicks","decl":{"start":{"line":77,"column":33},"end":{"line":79,"column":17}},"loc":{"start":{"line":77,"column":33},"end":{"line":79,"column":17}},"line":77}},"f":{"0":28,"1":10,"2":0}}
,"/home/artur/PycharmProjects/b2v_UoP_kalkulator/src/dashboard/src/components/CalculatorForm.jsx": {"path":"/home/artur/PycharmProjects/b2v_UoP_kalkulator/src/dashboard/src/components/CalculatorForm.jsx","all":false,"statementMap":{"0":{"start":{"line":1,"column":0},"end":{"line":1,"column":26}},"1":{"start":{"line":2,"column":0},"end":{"line":2,"column":47}},"2":{"start":{"line":3,"column":0},"end":{"line":3,"column":28}},"3":{"start":{"line":4,"column":0},"end":{"line":4,"column":30}},"4":{"start":{"line":5,"column":0},"end":{"line":5,"column":34}},"6":{"start":{"line":7,"column":0},"end":{"line":7,"column":156}},"7":{"start":{"line":8,"column":0},"end":{"line":8,"column":33}},"9":{"start":{"line":10,"column":0},"end":{"line":10,"column":22}},"10":{"start":{"line":11,"column":0},"end":{"line":11,"column":63}},"11":{"start":{"line":12,"column":0},"end":{"line":12,"column":55}},"12":{"start":{"line":13,"column":0},"end":{"line":13,"column":4}},"14":{"start":{"line":15,"column":0},"end":{"line":15,"column":26}},"15":{"start":{"line":16,"column":0},"end":{"line":16,"column":58}},"16":{"start":{"line":17,"column":0},"end":{"line":17,"column":54}},"17":{"start":{"line":18,"column":0},"end":{"line":18,"column":51}},"18":{"start":{"line":19,"column":0},"end":{"line":19,"column":53}},"19":{"start":{"line":20,"column":0},"end":{"line":20,"column":4}},"21":{"start":{"line":22,"column":0},"end":{"line":22,"column":26}},"22":{"start":{"line":23,"column":0},"end":{"line":23,"column":67}},"23":{"start":{"line":24,"column":0},"end":{"line":24,"column":64}},"24":{"start":{"line":25,"column":0},"end":{"line":25,"column":71}},"25":{"start":{"line":26,"column":0},"end":{"line":26,"column":62}},"26":{"start":{"line":27,"column":0},"end":{"line":27,"column":51}},"27":{"start":{"line":28,"column":0},"end":{"line":28,"column":4}},"29":{"start":{"line":30,"column":0},"end":{"line":30,"column":10}},"30":{"start":{"line":31,"column":0},"end":{"line":31,"column":59}},"32":{"start":{"line":33,"column":0},"end":{"line":33,"column":73}},"33":{"start":{"line":34,"column":0},"end":{"line":34,"column":105}},"34":{"start":{"line":35,"column":0},"end":{"line":35,"column":53}},"35":{"start":{"line":36,"column":0},"end":{"line":36,"column":54}},"36":{"start":{"line":37,"column":0},"end":{"line":37,"column":18}},"37":{"start":{"line":38,"column":0},"end":{"line":38,"column":26}},"38":{"start":{"line":39,"column":0},"end":{"line":39,"column":49}},"39":{"start":{"line":40,"column":0},"end":{"line":40,"column":36}},"40":{"start":{"line":41,"column":0},"end":{"line":41,"column":32}},"41":{"start":{"line":42,"column":0},"end":{"line":42,"column":56}},"42":{"start":{"line":43,"column":0},"end":{"line":43,"column":52}},"43":{"start":{"line":44,"column":0},"end":{"line":44,"column":44}},"44":{"start":{"line":45,"column":0},"end":{"line":45,"column":14}},"45":{"start":{"line":46,"column":0},"end":{"line":46,"column":83}},"46":{"start":{"line":47,"column":0},"end":{"line":47,"column":18}},"47":{"start":{"line":48,"column":0},"end":{"line":48,"column":54}},"48":{"start":{"line":49,"column":0},"end":{"line":49,"column":18}},"49":{"start":{"line":50,"column":0},"end":{"line":50,"column":26}},"50":{"start":{"line":51,"column":0},"end":{"line":51,"column":49}},"51":{"start":{"line":52,"column":0},"end":{"line":52,"column":36}},"52":{"start":{"line":53,"column":0},"end":{"line":53,"column":32}},"53":{"start":{"line":54,"column":0},"end":{"line":54,"column":56}},"54":{"start":{"line":55,"column":0},"end":{"line":55,"column":52}},"55":{"start":{"line":56,"column":0},"end":{"line":56,"column":44}},"56":{"start":{"line":57,"column":0},"end":{"line":57,"column":14}},"57":{"start":{"line":58,"column":0},"end":{"line":58,"column":83}},"58":{"start":{"line":59,"column":0},"end":{"line":59,"column":18}},"59":{"start":{"line":60,"column":0},"end":{"line":60,"column":14}},"60":{"start":{"line":61,"column":0},"end":{"line":61,"column":12}},"63":{"start":{"line":64,"column":0},"end":{"line":64,"column":56}},"64":{"start":{"line":65,"column":0},"end":{"line":65,"column":121}},"65":{"start":{"line":66,"column":0},"end":{"line":66,"column":73}},"66":{"start":{"line":67,"column":0},"end":{"line":67,"column":106}},"67":{"start":{"line":68,"column":0},"end":{"line":68,"column":16}},"68":{"start":{"line":69,"column":0},"end":{"line":69,"column":45}},"69":{"start":{"line":70,"column":0},"end":{"line":70,"column":35}},"70":{"start":{"line":71,"column":0},"end":{"line":71,"column":25}},"71":{"start":{"line":72,"column":0},"end":{"line":72,"column":46}},"72":{"start":{"line":73,"column":0},"end":{"line":73,"column":38}},"73":{"start":{"line":74,"column":0},"end":{"line":74,"column":12}},"74":{"start":{"line":75,"column":0},"end":{"line":75,"column":16}},"75":{"start":{"line":76,"column":0},"end":{"line":76,"column":44}},"76":{"start":{"line":77,"column":0},"end":{"line":77,"column":42}},"77":{"start":{"line":78,"column":0},"end":{"line":78,"column":25}},"78":{"start":{"line":79,"column":0},"end":{"line":79,"column":53}},"79":{"start":{"line":80,"column":0},"end":{"line":80,"column":38}},"80":{"start":{"line":81,"column":0},"end":{"line":81,"column":12}},"81":{"start":{"line":82,"column":0},"end":{"line":82,"column":17}},"82":{"start":{"line":83,"column":0},"end":{"line":83,"column":38}},"83":{"start":{"line":84,"column":0},"end":{"line":84,"column":27}},"84":{"start":{"line":85,"column":0},"end":{"line":85,"column":38}},"85":{"start":{"line":86,"column":0},"end":{"line":86,"column":38}},"86":{"start":{"line":87,"column":0},"end":{"line":87,"column":32}},"87":{"start":{"line":88,"column":0},"end":{"line":88,"column":12}},"88":{"start":{"line":89,"column":0},"end":{"line":89,"column":19}},"89":{"start":{"line":90,"column":0},"end":{"line":90,"column":50}},"90":{"start":{"line":91,"column":0},"end":{"line":91,"column":30}},"91":{"start":{"line":92,"column":0},"end":{"line":92,"column":43}},"92":{"start":{"line":93,"column":0},"end":{"line":93,"column":38}},"93":{"start":{"line":94,"column":0},"end":{"line":94,"column":12}},"94":{"start":{"line":95,"column":0},"end":{"line":95,"column":17}},"95":{"start":{"line":96,"column":0},"end":{"line":96,"column":38}},"96":{"start":{"line":97,"column":0},"end":{"line":97,"column":36}},"97":{"start":{"line":98,"column":0},"end":{"line":98,"column":47}},"98":{"start":{"line":99,"column":0},"end":{"line":99,"column":38}},"99":{"start":{"line":100,"column":0},"end":{"line":100,"column":36}},"100":{"start":{"line":101,"column":0},"end":{"line":101,"column":12}},"101":{"start":{"line":102,"column":0},"end":{"line":102,"column":19}},"102":{"start":{"line":103,"column":0},"end":{"line":103,"column":42}},"103":{"start":{"line":104,"column":0},"end":{"line":104,"column":33}},"104":{"start":{"line":105,"column":0},"end":{"line":105,"column":46}},"105":{"start":{"line":106,"column":0},"end":{"line":106,"column":38}},"106":{"start":{"line":107,"column":0},"end":{"line":107,"column":12}},"107":{"start":{"line":108,"column":0},"end":{"line":108,"column":19}},"108":{"start":{"line":109,"column":0},"end":{"line":109,"column":46}},"109":{"start":{"line":110,"column":0},"end":{"line":110,"column":32}},"110":{"start":{"line":111,"column":0},"end":{"line":111,"column":45}},"111":{"start":{"line":112,"column":0},"end":{"line":112,"column":38}},"112":{"start":{"line":113,"column":0},"end":{"line":113,"column":52}},"113":{"start":{"line":114,"column":0},"end":{"line":114,"column":12}},"114":{"start":{"line":115,"column":0},"end":{"line":115,"column":19}},"115":{"start":{"line":116,"column":0},"end":{"line":116,"column":73}},"116":{"start":{"line":117,"column":0},"end":{"line":117,"column":109}},"117":{"start":{"line":118,"column":0},"end":{"line":118,"column":16}},"118":{"start":{"line":119,"column":0},"end":{"line":119,"column":45}},"119":{"start":{"line":120,"column":0},"end":{"line":120,"column":26}},"120":{"start":{"line":121,"column":0},"end":{"line":121,"column":25}},"121":{"start":{"line":122,"column":0},"end":{"line":122,"column":37}},"122":{"start":{"line":123,"column":0},"end":{"line":123,"column":38}},"123":{"start":{"line":124,"column":0},"end":{"line":124,"column":12}},"124":{"start":{"line":125,"column":0},"end":{"line":125,"column":16}},"125":{"start":{"line":126,"column":0},"end":{"line":126,"column":41}},"126":{"start":{"line":127,"column":0},"end":{"line":127,"column":30}},"127":{"start":{"line":128,"column":0},"end":{"line":128,"column":25}},"128":{"start":{"line":129,"column":0},"end":{"line":129,"column":41}},"129":{"start":{"line":130,"column":0},"end":{"line":130,"column":38}},"130":{"start":{"line":131,"column":0},"end":{"line":131,"column":12}},"131":{"start":{"line":132,"column":0},"end":{"line":132,"column":16}},"132":{"start":{"line":133,"column":0},"end":{"line":133,"column":45}},"133":{"start":{"line":134,"column":0},"end":{"line":134,"column":35}},"134":{"start":{"line":135,"column":0},"end":{"line":135,"column":25}},"135":{"start":{"line":136,"column":0},"end":{"line":136,"column":46}},"136":{"start":{"line":137,"column":0},"end":{"line":137,"column":38}},"137":{"start":{"line":138,"column":0},"end":{"line":138,"column":12}},"138":{"start":{"line":139,"column":0},"end":{"line":139,"column":19}},"139":{"start":{"line":140,"column":0},"end":{"line":140,"column":73}},"140":{"start":{"line":141,"column":0},"end":{"line":141,"column":100}},"141":{"start":{"line":142,"column":0},"end":{"line":142,"column":16}},"142":{"start":{"line":143,"column":0},"end":{"line":143,"column":51}},"143":{"start":{"line":144,"column":0},"end":{"line":144,"column":31}},"144":{"start":{"line":145,"column":0},"end":{"line":145,"column":25}},"145":{"start":{"line":146,"column":0},"end":{"line":146,"column":42}},"146":{"start":{"line":147,"column":0},"end":{"line":147,"column":38}},"147":{"start":{"line":148,"column":0},"end":{"line":148,"column":12}},"149":{"start":{"line":150,"column":0},"end":{"line":150,"column":105}},"150":{"start":{"line":151,"column":0},"end":{"line":151,"column":19}},"151":{"start":{"line":152,"column":0},"end":{"line":152,"column":43}},"152":{"start":{"line":153,"column":0},"end":{"line":153,"column":57}},"153":{"start":{"line":154,"column":0},"end":{"line":154,"column":70}},"154":{"start":{"line":155,"column":0},"end":{"line":155,"column":38}},"155":{"start":{"line":156,"column":0},"end":{"line":156,"column":48}},"156":{"start":{"line":157,"column":0},"end":{"line":157,"column":12}},"157":{"start":{"line":158,"column":0},"end":{"line":158,"column":64}},"158":{"start":{"line":159,"column":0},"end":{"line":159,"column":18}},"159":{"start":{"line":160,"column":0},"end":{"line":160,"column":86}},"160":{"start":{"line":161,"column":0},"end":{"line":161,"column":56}},"161":{"start":{"line":162,"column":0},"end":{"line":162,"column":27}},"162":{"start":{"line":163,"column":0},"end":{"line":163,"column":67}},"163":{"start":{"line":164,"column":0},"end":{"line":164,"column":40}},"164":{"start":{"line":165,"column":0},"end":{"line":165,"column":30}},"165":{"start":{"line":166,"column":0},"end":{"line":166,"column":47}},"166":{"start":{"line":167,"column":0},"end":{"line":167,"column":14}},"168":{"start":{"line":169,"column":0},"end":{"line":169,"column":19}},"169":{"start":{"line":170,"column":0},"end":{"line":170,"column":39}},"170":{"start":{"line":171,"column":0},"end":{"line":171,"column":53}},"171":{"start":{"line":172,"column":0},"end":{"line":172,"column":66}},"172":{"start":{"line":173,"column":0},"end":{"line":173,"column":38}},"173":{"start":{"line":174,"column":0},"end":{"line":174,"column":44}},"174":{"start":{"line":175,"column":0},"end":{"line":175,"column":12}},"175":{"start":{"line":176,"column":0},"end":{"line":176,"column":60}},"176":{"start":{"line":177,"column":0},"end":{"line":177,"column":18}},"177":{"start":{"line":178,"column":0},"end":{"line":178,"column":82}},"178":{"start":{"line":179,"column":0},"end":{"line":179,"column":52}},"179":{"start":{"line":180,"column":0},"end":{"line":180,"column":27}},"180":{"start":{"line":181,"column":0},"end":{"line":181,"column":63}},"181":{"start":{"line":182,"column":0},"end":{"line":182,"column":40}},"182":{"start":{"line":183,"column":0},"end":{"line":183,"column":30}},"183":{"start":{"line":184,"column":0},"end":{"line":184,"column":43}},"184":{"start":{"line":185,"column":0},"end":{"line":185,"column":14}},"186":{"start":{"line":187,"column":0},"end":{"line":187,"column":19}},"187":{"start":{"line":188,"column":0},"end":{"line":188,"column":42}},"188":{"start":{"line":189,"column":0},"end":{"line":189,"column":52}},"189":{"start":{"line":190,"column":0},"end":{"line":190,"column":65}},"190":{"start":{"line":191,"column":0},"end":{"line":191,"column":38}},"191":{"start":{"line":192,"column":0},"end":{"line":192,"column":47}},"192":{"start":{"line":193,"column":0},"end":{"line":193,"column":12}},"193":{"start":{"line":194,"column":0},"end":{"line":194,"column":59}},"194":{"start":{"line":195,"column":0},"end":{"line":195,"column":18}},"195":{"start":{"line":196,"column":0},"end":{"line":196,"column":97}},"196":{"start":{"line":197,"column":0},"end":{"line":197,"column":52}},"197":{"start":{"line":198,"column":0},"end":{"line":198,"column":27}},"198":{"start":{"line":199,"column":0},"end":{"line":199,"column":63}},"199":{"start":{"line":200,"column":0},"end":{"line":200,"column":40}},"200":{"start":{"line":201,"column":0},"end":{"line":201,"column":30}},"201":{"start":{"line":202,"column":0},"end":{"line":202,"column":46}},"202":{"start":{"line":203,"column":0},"end":{"line":203,"column":14}},"204":{"start":{"line":205,"column":0},"end":{"line":205,"column":19}},"205":{"start":{"line":206,"column":0},"end":{"line":206,"column":44}},"206":{"start":{"line":207,"column":0},"end":{"line":207,"column":54}},"207":{"start":{"line":208,"column":0},"end":{"line":208,"column":67}},"208":{"start":{"line":209,"column":0},"end":{"line":209,"column":38}},"209":{"start":{"line":210,"column":0},"end":{"line":210,"column":49}},"210":{"start":{"line":211,"column":0},"end":{"line":211,"column":12}},"211":{"start":{"line":212,"column":0},"end":{"line":212,"column":61}},"212":{"start":{"line":213,"column":0},"end":{"line":213,"column":18}},"213":{"start":{"line":214,"column":0},"end":{"line":214,"column":99}},"214":{"start":{"line":215,"column":0},"end":{"line":215,"column":54}},"215":{"start":{"line":216,"column":0},"end":{"line":216,"column":27}},"216":{"start":{"line":217,"column":0},"end":{"line":217,"column":65}},"217":{"start":{"line":218,"column":0},"end":{"line":218,"column":40}},"218":{"start":{"line":219,"column":0},"end":{"line":219,"column":30}},"219":{"start":{"line":220,"column":0},"end":{"line":220,"column":48}},"220":{"start":{"line":221,"column":0},"end":{"line":221,"column":14}},"222":{"start":{"line":223,"column":0},"end":{"line":223,"column":19}},"223":{"start":{"line":224,"column":0},"end":{"line":224,"column":40}},"224":{"start":{"line":225,"column":0},"end":{"line":225,"column":50}},"225":{"start":{"line":226,"column":0},"end":{"line":226,"column":63}},"226":{"start":{"line":227,"column":0},"end":{"line":227,"column":38}},"227":{"start":{"line":228,"column":0},"end":{"line":228,"column":45}},"228":{"start":{"line":229,"column":0},"end":{"line":229,"column":12}},"229":{"start":{"line":230,"column":0},"end":{"line":230,"column":57}},"230":{"start":{"line":231,"column":0},"end":{"line":231,"column":18}},"231":{"start":{"line":232,"column":0},"end":{"line":232,"column":95}},"232":{"start":{"line":233,"column":0},"end":{"line":233,"column":50}},"233":{"start":{"line":234,"column":0},"end":{"line":234,"column":27}},"234":{"start":{"line":235,"column":0},"end":{"line":235,"column":61}},"235":{"start":{"line":236,"column":0},"end":{"line":236,"column":40}},"236":{"start":{"line":237,"column":0},"end":{"line":237,"column":30}},"237":{"start":{"line":238,"column":0},"end":{"line":238,"column":44}},"238":{"start":{"line":239,"column":0},"end":{"line":239,"column":14}},"240":{"start":{"line":241,"column":0},"end":{"line":241,"column":19}},"241":{"start":{"line":242,"column":0},"end":{"line":242,"column":45}},"242":{"start":{"line":243,"column":0},"end":{"line":243,"column":55}},"243":{"start":{"line":244,"column":0},"end":{"line":244,"column":68}},"244":{"start":{"line":245,"column":0},"end":{"line":245,"column":38}},"245":{"start":{"line":246,"column":0},"end":{"line":246,"column":50}},"246":{"start":{"line":247,"column":0},"end":{"line":247,"column":12}},"247":{"start":{"line":248,"column":0},"end":{"line":248,"column":62}},"248":{"start":{"line":249,"column":0},"end":{"line":249,"column":18}},"249":{"start":{"line":250,"column":0},"end":{"line":250,"column":100}},"250":{"start":{"line":251,"column":0},"end":{"line":251,"column":55}},"251":{"start":{"line":252,"column":0},"end":{"line":252,"column":27}},"252":{"start":{"line":253,"column":0},"end":{"line":253,"column":66}},"253":{"start":{"line":254,"column":0},"end":{"line":254,"column":40}},"254":{"start":{"line":255,"column":0},"end":{"line":255,"column":30}},"255":{"start":{"line":256,"column":0},"end":{"line":256,"column":49}},"256":{"start":{"line":257,"column":0},"end":{"line":257,"column":14}},"258":{"start":{"line":259,"column":0},"end":{"line":259,"column":19}},"259":{"start":{"line":260,"column":0},"end":{"line":260,"column":44}},"260":{"start":{"line":261,"column":0},"end":{"line":261,"column":54}},"261":{"start":{"line":262,"column":0},"end":{"line":262,"column":67}},"262":{"start":{"line":263,"column":0},"end":{"line":263,"column":38}},"263":{"start":{"line":264,"column":0},"end":{"line":264,"column":49}},"264":{"start":{"line":265,"column":0},"end":{"line":265,"column":12}},"265":{"start":{"line":266,"column":0},"end":{"line":266,"column":61}},"266":{"start":{"line":267,"column":0},"end":{"line":267,"column":18}},"267":{"start":{"line":268,"column":0},"end":{"line":268,"column":99}},"268":{"start":{"line":269,"column":0},"end":{"line":269,"column":54}},"269":{"start":{"line":270,"column":0},"end":{"line":270,"column":27}},"270":{"start":{"line":271,"column":0},"end":{"line":271,"column":65}},"271":{"start":{"line":272,"column":0},"end":{"line":272,"column":40}},"272":{"start":{"line":273,"column":0},"end":{"line":273,"column":30}},"273":{"start":{"line":274,"column":0},"end":{"line":274,"column":48}},"274":{"start":{"line":275,"column":0},"end":{"line":275,"column":14}},"276":{"start":{"line":277,"column":0},"end":{"line":277,"column":19}},"277":{"start":{"line":278,"column":0},"end":{"line":278,"column":12}},"280":{"start":{"line":281,"column":0},"end":{"line":281,"column":56}},"281":{"start":{"line":282,"column":0},"end":{"line":282,"column":92}},"282":{"start":{"line":283,"column":0},"end":{"line":283,"column":73}},"283":{"start":{"line":284,"column":0},"end":{"line":284,"column":106}},"284":{"start":{"line":285,"column":0},"end":{"line":285,"column":16}},"285":{"start":{"line":286,"column":0},"end":{"line":286,"column":42}},"286":{"start":{"line":287,"column":0},"end":{"line":287,"column":37}},"287":{"start":{"line":288,"column":0},"end":{"line":288,"column":25}},"288":{"start":{"line":289,"column":0},"end":{"line":289,"column":48}},"289":{"start":{"line":290,"column":0},"end":{"line":290,"column":38}},"290":{"start":{"line":291,"column":0},"end":{"line":291,"column":12}},"291":{"start":{"line":292,"column":0},"end":{"line":292,"column":17}},"292":{"start":{"line":293,"column":0},"end":{"line":293,"column":38}},"293":{"start":{"line":294,"column":0},"end":{"line":294,"column":34}},"294":{"start":{"line":295,"column":0},"end":{"line":295,"column":36}},"295":{"start":{"line":296,"column":0},"end":{"line":296,"column":45}},"296":{"start":{"line":297,"column":0},"end":{"line":297,"column":38}},"297":{"start":{"line":298,"column":0},"end":{"line":298,"column":22}},"298":{"start":{"line":299,"column":0},"end":{"line":299,"column":67}},"299":{"start":{"line":300,"column":0},"end":{"line":300,"column":67}},"300":{"start":{"line":301,"column":0},"end":{"line":301,"column":74}},"301":{"start":{"line":302,"column":0},"end":{"line":302,"column":59}},"302":{"start":{"line":303,"column":0},"end":{"line":303,"column":14}},"303":{"start":{"line":304,"column":0},"end":{"line":304,"column":12}},"304":{"start":{"line":305,"column":0},"end":{"line":305,"column":60}},"305":{"start":{"line":306,"column":0},"end":{"line":306,"column":18}},"306":{"start":{"line":307,"column":0},"end":{"line":307,"column":56}},"307":{"start":{"line":308,"column":0},"end":{"line":308,"column":56}},"308":{"start":{"line":309,"column":0},"end":{"line":309,"column":58}},"309":{"start":{"line":310,"column":0},"end":{"line":310,"column":27}},"310":{"start":{"line":311,"column":0},"end":{"line":311,"column":67}},"311":{"start":{"line":312,"column":0},"end":{"line":312,"column":40}},"312":{"start":{"line":313,"column":0},"end":{"line":313,"column":35}},"313":{"start":{"line":314,"column":0},"end":{"line":314,"column":14}},"315":{"start":{"line":316,"column":0},"end":{"line":316,"column":19}},"316":{"start":{"line":317,"column":0},"end":{"line":317,"column":42}},"317":{"start":{"line":318,"column":0},"end":{"line":318,"column":33}},"318":{"start":{"line":319,"column":0},"end":{"line":319,"column":46}},"319":{"start":{"line":320,"column":0},"end":{"line":320,"column":38}},"320":{"start":{"line":321,"column":0},"end":{"line":321,"column":12}},"321":{"start":{"line":322,"column":0},"end":{"line":322,"column":19}},"323":{"start":{"line":324,"column":0},"end":{"line":324,"column":73}},"324":{"start":{"line":325,"column":0},"end":{"line":325,"column":100}},"325":{"start":{"line":326,"column":0},"end":{"line":326,"column":106}},"326":{"start":{"line":327,"column":0},"end":{"line":327,"column":43}},"327":{"start":{"line":328,"column":0},"end":{"line":328,"column":21}},"328":{"start":{"line":329,"column":0},"end":{"line":329,"column":32}},"329":{"start":{"line":330,"column":0},"end":{"line":330,"column":34}},"330":{"start":{"line":331,"column":0},"end":{"line":331,"column":31}},"331":{"start":{"line":332,"column":0},"end":{"line":332,"column":37}},"332":{"start":{"line":333,"column":0},"end":{"line":333,"column":34}},"333":{"start":{"line":334,"column":0},"end":{"line":334,"column":71}},"334":{"start":{"line":335,"column":0},"end":{"line":335,"column":40}},"335":{"start":{"line":336,"column":0},"end":{"line":336,"column":14}},"336":{"start":{"line":337,"column":0},"end":{"line":337,"column":13}},"337":{"start":{"line":338,"column":0},"end":{"line":338,"column":19}},"338":{"start":{"line":339,"column":0},"end":{"line":339,"column":12}},"340":{"start":{"line":341,"column":0},"end":{"line":341,"column":62}},"341":{"start":{"line":342,"column":0},"end":{"line":342,"column":15}},"342":{"start":{"line":343,"column":0},"end":{"line":343,"column":35}},"343":{"start":{"line":344,"column":0},"end":{"line":344,"column":28}},"344":{"start":{"line":345,"column":0},"end":{"line":345,"column":241}},"346":{"start":{"line":347,"column":0},"end":{"line":347,"column":67}},"347":{"start":{"line":348,"column":0},"end":{"line":348,"column":17}},"348":{"start":{"line":349,"column":0},"end":{"line":349,"column":12}},"349":{"start":{"line":350,"column":0},"end":{"line":350,"column":10}},"351":{"start":{"line":352,"column":0},"end":{"line":352,"column":2}},"353":{"start":{"line":354,"column":0},"end":{"line":354,"column":30}}},"s":{"0":1,"1":1,"2":1,"3":1,"4":1,"6":1,"7":121,"9":121,"10":121,"11":121,"12":121,"14":121,"15":121,"16":121,"17":121,"18":121,"19":121,"21":121,"22":121,"23":121,"24":121,"25":121,"26":121,"27":121,"29":121,"30":121,"32":121,"33":121,"34":121,"35":121,"36":121,"37":121,"38":121,"39":121,"40":121,"41":121,"42":121,"43":121,"44":121,"45":121,"46":121,"47":121,"48":121,"49":121,"50":121,"51":121,"52":121,"53":121,"54":121,"55":121,"56":121,"57":121,"58":121,"59":121,"60":121,"63":121,"64":121,"65":121,"66":121,"67":121,"68":121,"69":121,"70":121,"71":121,"72":121,"73":121,"74":121,"75":121,"76":121,"77":121,"78":121,"79":121,"80":121,"81":121,"82":121,"83":121,"84":121,"85":121,"86":121,"87":121,"88":121,"89":121,"90":121,"91":121,"92":121,"93":121,"94":121,"95":121,"96":121,"97":121,"98":121,"99":121,"100":121,"101":121,"102":121,"103":121,"104":121,"105":121,"106":121,"107":121,"108":121,"109":121,"110":121,"111":121,"112":121,"113":121,"114":121,"115":121,"116":121,"117":121,"118":121,"119":121,"120":121,"121":121,"122":121,"123":121,"124":121,"125":121,"126":121,"127":121,"128":121,"129":121,"130":121,"131":121,"132":121,"133":121,"134":121,"135":121,"136":121,"137":121,"138":121,"139":121,"140":121,"141":121,"142":121,"143":121,"144":121,"145":121,"146":121,"147":121,"149":121,"150":121,"151":121,"152":121,"153":121,"154":121,"155":121,"156":121,"157":121,"158":3,"159":3,"160":3,"161":3,"162":3,"163":3,"164":3,"165":3,"166":3,"168":121,"169":121,"170":121,"171":121,"172":121,"173":121,"174":121,"175":121,"176":3,"177":3,"178":3,"179":3,"180":3,"181":3,"182":3,"183":3,"184":3,"186":121,"187":121,"188":121,"189":121,"190":121,"191":121,"192":121,"193":121,"194":6,"195":6,"196":6,"197":6,"198":6,"199":6,"200":6,"201":6,"202":6,"204":121,"205":121,"206":121,"207":121,"208":121,"209":121,"210":121,"211":121,"212":3,"213":3,"214":3,"215":3,"216":3,"217":3,"218":3,"219":3,"220":3,"222":121,"223":121,"224":121,"225":121,"226":121,"227":121,"228":121,"229":121,"230":3,"231":3,"232":3,"233":3,"234":3,"235":3,"236":3,"237":3,"238":3,"240":121,"241":121,"242":121,"243":121,"244":121,"245":121,"246":121,"247":121,"248":3,"249":3,"250":3,"251":3,"252":3,"253":3,"254":3,"255":3,"256":3,"258":121,"259":121,"260":121,"261":121,"262":121,"263":121,"264":121,"265":121,"266":3,"267":3,"268":3,"269":3,"270":3,"271":3,"272":3,"273":3,"274":3,"276":121,"277":121,"280":121,"281":121,"282":121,"283":121,"284":121,"285":121,"286":121,"287":121,"288":121,"289":121,"290":121,"291":121,"292":121,"293":121,"294":121,"295":121,"296":121,"297":121,"298":121,"299":121,"300":121,"301":121,"302":121,"303":121,"304":121,"305":8,"306":8,"307":8,"308":8,"309":8,"310":8,"311":8,"312":8,"313":8,"315":121,"316":121,"317":121,"318":121,"319":121,"320":121,"321":121,"323":121,"324":121,"325":121,"326":121,"327":605,"328":605,"329":605,"330":605,"331":605,"332":605,"333":605,"334":605,"335":605,"336":121,"337":121,"338":121,"340":121,"341":121,"342":121,"343":121,"344":121,"346":121,"347":121,"348":121,"349":121,"351":121,"353":1},"branchMap":{"0":{"type":"branch","line":7,"loc":{"start":{"line":7,"column":23},"end":{"line":352,"column":2}},"locations":[{"start":{"line":7,"column":23},"end":{"line":352,"column":2}}]},"1":{"type":"branch","line":158,"loc":{"start":{"line":158,"column":52},"end":{"line":167,"column":14}},"locations":[{"start":{"line":158,"column":52},"end":{"line":167,"column":14}}]},"2":{"type":"branch","line":176,"loc":{"start":{"line":176,"column":48},"end":{"line":185,"column":14}},"locations":[{"start":{"line":176,"column":48},"end":{"line":185,"column":14}}]},"3":{"type":"branch","line":194,"loc":{"start":{"line":194,"column":47},"end":{"line":203,"column":14}},"locations":[{"start":{"line":194,"column":47},"end":{"line":203,"column":14}}]},"4":{"type":"branch","line":212,"loc":{"start":{"line":212,"column":49},"end":{"line":221,"column":14}},"locations":[{"start":{"line":212,"column":49},"end":{"line":221,"column":14}}]},"5":{"type":"branch","line":230,"loc":{"start":{"line":230,"column":45},"end":{"line":239,"column":14}},"locations":[{"start":{"line":230,"column":45},"end":{"line":239,"column":14}}]},"6":{"type":"branch","line":248,"loc":{"start":{"line":248,"column":50},"end":{"line":257,"column":14}},"locations":[{"start":{"line":248,"column":50},"end":{"line":257,"column":14}}]},"7":{"type":"branch","line":266,"loc":{"start":{"line":266,"column":49},"end":{"line":275,"column":14}},"locations":[{"start":{"line":266,"column":49},"end":{"line":275,"column":14}}]},"8":{"type":"branch","line":305,"loc":{"start":{"line":305,"column":41},"end":{"line":314,"column":14}},"locations":[{"start":{"line":305,"column":41},"end":{"line":314,"column":14}}]},"9":{"type":"branch","line":347,"loc":{"start":{"line":347,"column":11},"end":{"line":347,"column":40}},"locations":[{"start":{"line":347,"column":11},"end":{"line":347,"column":40}}]},"10":{"type":"branch","line":347,"loc":{"start":{"line":347,"column":21},"end":{"line":347,"column":67}},"locations":[{"start":{"line":347,"column":21},"end":{"line":347,"column":67}}]},"11":{"type":"branch","line":327,"loc":{"start":{"line":327,"column":30},"end":{"line":336,"column":14}},"locations":[{"start":{"line":327,"column":30},"end":{"line":336,"column":14}}]}},"b":{"0":[121],"1":[3],"2":[3],"3":[6],"4":[3],"5":[3],"6":[3],"7":[3],"8":[8],"9":[20],"10":[101],"11":[605]},"fnMap":{"0":{"name":"CalculatorForm","decl":{"start":{"line":7,"column":23},"end":{"line":352,"column":2}},"loc":{"start":{"line":7,"column":23},"end":{"line":352,"column":2}},"line":7}},"f":{"0":121}}
,"/home/artur/PycharmProjects/b2v_UoP_kalkulator/src/dashboard/src/components/Checkbox.jsx": {"path":"/home/artur/PycharmProjects/b2v_UoP_kalkulator/src/dashboard/src/components/Checkbox.jsx","all":false,"statementMap":{"0":{"start":{"line":1,"column":0},"end":{"line":1,"column":26}},"2":{"start":{"line":3,"column":0},"end":{"line":3,"column":66}},"3":{"start":{"line":4,"column":0},"end":{"line":4,"column":10}},"4":{"start":{"line":5,"column":0},"end":{"line":5,"column":44}},"5":{"start":{"line":6,"column":0},"end":{"line":6,"column":12}},"6":{"start":{"line":7,"column":0},"end":{"line":7,"column":23}},"7":{"start":{"line":8,"column":0},"end":{"line":8,"column":15}},"8":{"start":{"line":9,"column":0},"end":{"line":9,"column":17}},"9":{"start":{"line":10,"column":0},"end":{"line":10,"column":27}},"10":{"start":{"line":11,"column":0},"end":{"line":11,"column":27}},"11":{"start":{"line":12,"column":0},"end":{"line":12,"column":112}},"12":{"start":{"line":13,"column":0},"end":{"line":13,"column":18}},"13":{"start":{"line":14,"column":0},"end":{"line":14,"column":8}},"14":{"start":{"line":15,"column":0},"end":{"line":15,"column":60}},"15":{"start":{"line":16,"column":0},"end":{"line":16,"column":15}},"16":{"start":{"line":17,"column":0},"end":{"line":17,"column":14}},"17":{"start":{"line":18,"column":0},"end":{"line":18,"column":10}},"19":{"start":{"line":20,"column":0},"end":{"line":20,"column":2}},"21":{"start":{"line":22,"column":0},"end":{"line":22,"column":24}}},"s":{"0":1,"2":1,"3":1488,"4":1488,"5":1488,"6":1488,"7":1488,"8":1488,"9":1488,"10":1488,"11":1488,"12":1488,"13":1488,"14":1488,"15":1488,"16":1488,"17":1488,"19":1488,"21":1},"branchMap":{"0":{"type":"branch","line":3,"loc":{"start":{"line":3,"column":17},"end":{"line":20,"column":2}},"locations":[{"start":{"line":3,"column":17},"end":{"line":20,"column":2}}]}},"b":{"0":[1488]},"fnMap":{"0":{"name":"Checkbox","decl":{"start":{"line":3,"column":17},"end":{"line":20,"column":2}},"loc":{"start":{"line":3,"column":17},"end":{"line":20,"column":2}},"line":3}},"f":{"0":1488}}
,"/home/artur/PycharmProjects/b2v_UoP_kalkulator/src/dashboard/src/components/ComparisonChart.jsx": {"path":"/home/artur/PycharmProjects/b2v_UoP_kalkulator/src/dashboard/src/components/ComparisonChart.jsx","all":false,"statementMap":{"0":{"start":{"line":1,"column":0},"end":{"line":1,"column":26}},"1":{"start":{"line":2,"column":0},"end":{"line":2,"column":43}},"11":{"start":{"line":12,"column":0},"end":{"line":12,"column":18}},"12":{"start":{"line":13,"column":0},"end":{"line":13,"column":47}},"14":{"start":{"line":15,"column":0},"end":{"line":15,"column":17}},"15":{"start":{"line":16,"column":0},"end":{"line":16,"column":16}},"16":{"start":{"line":17,"column":0},"end":{"line":17,"column":14}},"17":{"start":{"line":18,"column":0},"end":{"line":18,"column":13}},"18":{"start":{"line":19,"column":0},"end":{"line":19,"column":8}},"19":{"start":{"line":20,"column":0},"end":{"line":20,"column":10}},"20":{"start":{"line":21,"column":0},"end":{"line":21,"column":9}},"21":{"start":{"line":22,"column":0},"end":{"line":22,"column":12}},"22":{"start":{"line":23,"column":0},"end":{"line":23,"column":2}},"24":{"start":{"line":25,"column":0},"end":{"line":25,"column":42}},"25":{"start":{"line":26,"column":0},"end":{"line":26,"column":33}},"27":{"start":{"line":28,"column":0},"end":{"line":28,"column":28}},"29":{"start":{"line":30,"column":0},"end":{"line":30,"column":47}},"32":{"start":{"line":33,"column":0},"end":{"line":33,"column":24}},"33":{"start":{"line":34,"column":0},"end":{"line":34,"column":49}},"34":{"start":{"line":35,"column":0},"end":{"line":35,"column":15}},"35":{"start":{"line":36,"column":0},"end":{"line":36,"column":7}},"36":{"start":{"line":37,"column":0},"end":{"line":37,"column":35}},"37":{"start":{"line":38,"column":0},"end":{"line":38,"column":53}},"38":{"start":{"line":39,"column":0},"end":{"line":39,"column":48}},"39":{"start":{"line":40,"column":0},"end":{"line":40,"column":8}},"40":{"start":{"line":41,"column":0},"end":{"line":41,"column":7}},"41":{"start":{"line":42,"column":0},"end":{"line":42,"column":35}},"42":{"start":{"line":43,"column":0},"end":{"line":43,"column":53}},"43":{"start":{"line":44,"column":0},"end":{"line":44,"column":46}},"44":{"start":{"line":45,"column
[...]
:{"start":{"line":36,"column":0},"end":{"line":36,"column":53}},"36":{"start":{"line":37,"column":0},"end":{"line":37,"column":37}},"37":{"start":{"line":38,"column":0},"end":{"line":38,"column":34}},"39":{"start":{"line":40,"column":0},"end":{"line":40,"column":46}},"40":{"start":{"line":41,"column":0},"end":{"line":41,"column":57}},"41":{"start":{"line":42,"column":0},"end":{"line":42,"column":33}},"43":{"start":{"line":44,"column":0},"end":{"line":44,"column":98}},"44":{"start":{"line":45,"column":0},"end":{"line":45,"column":58}},"45":{"start":{"line":46,"column":0},"end":{"line":46,"column":59}},"46":{"start":{"line":47,"column":0},"end":{"line":47,"column":35}},"48":{"start":{"line":49,"column":0},"end":{"line":49,"column":60}},"49":{"start":{"line":50,"column":0},"end":{"line":50,"column":68}},"50":{"start":{"line":51,"column":0},"end":{"line":51,"column":44}},"52":{"start":{"line":53,"column":0},"end":{"line":53,"column":61}},"53":{"start":{"line":54,"column":0},"end":{"line":54,"column":44}},"54":{"start":{"line":55,"column":0},"end":{"line":55,"column":59}},"55":{"start":{"line":56,"column":0},"end":{"line":56,"column":35}},"57":{"start":{"line":58,"column":0},"end":{"line":58,"column":53}},"58":{"start":{"line":59,"column":0},"end":{"line":59,"column":67}},"59":{"start":{"line":60,"column":0},"end":{"line":60,"column":43}},"61":{"start":{"line":62,"column":0},"end":{"line":62,"column":51}},"62":{"start":{"line":63,"column":0},"end":{"line":63,"column":39}},"64":{"start":{"line":65,"column":0},"end":{"line":65,"column":23}},"65":{"start":{"line":66,"column":0},"end":{"line":66,"column":19}},"66":{"start":{"line":67,"column":0},"end":{"line":67,"column":54}},"67":{"start":{"line":68,"column":0},"end":{"line":68,"column":39}},"68":{"start":{"line":69,"column":0},"end":{"line":69,"column":36}},"69":{"start":{"line":70,"column":0},"end":{"line":70,"column":38}},"70":{"start":{"line":71,"column":0},"end":{"line":71,"column":34}},"71":{"start":{"line":72,"column":0},"end":{"line":72,"column":31}},"72":{"start":{"line":73,"column":0},"end":{"line":73,"column":31}},"73":{"start":{"line":74,"column":0},"end":{"line":74,"column":22}},"75":{"start":{"line":76,"column":0},"end":{"line":76,"column":53}},"76":{"start":{"line":77,"column":0},"end":{"line":77,"column":35}},"77":{"start":{"line":78,"column":0},"end":{"line":78,"column":32}},"79":{"start":{"line":80,"column":0},"end":{"line":80,"column":98}},"80":{"start":{"line":81,"column":0},"end":{"line":81,"column":58}},"81":{"start":{"line":82,"column":0},"end":{"line":82,"column":59}},"82":{"start":{"line":83,"column":0},"end":{"line":83,"column":35}},"84":{"start":{"line":85,"column":0},"end":{"line":85,"column":60}},"85":{"start":{"line":86,"column":0},"end":{"line":86,"column":68}},"86":{"start":{"line":87,"column":0},"end":{"line":87,"column":44}},"88":{"start":{"line":89,"column":0},"end":{"line":89,"column":61}},"89":{"start":{"line":90,"column":0},"end":{"line":90,"column":44}},"90":{"start":{"line":91,"column":0},"end":{"line":91,"column":59}},"91":{"start":{"line":92,"column":0},"end":{"line":92,"column":35}},"93":{"start":{"line":94,"column":0},"end":{"line":94,"column":51}},"94":{"start":{"line":95,"column":0},"end":{"line":95,"column":39}},"95":{"start":{"line":96,"column":0},"end":{"line":96,"column":9}},"97":{"start":{"line":98,"column":0},"end":{"line":98,"column":16}},"98":{"start":{"line":99,"column":0},"end":{"line":99,"column":19}},"99":{"start":{"line":100,"column":0},"end":{"line":100,"column":24}},"100":{"start":{"line":101,"column":0},"end":{"line":101,"column":60}},"101":{"start":{"line":102,"column":0},"end":{"line":102,"column":27}},"102":{"start":{"line":103,"column":0},"end":{"line":103,"column":47}},"103":{"start":{"line":104,"column":0},"end":{"line":104,"column":74}},"104":{"start":{"line":105,"column":0},"end":{"line":105,"column":91}},"105":{"start":{"line":106,"column":0},"end":{"line":106,"column":103}},"106":{"start":{"line":107,"column":0},"end":{"line":107,"column":66}},"107":{"start":{"line":108,"column":0},"end":{"line":108,"column":18}},"108":{"start":{"line":109,"column":0},"end":{"line":109,"column":47}},"109":{"start":{"line":110,"column":0},"end":{"line":110,"column":31}},"110":{"start":{"line":111,"column":0},"end":{"line":111,"column":14}},"111":{"start":{"line":112,"column":0},"end":{"line":112,"column":10}},"112":{"start":{"line":113,"column":0},"end":{"line":113,"column":6}},"114":{"start":{"line":115,"column":0},"end":{"line":115,"column":91}},"116":{"start":{"line":117,"column":0},"end":{"line":117,"column":21}},"117":{"start":{"line":118,"column":0},"end":{"line":118,"column":25}},"118":{"start":{"line":119,"column":0},"end":{"line":119,"column":18}},"119":{"start":{"line":120,"column":0},"end":{"line":120,"column":21}},"120":{"start":{"line":121,"column":0},"end":{"line":121,"column":31}},"121":{"start":{"line":122,"column":0},"end":{"line":122,"column":14}},"122":{"start":{"line":123,"column":0},"end":{"line":123,"column":20}},"123":{"start":{"line":124,"column":0},"end":{"line":124,"column":30}},"124":{"start":{"line":125,"column":0},"end":{"line":125,"column":59}},"125":{"start":{"line":126,"column":0},"end":{"line":126,"column":14}},"126":{"start":{"line":127,"column":0},"end":{"line":127,"column":10}},"127":{"start":{"line":128,"column":0},"end":{"line":128,"column":17}},"128":{"start":{"line":129,"column":0},"end":{"line":129,"column":16}},"129":{"start":{"line":130,"column":0},"end":{"line":130,"column":34}},"130":{"start":{"line":131,"column":0},"end":{"line":131,"column":24}},"131":{"start":{"line":132,"column":0},"end":{"line":132,"column":34}},"132":{"start":{"line":133,"column":0},"end":{"line":133,"column":44}},"133":{"start":{"line":134,"column":0},"end":{"line":134,"column":18}},"134":{"start":{"line":135,"column":0},"end":{"line":135,"column":14}},"135":{"start":{"line":136,"column":0},"end":{"line":136,"column":10}},"136":{"start":{"line":137,"column":0},"end":{"line":137,"column":6}},"138":{"start":{"line":139,"column":0},"end":{"line":139,"column":12}},"139":{"start":{"line":140,"column":0},"end":{"line":140,"column":64}},"140":{"start":{"line":141,"column":0},"end":{"line":141,"column":54}},"141":{"start":{"line":142,"column":0},"end":{"line":142,"column":23}},"142":{"start":{"line":143,"column":0},"end":{"line":143,"column":58}},"143":{"start":{"line":144,"column":0},"end":{"line":144,"column":125}},"145":{"start":{"line":146,"column":0},"end":{"line":146,"column":30}},"146":{"start":{"line":147,"column":0},"end":{"line":147,"column":25}},"147":{"start":{"line":148,"column":0},"end":{"line":148,"column":23}},"148":{"start":{"line":149,"column":0},"end":{"line":149,"column":58}},"149":{"start":{"line":150,"column":0},"end":{"line":150,"column":125}},"151":{"start":{"line":152,"column":0},"end":{"line":152,"column":30}},"152":{"start":{"line":153,"column":0},"end":{"line":153,"column":25}},"153":{"start":{"line":154,"column":0},"end":{"line":154,"column":18}},"154":{"start":{"line":155,"column":0},"end":{"line":155,"column":54}},"155":{"start":{"line":156,"column":0},"end":{"line":156,"column":14}},"157":{"start":{"line":158,"column":0},"end":{"line":158,"column":2}},"159":{"start":{"line":160,"column":0},"end":{"line":160,"column":30}}},"s":{"0":1,"1":1,"2":1,"3":1,"5":1,"7":1,"8":10,"9":10,"11":10,"12":1,"13":1,"15":9,"16":9,"18":1,"19":1,"20":1,"22":1,"23":1,"24":1,"25":1,"26":1,"27":1,"28":1,"29":1,"30":1,"31":1,"32":1,"33":1,"35":1,"36":1,"37":1,"39":1,"40":1,"41":1,"43":1,"44":1,"45":1,"46":1,"48":1,"49":1,"50":1,"52":1,"53":1,"54":1,"55":1,"57":1,"58":1,"59":1,"61":1,"62":1,"64":1,"65":0,"66":0,"67":0,"68":0,"69":0,"70":0,"71":0,"72":0,"73":0,"75":0,"76":0,"77":0,"79":0,"80":0,"81":0,"82":0,"84":0,"85":0,"86":0,"88":0,"89":0,"90":0,"91":0,"93":0,"94":0,"95":0,"97":1,"98":1,"99":1,"100":1,"101":1,"102":1,"103":0,"104":0,"105":0,"106":0,"107":0,"108":1,"109":1,"110":1,"111":1,"112":9,"114":10,"116":10,"117":10,"118":10,"119":10,"120":10,"121":10,"122":10,"123":10,"124":10,"125":10,"126":10,"127":10,"128":10,"129":10,"130":10,"131":10,"132":10,"133":10,"134":10,"135":10,"136":10,"138":10,"139":10,"140":10,"141":10,"142":10,"143":10,"145":10,"146":10,"147":10,"148":10,"149":10,"151":10,"152":10,"153":10,"154":10,"155":10,"157":10,"159":1},"branchMap":{"0":{"type":"branch","line":8,"loc":{"start":{"line":8,"column":23},"end":{"line":158,"column":2}},"locations":[{"start":{"line":8,"column":23},"end":{"line":158,"column":2}}]},"1":{"type":"branch","line":12,"loc":{"start":{"line":12,"column":18},"end":{"line":115,"column":77}},"locations":[{"start":{"line":12,"column":18},"end":{"line":115,"column":77}}]},"2":{"type":"branch","line":12,"loc":{"start":{"line":12,"column":18},"end":{"line":14,"column":5}},"locations":[{"start":{"line":12,"column":18},"end":{"line":14,"column":5}}]},"3":{"type":"branch","line":144,"loc":{"start":{"line":144,"column":74},"end":{"line":144,"column":109}},"locations":[{"start":{"line":144,"column":74},"end":{"line":144,"column":109}}]},"4":{"type":"branch","line":144,"loc":{"start":{"line":144,"column":82},"end":{"line":144,"column":122}},"locations":[{"start":{"line":144,"column":82},"end":{"line":144,"column":122}}]},"5":{"type":"branch","line":150,"loc":{"start":{"line":150,"column":74},"end":{"line":150,"column":109}},"locations":[{"start":{"line":150,"column":74},"end":{"line":150,"column":109}}]},"6":{"type":"branch","line":150,"loc":{"start":{"line":150,"column":82},"end":{"line":150,"column":122}},"locations":[{"start":{"line":150,"column":82},"end":{"line":150,"column":122}}]},"7":{"type":"branch","line":16,"loc":{"start":{"line":16,"column":24},"end":{"line":113,"column":6}},"locations":[{"start":{"line":16,"column":24},"end":{"line":113,"column":6}}]},"8":{"type":"branch","line":17,"loc":{"start":{"line":17,"column":20},"end":{"line":17,"column":56}},"locations":[{"start":{"line":17,"column":20},"end":{"line":17,"column":56}}]},"9":{"type":"branch","line":17,"loc":{"start":{"line":17,"column":54},"end":{"line":112,"column":10}},"locations":[{"start":{"line":17,"column":54},"end":{"line":112,"column":10}}]},"10":{"type":"branch","line":65,"loc":{"start":{"line":65,"column":8},"end":{"line":96,"column":9}},"locations":[{"start":{"line":65,"column":8},"end":{"line":96,"column":9}}]}},"b":{"0":[10],"1":[9],"2":[1],"3":[9],"4":[0],"5":[0],"6":[9],"7":[9],"8":[8],"9":[1],"10":[0]},"fnMap":{"0":{"name":"WaterfallChart","decl":{"start":{"line":8,"column":23},"end":{"line":158,"column":2}},"loc":{"start":{"line":8,"column":23},"end":{"line":158,"column":2}},"line":8},"1":{"name":"processData","decl":{"start":{"line":16,"column":24},"end":{"line":113,"column":6}},"loc":{"start":{"line":16,"column":24},"end":{"line":113,"column":6}},"line":16},"2":{"name":"backgroundColor","decl":{"start":{"line":103,"column":33},"end":{"line":108,"column":18}},"loc":{"start":{"line":103,"column":33},"end":{"line":108,"column":18}},"line":103},"3":{"name":"onClick","decl":{"start":{"line":143,"column":29},"end":{"line":143,"column":58}},"loc":{"start":{"line":143,"column":29},"end":{"line":143,"column":58}},"line":143},"4":{"name":"onClick","decl":{"start":{"line":149,"column":29},"end":{"line":149,"column":58}},"loc":{"start":{"line":149,"column":29},"end":{"line":149,"column":58}},"line":149}},"f":{"0":10,"1":9,"2":0,"3":0,"4":0}}
,"/home/artur/PycharmProjects/b2v_UoP_kalkulator/src/dashboard/src/services/api.js": {"path":"/home/artur/PycharmProjects/b2v_UoP_kalkulator/src/dashboard/src/services/api.js","all":false,"statementMap":{"0":{"start":{"line":1,"column":0},"end":{"line":1,"column":49}},"2":{"start":{"line":3,"column":0},"end":{"line":3,"column":48}},"4":{"start":{"line":5,"column":0},"end":{"line":5,"column":41}},"5":{"start":{"line":6,"column":0},"end":{"line":6,"column":94}},"6":{"start":{"line":7,"column":0},"end":{"line":7,"column":14}},"7":{"start":{"line":8,"column":0},"end":{"line":8,"column":2}},"9":{"start":{"line":10,"column":0},"end":{"line":10,"column":49}},"10":{"start":{"line":11,"column":0},"end":{"line":11,"column":7}},"11":{"start":{"line":12,"column":0},"end":{"line":12,"column":73}},"12":{"start":{"line":13,"column":0},"end":{"line":13,"column":25}},"13":{"start":{"line":14,"column":0},"end":{"line":14,"column":19}},"14":{"start":{"line":15,"column":0},"end":{"line":15,"column":43}},"15":{"start":{"line":16,"column":0},"end":{"line":16,"column":3}},"16":{"start":{"line":17,"column":0},"end":{"line":17,"column":2}},"18":{"start":{"line":19,"column":0},"end":{"line":19,"column":46}},"19":{"start":{"line":20,"column":0},"end":{"line":20,"column":7}},"20":{"start":{"line":21,"column":0},"end":{"line":21,"column":77}},"21":{"start":{"line":22,"column":0},"end":{"line":22,"column":65}},"22":{"start":{"line":23,"column":0},"end":{"line":23,"column":7}},"23":{"start":{"line":24,"column":0},"end":{"line":24,"column":25}},"24":{"start":{"line":25,"column":0},"end":{"line":25,"column":19}},"25":{"start":{"line":26,"column":0},"end":{"line":26,"column":40}},"26":{"start":{"line":27,"column":0},"end":{"line":27,"column":3}},"27":{"start":{"line":28,"column":0},"end":{"line":28,"column":2}},"29":{"start":{"line":30,"column":0},"end":{"line":30,"column":44}},"30":{"start":{"line":31,"column":0},"end":{"line":31,"column":7}},"31":{"start":{"line":32,"column":0},"end":{"line":32,"column":75}},"32":{"start":{"line":33,"column":0},"end":{"line":33,"column":65}},"33":{"start":{"line":34,"column":0},"end":{"line":34,"column":7}},"34":{"start":{"line":35,"column":0},"end":{"line":35,"column":25}},"35":{"start":{"line":36,"column":0},"end":{"line":36,"column":19}},"36":{"start":{"line":37,"column":0},"end":{"line":37,"column":38}},"37":{"start":{"line":38,"column":0},"end":{"line":38,"column":3}},"38":{"start":{"line":39,"column":0},"end":{"line":39,"column":2}},"40":{"start":{"line":41,"column":0},"end":{"line":41,"column":52}},"41":{"start":{"line":42,"column":0},"end":{"line":42,"column":7}},"42":{"start":{"line":43,"column":0},"end":{"line":43,"column":84}},"43":{"start":{"line":44,"column":0},"end":{"line":44,"column":27}},"44":{"start":{"line":45,"column":0},"end":{"line":45,"column":7}},"45":{"start":{"line":46,"column":0},"end":{"line":46,"column":25}},"46":{"start":{"line":47,"column":0},"end":{"line":47,"column":19}},"47":{"start":{"line":48,"column":0},"end":{"line":48,"column":46}},"48":{"start":{"line":49,"column":0},"end":{"line":49,"column":3}},"49":{"start":{"line":50,"column":0},"end":{"line":50,"column":2}},"51":{"start":{"line":52,"column":0},"end":{"line":52,"column":59}},"52":{"start":{"line":53,"column":0},"end":{"line":53,"column":7}},"53":{"start":{"line":54,"column":0},"end":{"line":54,"column":93}},"54":{"start":{"line":55,"column":0},"end":{"line":55,"column":25}},"55":{"start":{"line":56,"column":0},"end":{"line":56,"column":19}},"56":{"start":{"line":57,"column":0},"end":{"line":57,"column":53}},"57":{"start":{"line":58,"column":0},"end":{"line":58,"column":3}},"58":{"start":{"line":59,"column":0},"end":{"line":59,"column":2}},"60":{"start":{"line":61,"column":0},"end":{"line":61,"column":61}},"61":{"start":{"line":62,"column":0},"end":{"line":62,"column":7}},"62":{"start":{"line":63,"column":0},"end":{"line":63,"column":94}},"63":{"start":{"line":64,"column":0},"end":{"line":64,"column":25}},"64":{"start":{"line":65,"column":0},"end":{"line":65,"column":19}},"65":{"start":{"line":66,"column":0},"end":{"line":66,"column":55}},"66":{"start":{"line":67,"column":0},"end":{"line":67,"column":3}},"67":{"start":{"line":68,"column":0},"end":{"line":68,"column":2}}},"s":{"0":1,"2":1,"4":1,"5":6,"6":6,"7":6,"9":1,"10":2,"11":2,"12":1,"13":1,"14":1,"15":1,"16":2,"18":1,"19":2,"20":2,"21":2,"22":2,"23":1,"24":1,"25":1,"26":1,"27":2,"29":1,"30":2,"31":2,"32":2,"33":2,"34":1,"35":1,"36":1,"37":1,"38":2,"40":1,"41":2,"42":2,"43":2,"44":2,"45":1,"46":1,"47":1,"48":1,"49":2,"51":1,"52":2,"53":2,"54":1,"55":1,"56":1,"57":1,"58":2,"60":1,"61":2,"62":2,"63":1,"64":1,"65":1,"66":1,"67":2},"branchMap":{"0":{"type":"branch","line":5,"loc":{"start":{"line":5,"column":20},"end":{"line":8,"column":2}},"locations":[{"start":{"line":5,"column":20},"end":{"line":8,"column":2}}]},"1":{"type":"branch","line":6,"loc":{"start":{"line":6,"column":55},"end":{"line":6,"column":76}},"locations":[{"start":{"line":6,"column":55},"end":{"line":6,"column":76}}]},"2":{"type":"branch","line":10,"loc":{"start":{"line":10,"column":32},"end":{"line":17,"column":2}},"locations":[{"start":{"line":10,"column":32},"end":{"line":17,"column":2}}]},"3":{"type":"branch","line":12,"loc":{"start":{"line":12,"column":72},"end":{"line":16,"column":3}},"locations":[{"start":{"line":12,"column":72},"end":{"line":16,"column":3}}]},"4":{"type":"branch","line":19,"loc":{"start":{"line":19,"column":29},"end":{"line":28,"column":2}},"locations":[{"start":{"line":19,"column":29},"end":{"line":28,"column":2}}]},"5":{"type":"branch","line":23,"loc":{"start":{"line":23,"column":6},"end":{"line":27,"column":3}},"locations":[{"start":{"line":23,"column":6},"end":{"line":27,"column":3}}]},"6":{"type":"branch","line":30,"loc":{"start":{"line":30,"column":27},"end":{"line":39,"column":2}},"locations":[{"start":{"line":30,"column":27},"end":{"line":39,"column":2}}]},"7":{"type":"branch","line":34,"loc":{"start":{"line":34,"column":6},"end":{"line":38,"column":3}},"locations":[{"start":{"line":34,"column":6},"end":{"line":38,"column":3}}]},"8":{"type":"branch","line":41,"loc":{"start":{"line":41,"column":35},"end":{"line":50,"column":2}},"locations":[{"start":{"line":41,"column":35},"end":{"line":50,"column":2}}]},"9":{"type":"branch","line":45,"loc":{"start":{"line":45,"column":6},"end":{"line":49,"column":3}},"locations":[{"start":{"line":45,"column":6},"end":{"line":49,"column":3}}]},"10":{"type":"branch","line":52,"loc":{"start":{"line":52,"column":42},"end":{"line":59,"column":2}},"locations":[{"start":{"line":52,"column":42},"end":{"line":59,"column":2}}]},"11":{"type":"branch","line":54,"loc":{"start":{"line":54,"column":92},"end":{"line":58,"column":3}},"locations":[{"start":{"line":54,"column":92},"end":{"line":58,"column":3}}]},"12":{"type":"branch","line":61,"loc":{"start":{"line":61,"column":44},"end":{"line":68,"column":2}},"locations":[{"start":{"line":61,"column":44},"end":{"line":68,"column":2}}]},"13":{"type":"branch","line":63,"loc":{"start":{"line":63,"column":93},"end":{"line":67,"column":3}},"locations":[{"start":{"line":63,"column":93},"end":{"line":67,"column":3}}]}},"b":{"0":[6],"1":[0],"2":[2],"3":[1],"4":[2],"5":[1],"6":[2],"7":[1],"8":[2],"9":[1],"10":[2],"11":[1],"12":[2],"13":[1]},"fnMap":{"0":{"name":"handleError","decl":{"start":{"line":5,"column":20},"end":{"line":8,"column":2}},"loc":{"start":{"line":5,"column":20},"end":{"line":8,"column":2}},"line":5},"1":{"name":"calculateResults","decl":{"start":{"line":10,"column":32},"end":{"line":17,"column":2}},"loc":{"start":{"line":10,"column":32},"end":{"line":17,"column":2}},"line":10},"2":{"name":"exportToExcel","decl":{"start":{"line":19,"column":29},"end":{"line":28,"column":2}},"loc":{"start":{"line":19,"column":29},"end":{"line":28,"column":2}},"line":19},"3":{"name":"exportToPdf","decl":{"start":{"line":30,"column":27},"end":{"line":39,"column":2}},"loc":{"start":{"line":30,"column":27},"end":{"line":39,"column":2}},"line":30},"4":{"name":"exportToAdvancedPdf","decl":{"start":{"line":41,"column":35},"end":{"line":50,"column":2}},"loc":{"start":{"line":41,"column":35},"end":{"line":50,"column":2}},"line":41},"5":{"name":"calculateBreakEvenAnalysis","decl":{"start":{"line":52,"column":42},"end":{"line":59,"column":2}},"loc":{"start":{"line":52,"column":42},"end":{"line":59,"column":2}},"line":52},"6":{"name":"calculateSensitivityAnalysis","decl":{"start":{"line":61,"column":44},"end":{"line":68,"column":2}},"loc":{"start":{"line":61,"column":44},"end":{"line":68,"column":2}},"line":61}},"f":{"0":6,"1":2,"2":2,"3":2,"4":2,"5":2,"6":2}}
}
